============================= test session starts =============================
platform win32 -- Python 3.13.0, pytest-8.4.2, pluggy-1.6.0 -- C:\Users\david.dashti\OneDrive - Hermes Medical Solutions AB\Documents\David - Main\Personal\Private\Code\DICOM-Fuzzer\.venv\Scripts\python.exe
cachedir: .pytest_cache
hypothesis profile 'default'
rootdir: c:\Users\david.dashti\OneDrive - Hermes Medical Solutions AB\Documents\David - Main\Personal\Private\Code\DICOM-Fuzzer
configfile: pyproject.toml
plugins: anyio-4.11.0, hypothesis-6.140.2, asyncio-1.2.0, cov-7.0.0
asyncio: mode=Mode.STRICT, debug=False, asyncio_default_fixture_loop_scope=None, asyncio_default_test_loop_scope=function
collecting ... collected 642 items

tests/test_config.py::TestMutationStrategiesConfig::test_mutation_strategies_exists PASSED [  0%]
tests/test_config.py::TestMutationStrategiesConfig::test_metadata_probability_exists PASSED [  0%]
tests/test_config.py::TestMutationStrategiesConfig::test_metadata_probability_valid_range PASSED [  0%]
tests/test_config.py::TestMutationStrategiesConfig::test_header_probability_exists PASSED [  0%]
tests/test_config.py::TestMutationStrategiesConfig::test_header_probability_valid_range PASSED [  0%]
tests/test_config.py::TestMutationStrategiesConfig::test_pixel_probability_exists PASSED [  0%]
tests/test_config.py::TestMutationStrategiesConfig::test_pixel_probability_valid_range PASSED [  1%]
tests/test_config.py::TestMutationStrategiesConfig::test_max_mutations_per_file_exists PASSED [  1%]
tests/test_config.py::TestMutationStrategiesConfig::test_max_mutations_per_file_valid_value PASSED [  1%]
tests/test_config.py::TestMutationStrategiesConfig::test_all_required_keys_present PASSED [  1%]
tests/test_config.py::TestMutationStrategiesConfig::test_configuration_values PASSED [  1%]
tests/test_config.py::TestFakeDataPoolsConfig::test_fake_data_pools_exists PASSED [  1%]
tests/test_config.py::TestFakeDataPoolsConfig::test_institutions_exists PASSED [  2%]
tests/test_config.py::TestFakeDataPoolsConfig::test_institutions_is_list PASSED [  2%]
tests/test_config.py::TestFakeDataPoolsConfig::test_institutions_not_empty PASSED [  2%]
tests/test_config.py::TestFakeDataPoolsConfig::test_institutions_contains_strings PASSED [  2%]
tests/test_config.py::TestFakeDataPoolsConfig::test_modalities_exists PASSED [  2%]
tests/test_config.py::TestFakeDataPoolsConfig::test_modalities_is_list PASSED [  2%]
tests/test_config.py::TestFakeDataPoolsConfig::test_modalities_not_empty PASSED [  2%]
tests/test_config.py::TestFakeDataPoolsConfig::test_modalities_contains_valid_strings PASSED [  3%]
tests/test_config.py::TestFakeDataPoolsConfig::test_manufacturers_exists PASSED [  3%]
tests/test_config.py::TestFakeDataPoolsConfig::test_manufacturers_is_list PASSED [  3%]
tests/test_config.py::TestFakeDataPoolsConfig::test_manufacturers_not_empty PASSED [  3%]
tests/test_config.py::TestFakeDataPoolsConfig::test_manufacturers_contains_strings PASSED [  3%]
tests/test_config.py::TestFakeDataPoolsConfig::test_all_required_pools_present PASSED [  3%]
tests/test_config.py::TestFakeDataPoolsConfig::test_configuration_values PASSED [  4%]
tests/test_config.py::TestConfigurationIntegrity::test_no_conflicting_probabilities PASSED [  4%]
tests/test_config.py::TestConfigurationIntegrity::test_probability_ordering_is_sensible PASSED [  4%]
tests/test_config.py::TestConfigurationIntegrity::test_data_pools_have_variety PASSED [  4%]
tests/test_config.py::TestConfigurationIntegrity::test_no_duplicate_values_in_pools PASSED [  4%]
tests/test_config.py::TestConfigurationIntegrity::test_configuration_is_importable PASSED [  4%]
tests/test_config.py::TestConfigurationIntegrity::test_configuration_can_be_imported_multiple_times PASSED [  4%]
tests/test_config.py::TestConfigurationUsage::test_accessing_mutation_probabilities PASSED [  5%]
tests/test_config.py::TestConfigurationUsage::test_accessing_fake_data_pools PASSED [  5%]
tests/test_config.py::TestConfigurationUsage::test_max_mutations_as_range_limit PASSED [  5%]
tests/test_config.py::TestPydanticConfiguration::test_settings_imports PASSED [  5%]
tests/test_config.py::TestPydanticConfiguration::test_settings_default_values PASSED [  5%]
tests/test_config.py::TestPydanticConfiguration::test_environment_helpers PASSED [  5%]
tests/test_config.py::TestPydanticConfiguration::test_get_settings_singleton PASSED [  6%]
tests/test_config.py::TestPydanticConfiguration::test_config_validation PASSED [  6%]
tests/test_config.py::TestPydanticConfiguration::test_path_autocreation PASSED [  6%]
tests/test_config.py::TestPydanticConfiguration::test_settings_get_summary PASSED [  6%]
tests/test_config.py::TestPydanticConfiguration::test_load_profile PASSED [  6%]
tests/test_crash_analyzer.py::TestCrashClassification::test_memory_error_classification PASSED [  6%]
tests/test_crash_analyzer.py::TestCrashClassification::test_recursion_error_classification PASSED [  7%]
tests/test_crash_analyzer.py::TestCrashClassification::test_assertion_error_classification PASSED [  7%]
tests/test_crash_analyzer.py::TestCrashClassification::test_timeout_error_classification PASSED [  7%]
tests/test_crash_analyzer.py::TestCrashClassification::test_generic_exception_classification PASSED [  7%]
tests/test_crash_analyzer.py::TestSeverityDetermination::test_memory_error_severity PASSED [  7%]
tests/test_crash_analyzer.py::TestSeverityDetermination::test_stack_overflow_severity PASSED [  7%]
tests/test_crash_analyzer.py::TestSeverityDetermination::test_assertion_failure_severity PASSED [  7%]
tests/test_crash_analyzer.py::TestSeverityDetermination::test_memory_corruption_keywords PASSED [  8%]
tests/test_crash_analyzer.py::TestSeverityDetermination::test_segfault_severity PASSED [  8%]
tests/test_crash_analyzer.py::TestCrashDeduplication::test_crash_hash_generation PASSED [  8%]
tests/test_crash_analyzer.py::TestCrashDeduplication::test_different_crashes_different_hashes PASSED [  8%]
tests/test_crash_analyzer.py::TestCrashDeduplication::test_is_unique_crash PASSED [  8%]
tests/test_crash_analyzer.py::TestCrashReportGeneration::test_analyze_exception_creates_report PASSED [  8%]
tests/test_crash_analyzer.py::TestCrashReportGeneration::test_report_contains_exception_details PASSED [  9%]
tests/test_crash_analyzer.py::TestCrashReportGeneration::test_report_timestamp PASSED [  9%]
tests/test_crash_analyzer.py::TestCrashReportPersistence::test_save_crash_report PASSED [  9%]
tests/test_crash_analyzer.py::TestCrashReportPersistence::test_crash_report_format PASSED [  9%]
tests/test_crash_analyzer.py::TestCrashRecording::test_record_crash_unique PASSED [  9%]
tests/test_crash_analyzer.py::TestCrashRecording::test_record_crash_duplicate PASSED [  9%]
tests/test_crash_analyzer.py::TestCrashRecording::test_record_multiple_unique_crashes PASSED [  9%]
tests/test_crash_analyzer.py::TestCrashSummary::test_get_crash_summary PASSED [ 10%]
tests/test_crash_analyzer.py::TestCrashSummary::test_generate_report PASSED [ 10%]
tests/test_crash_analyzer.py::TestCrashSummary::test_empty_crash_summary PASSED [ 10%]
tests/test_crash_analyzer.py::TestIntegration::test_crash_analyzer_with_fuzzer PASSED [ 10%]
tests/test_crash_analyzer.py::TestIntegration::test_crash_directory_creation PASSED [ 10%]
tests/test_dictionary_fuzzer.py::TestDictionaryFuzzerInit::test_initialization PASSED [ 10%]
tests/test_dictionary_fuzzer.py::TestDictionaryFuzzerInit::test_dictionaries_loaded PASSED [ 11%]
tests/test_dictionary_fuzzer.py::TestDictionaryFuzzerBasics::test_strategy_name PASSED [ 11%]
tests/test_dictionary_fuzzer.py::TestDictionaryFuzzerBasics::test_can_mutate_any_dataset PASSED [ 11%]
tests/test_dictionary_fuzzer.py::TestDictionaryFuzzerBasics::test_can_mutate_empty_dataset PASSED [ 11%]
tests/test_dictionary_fuzzer.py::TestMutationSeverity::test_minimal_mutations PASSED [ 11%]
tests/test_dictionary_fuzzer.py::TestMutationSeverity::test_moderate_mutations PASSED [ 11%]
tests/test_dictionary_fuzzer.py::TestMutationSeverity::test_aggressive_mutations PASSED [ 11%]
tests/test_dictionary_fuzzer.py::TestMutationSeverity::test_extreme_mutations PASSED [ 12%]
tests/test_dictionary_fuzzer.py::TestTagMapping::test_get_applicable_tags PASSED [ 12%]
tests/test_dictionary_fuzzer.py::TestTagMapping::test_uid_tags_mapped_correctly PASSED [ 12%]
tests/test_dictionary_fuzzer.py::TestValueSelection::test_get_valid_value_for_modality PASSED [ 12%]
tests/test_dictionary_fuzzer.py::TestValueSelection::test_get_valid_value_for_uid PASSED [ 12%]
tests/test_dictionary_fuzzer.py::TestValueSelection::test_get_edge_case_value PASSED [ 12%]
tests/test_dictionary_fuzzer.py::TestValueSelection::test_get_malicious_value PASSED [ 13%]
tests/test_dictionary_fuzzer.py::TestSpecificDictionary::test_mutate_with_specific_dictionary PASSED [ 13%]
tests/test_dictionary_fuzzer.py::TestSpecificDictionary::test_mutate_nonexistent_tag PASSED [ 13%]
tests/test_dictionary_fuzzer.py::TestSpecificDictionary::test_mutate_with_patient_names PASSED [ 13%]
tests/test_dictionary_fuzzer.py::TestSystematicEdgeCases::test_inject_empty_strings PASSED [ 13%]
tests/test_dictionary_fuzzer.py::TestSystematicEdgeCases::test_inject_null_bytes PASSED [ 13%]
tests/test_dictionary_fuzzer.py::TestSystematicEdgeCases::test_inject_very_long_strings PASSED [ 14%]
tests/test_dictionary_fuzzer.py::TestSystematicEdgeCases::test_inject_invalid_category PASSED [ 14%]
tests/test_dictionary_fuzzer.py::TestIntegrationWithMutator::test_mutator_registers_dictionary_strategy PASSED [ 14%]
tests/test_dictionary_fuzzer.py::TestIntegrationWithMutator::test_mutator_uses_dictionary_strategy PASSED [ 14%]
tests/test_dictionary_fuzzer.py::TestIntegrationWithMutator::test_auto_register_strategies PASSED [ 14%]
tests/test_dictionary_fuzzer.py::TestEdgeCases::test_empty_dataset_mutation PASSED [ 14%]
tests/test_dictionary_fuzzer.py::TestEdgeCases::test_dataset_with_sequences PASSED [ 14%]
tests/test_dictionary_fuzzer.py::TestEdgeCases::test_mutation_preserves_dataset_structure PASSED [ 15%]
tests/test_dictionary_fuzzer.py::TestPerformance::test_mutation_performance PASSED [ 15%]
tests/test_dictionary_fuzzer.py::TestPerformance::test_systematic_injection_performance PASSED [ 15%]
tests/test_exceptions.py::TestDicomFuzzingError::test_basic_initialization PASSED [ 15%]
tests/test_exceptions.py::TestDicomFuzzingError::test_initialization_with_error_code PASSED [ 15%]
tests/test_exceptions.py::TestDicomFuzzingError::test_initialization_with_context PASSED [ 15%]
tests/test_exceptions.py::TestDicomFuzzingError::test_initialization_with_all_parameters PASSED [ 16%]
tests/test_exceptions.py::TestDicomFuzzingError::test_context_defaults_to_empty_dict PASSED [ 16%]
tests/test_exceptions.py::TestDicomFuzzingError::test_can_be_raised PASSED [ 16%]
tests/test_exceptions.py::TestDicomFuzzingError::test_can_be_caught_as_exception PASSED [ 16%]
tests/test_exceptions.py::TestDicomFuzzingError::test_inherits_from_exception PASSED [ 16%]
tests/test_exceptions.py::TestValidationError::test_inherits_from_dicom_fuzzing_error PASSED [ 16%]
tests/test_exceptions.py::TestValidationError::test_basic_initialization PASSED [ 16%]
tests/test_exceptions.py::TestValidationError::test_with_context PASSED  [ 17%]
tests/test_exceptions.py::TestValidationError::test_can_be_raised_and_caught PASSED [ 17%]
tests/test_exceptions.py::TestValidationError::test_can_be_caught_as_base_class PASSED [ 17%]
tests/test_exceptions.py::TestParsingError::test_inherits_from_dicom_fuzzing_error PASSED [ 17%]
tests/test_exceptions.py::TestParsingError::test_basic_initialization PASSED [ 17%]
tests/test_exceptions.py::TestParsingError::test_with_file_context PASSED [ 17%]
tests/test_exceptions.py::TestParsingError::test_can_be_raised_and_caught PASSED [ 18%]
tests/test_exceptions.py::TestMutationError::test_inherits_from_dicom_fuzzing_error PASSED [ 18%]
tests/test_exceptions.py::TestMutationError::test_basic_initialization PASSED [ 18%]
tests/test_exceptions.py::TestMutationError::test_with_mutation_context PASSED [ 18%]
tests/test_exceptions.py::TestMutationError::test_can_be_raised_and_caught PASSED [ 18%]
tests/test_exceptions.py::TestNetworkTimeoutError::test_inherits_from_dicom_fuzzing_error PASSED [ 18%]
tests/test_exceptions.py::TestNetworkTimeoutError::test_basic_initialization PASSED [ 19%]
tests/test_exceptions.py::TestNetworkTimeoutError::test_with_network_context PASSED [ 19%]
tests/test_exceptions.py::TestNetworkTimeoutError::test_can_be_raised_and_caught PASSED [ 19%]
tests/test_exceptions.py::TestSecurityViolationError::test_inherits_from_dicom_fuzzing_error PASSED [ 19%]
tests/test_exceptions.py::TestSecurityViolationError::test_basic_initialization PASSED [ 19%]
tests/test_exceptions.py::TestSecurityViolationError::test_with_security_context PASSED [ 19%]
tests/test_exceptions.py::TestSecurityViolationError::test_can_be_raised_and_caught PASSED [ 19%]
tests/test_exceptions.py::TestConfigurationError::test_inherits_from_dicom_fuzzing_error PASSED [ 20%]
tests/test_exceptions.py::TestConfigurationError::test_basic_initialization PASSED [ 20%]
tests/test_exceptions.py::TestConfigurationError::test_with_config_context PASSED [ 20%]
tests/test_exceptions.py::TestConfigurationError::test_can_be_raised_and_caught PASSED [ 20%]
tests/test_exceptions.py::TestExceptionHierarchy::test_all_exceptions_inherit_from_base PASSED [ 20%]
tests/test_exceptions.py::TestExceptionHierarchy::test_exception_type_checking PASSED [ 20%]
tests/test_exceptions.py::TestExceptionHierarchy::test_catching_specific_exception_types PASSED [ 21%]
tests/test_exceptions.py::TestExceptionHierarchy::test_catching_base_exception PASSED [ 21%]
tests/test_exceptions.py::TestExceptionUsage::test_exception_in_try_except_block PASSED [ 21%]
tests/test_exceptions.py::TestExceptionUsage::test_exception_with_complex_context PASSED [ 21%]
tests/test_exceptions.py::TestExceptionUsage::test_exception_context_mutation PASSED [ 21%]
tests/test_exceptions.py::TestExceptionUsage::test_multiple_exception_handling PASSED [ 21%]
tests/test_generator.py::TestDICOMGeneratorInit::test_generator_creation_default_dir PASSED [ 21%]
tests/test_generator.py::TestDICOMGeneratorInit::test_generator_creation_custom_dir PASSED [ 22%]
tests/test_generator.py::TestDICOMGeneratorInit::test_generator_creates_dir_if_missing PASSED [ 22%]
tests/test_generator.py::TestDICOMGeneratorInit::test_generator_accepts_existing_dir PASSED [ 22%]
tests/test_generator.py::TestBatchGeneration::test_generate_batch_creates_files PASSED [ 22%]
tests/test_generator.py::TestBatchGeneration::test_generate_batch_single_file PASSED [ 22%]
tests/test_generator.py::TestBatchGeneration::test_generate_batch_zero_count PASSED [ 22%]
tests/test_generator.py::TestBatchGeneration::test_generate_batch_large_count PASSED [ 23%]
tests/test_generator.py::TestBatchGeneration::test_generate_batch_returns_paths PASSED [ 23%]
tests/test_generator.py::TestBatchGeneration::test_generate_batch_files_in_output_dir PASSED [ 23%]
tests/test_generator.py::TestFilenameGeneration::test_filename_format PASSED [ 23%]
tests/test_generator.py::TestFilenameGeneration::test_filename_uniqueness PASSED [ 23%]
tests/test_generator.py::TestFilenameGeneration::test_multiple_batches_unique_names PASSED [ 23%]
tests/test_generator.py::TestFuzzerIntegration::test_fuzzers_instantiated PASSED [ 23%]
tests/test_generator.py::TestFuzzerIntegration::test_mutations_applied_to_dataset PASSED [ 24%]
tests/test_generator.py::TestFuzzerIntegration::test_random_fuzzer_selection PASSED [ 24%]
tests/test_generator.py::TestFileSaving::test_files_are_valid_dicom PASSED [ 24%]
tests/test_generator.py::TestFileSaving::test_files_contain_data PASSED  [ 24%]
tests/test_generator.py::TestFileSaving::test_files_saved_to_correct_location PASSED [ 24%]
tests/test_generator.py::TestEdgeCases::test_generate_with_nonexistent_file PASSED [ 24%]
tests/test_generator.py::TestEdgeCases::test_generate_with_invalid_dicom PASSED [ 25%]
tests/test_generator.py::TestEdgeCases::test_output_dir_as_path_object PASSED [ 25%]
tests/test_generator.py::TestEdgeCases::test_output_dir_as_string PASSED [ 25%]
tests/test_generator.py::TestPropertyBasedTesting::test_generate_count_matches_output PASSED [ 25%]
tests/test_generator.py::TestIntegration::test_complete_generation_workflow PASSED [ 25%]
tests/test_generator.py::TestIntegration::test_multiple_generators_same_directory PASSED [ 25%]
tests/test_generator.py::TestIntegration::test_generator_with_different_source_files PASSED [ 26%]
tests/test_generator.py::TestGeneratorErrorHandling::test_generation_stats_record_failure PASSED [ 26%]
tests/test_generator.py::TestGeneratorErrorHandling::test_generate_with_skip_write_errors_true PASSED [ 26%]
tests/test_generator.py::TestGeneratorErrorHandling::test_generate_with_skip_write_errors_false PASSED [ 26%]
tests/test_generator.py::TestGeneratorErrorHandling::test_stats_tracking PASSED [ 26%]
tests/test_generator.py::TestGeneratorErrorHandling::test_generate_with_invalid_strategy PASSED [ 26%]
tests/test_generator.py::TestGeneratorErrorHandling::test_generate_with_empty_strategies_list PASSED [ 26%]
tests/test_generator.py::TestGeneratorErrorHandling::test_mutation_error_with_skip_false PASSED [ 27%]
tests/test_generator.py::TestGeneratorErrorHandling::test_save_error_with_skip_false PASSED [ 27%]
tests/test_generator.py::TestGeneratorErrorHandling::test_unexpected_exception_in_save PASSED [ 27%]
tests/test_generator.py::TestGeneratorErrorHandling::test_mutation_error_with_skip_true PASSED [ 27%]
tests/test_generator.py::TestGeneratorErrorHandling::test_save_error_with_skip_true PASSED [ 27%]
tests/test_generator.py::TestGeneratorBatchProcessing::test_generate_single_file PASSED [ 27%]
tests/test_generator.py::TestGeneratorBatchProcessing::test_generate_zero_files PASSED [ 28%]
tests/test_generator.py::TestGeneratorBatchProcessing::test_generate_with_all_strategies PASSED [ 28%]
tests/test_grammar_fuzzer.py::TestGrammarRuleStructure::test_grammar_rule_initialization PASSED [ 28%]
tests/test_grammar_fuzzer.py::TestGrammarRuleStructure::test_grammar_fuzzer_initialization PASSED [ 28%]
tests/test_grammar_fuzzer.py::TestGrammarRuleStructure::test_rule_types_present PASSED [ 28%]
tests/test_grammar_fuzzer.py::TestGrammarRuleStructure::test_sop_class_ct_requirements PASSED [ 28%]
tests/test_grammar_fuzzer.py::TestRequiredTagViolations::test_violate_required_tags PASSED [ 28%]
tests/test_grammar_fuzzer.py::TestRequiredTagViolations::test_violate_required_preserves_dataset PASSED [ 29%]
tests/test_grammar_fuzzer.py::TestRequiredTagViolations::test_multiple_required_violations PASSED [ 29%]
tests/test_grammar_fuzzer.py::TestConditionalRuleViolations::test_violate_pixel_data_dependencies PASSED [ 29%]
tests/test_grammar_fuzzer.py::TestConditionalRuleViolations::test_violate_ct_specific_tags PASSED [ 29%]
tests/test_grammar_fuzzer.py::TestConditionalRuleViolations::test_conditional_without_dependencies PASSED [ 29%]
tests/test_grammar_fuzzer.py::TestInconsistentStateCreation::test_create_inconsistent_dimensions PASSED [ 29%]
tests/test_grammar_fuzzer.py::TestInconsistentStateCreation::test_create_future_dates PASSED [ 30%]
tests/test_grammar_fuzzer.py::TestInconsistentStateCreation::test_create_negative_values PASSED [ 30%]
tests/test_grammar_fuzzer.py::TestInconsistentStateCreation::test_create_impossible_age PASSED [ 30%]
tests/test_grammar_fuzzer.py::TestInconsistentStateCreation::test_bit_depth_inconsistencies PASSED [ 30%]
tests/test_grammar_fuzzer.py::TestValueConstraintViolations::test_invalid_uid_format PASSED [ 30%]
tests/test_grammar_fuzzer.py::TestValueConstraintViolations::test_invalid_numeric_strings PASSED [ 30%]
tests/test_grammar_fuzzer.py::TestValueConstraintViolations::test_invalid_decimal_strings PASSED [ 30%]
tests/test_grammar_fuzzer.py::TestGrammarMutationMethods::test_apply_random_mutation PASSED [ 31%]
tests/test_grammar_fuzzer.py::TestGrammarMutationMethods::test_apply_specific_mutation_types PASSED [ 31%]
tests/test_grammar_fuzzer.py::TestGrammarMutationMethods::test_apply_invalid_mutation_type PASSED [ 31%]
tests/test_grammar_fuzzer.py::TestGrammarMutationMethods::test_multiple_random_mutations PASSED [ 31%]
tests/test_grammar_fuzzer.py::TestIntegration::test_grammar_fuzzer_with_parser PASSED [ 31%]
tests/test_grammar_fuzzer.py::TestIntegration::test_grammar_fuzzer_preserves_copyability PASSED [ 31%]
tests/test_grammar_fuzzer.py::TestIntegration::test_all_mutation_types_sequentially PASSED [ 32%]
tests/test_grammar_fuzzer.py::TestGrammarFuzzerEdgeCases::test_violate_conditional_rules_with_ct_modality PASSED [ 32%]
tests/test_grammar_fuzzer.py::TestGrammarFuzzerEdgeCases::test_create_inconsistent_state_with_study_date PASSED [ 32%]
tests/test_grammar_fuzzer.py::TestGrammarFuzzerEdgeCases::test_violate_value_constraints_uid_exception PASSED [ 32%]
tests/test_grammar_fuzzer.py::TestGrammarFuzzerEdgeCases::test_violate_value_constraints_series_number_exception PASSED [ 32%]
tests/test_grammar_fuzzer.py::TestGrammarFuzzerEdgeCases::test_violate_value_constraints_slice_thickness_exception PASSED [ 32%]
tests/test_grammar_fuzzer.py::TestGrammarFuzzerEdgeCases::test_violate_conditional_rules_ct_tag_deletion PASSED [ 33%]
tests/test_helpers.py::TestFileOperations::test_validate_existing_file PASSED [ 33%]
tests/test_helpers.py::TestFileOperations::test_validate_nonexistent_file_fails PASSED [ 33%]
tests/test_helpers.py::TestFileOperations::test_validate_nonexistent_file_allowed PASSED [ 33%]
tests/test_helpers.py::TestFileOperations::test_validate_file_size_limit PASSED [ 33%]
tests/test_helpers.py::TestFileOperations::test_validate_directory_fails PASSED [ 33%]
tests/test_helpers.py::TestFileOperations::test_ensure_directory_creates PASSED [ 33%]
tests/test_helpers.py::TestFileOperations::test_ensure_directory_idempotent PASSED [ 34%]
tests/test_helpers.py::TestFileOperations::test_safe_file_read_binary PASSED [ 34%]
tests/test_helpers.py::TestFileOperations::test_safe_file_read_text PASSED [ 34%]
tests/test_helpers.py::TestFileOperations::test_safe_file_read_size_limit PASSED [ 34%]
tests/test_helpers.py::TestDICOMTagOperations::test_tag_to_hex_format PASSED [ 34%]
tests/test_helpers.py::TestDICOMTagOperations::test_hex_to_tag_with_parentheses PASSED [ 34%]
tests/test_helpers.py::TestDICOMTagOperations::test_hex_to_tag_without_parentheses PASSED [ 35%]
tests/test_helpers.py::TestDICOMTagOperations::test_hex_to_tag_invalid_length PASSED [ 35%]
tests/test_helpers.py::TestDICOMTagOperations::test_hex_to_tag_invalid_chars PASSED [ 35%]
tests/test_helpers.py::TestDICOMTagOperations::test_tag_roundtrip PASSED [ 35%]
tests/test_helpers.py::TestDICOMTagOperations::test_is_private_tag_odd_group PASSED [ 35%]
tests/test_helpers.py::TestDICOMTagOperations::test_is_private_tag_even_group PASSED [ 35%]
tests/test_helpers.py::TestDICOMTagOperations::test_private_tag_property PASSED [ 35%]
tests/test_helpers.py::TestRandomDataGeneration::test_random_string_length PASSED [ 36%]
tests/test_helpers.py::TestRandomDataGeneration::test_random_string_length_property PASSED [ 36%]
tests/test_helpers.py::TestRandomDataGeneration::test_random_bytes_length PASSED [ 36%]
tests/test_helpers.py::TestRandomDataGeneration::test_random_bytes_length_property PASSED [ 36%]
tests/test_helpers.py::TestRandomDataGeneration::test_random_dicom_date_format PASSED [ 36%]
tests/test_helpers.py::TestRandomDataGeneration::test_random_dicom_time_format PASSED [ 36%]
tests/test_helpers.py::TestRandomDataGeneration::test_random_dicom_datetime_format PASSED [ 37%]
tests/test_helpers.py::TestRandomDataGeneration::test_random_person_name_format PASSED [ 37%]
tests/test_helpers.py::TestRandomDataGeneration::test_random_patient_id_format PASSED [ 37%]
tests/test_helpers.py::TestRandomDataGeneration::test_random_accession_number_format PASSED [ 37%]
tests/test_helpers.py::TestValidationHelpers::test_clamp_within_range PASSED [ 37%]
tests/test_helpers.py::TestValidationHelpers::test_clamp_below_min PASSED [ 37%]
tests/test_helpers.py::TestValidationHelpers::test_clamp_above_max PASSED [ 38%]
tests/test_helpers.py::TestValidationHelpers::test_clamp_property PASSED [ 38%]
tests/test_helpers.py::TestValidationHelpers::test_in_range_inclusive PASSED [ 38%]
tests/test_helpers.py::TestValidationHelpers::test_in_range_exclusive PASSED [ 38%]
tests/test_helpers.py::TestFormattingHelpers::test_format_bytes_b PASSED [ 38%]
tests/test_helpers.py::TestFormattingHelpers::test_format_bytes_kb PASSED [ 38%]
tests/test_helpers.py::TestFormattingHelpers::test_format_bytes_mb PASSED [ 38%]
tests/test_helpers.py::TestFormattingHelpers::test_format_bytes_gb PASSED [ 39%]
tests/test_helpers.py::TestFormattingHelpers::test_format_duration_seconds PASSED [ 39%]
tests/test_helpers.py::TestFormattingHelpers::test_format_duration_minutes PASSED [ 39%]
tests/test_helpers.py::TestFormattingHelpers::test_format_duration_hours PASSED [ 39%]
tests/test_helpers.py::TestFormattingHelpers::test_truncate_string_no_truncation PASSED [ 39%]
tests/test_helpers.py::TestFormattingHelpers::test_truncate_string_with_truncation PASSED [ 39%]
tests/test_helpers.py::TestFormattingHelpers::test_truncate_string_property PASSED [ 40%]
tests/test_helpers.py::TestPerformanceUtilities::test_timing_context_manager PASSED [ 40%]
tests/test_helpers.py::TestPerformanceUtilities::test_timing_with_logger PASSED [ 40%]
tests/test_helpers.py::TestPerformanceUtilities::test_chunk_list_even_chunks PASSED [ 40%]
tests/test_helpers.py::TestPerformanceUtilities::test_chunk_list_uneven_chunks PASSED [ 40%]
tests/test_helpers.py::TestPerformanceUtilities::test_chunk_list_empty PASSED [ 40%]
tests/test_helpers.py::TestPerformanceUtilities::test_chunk_list_property PASSED [ 40%]
tests/test_helpers.py::TestPerformanceUtilities::test_safe_divide_normal PASSED [ 41%]
tests/test_helpers.py::TestPerformanceUtilities::test_safe_divide_by_zero PASSED [ 41%]
tests/test_helpers.py::TestPerformanceUtilities::test_safe_divide_custom_default PASSED [ 41%]
tests/test_helpers.py::TestPerformanceUtilities::test_safe_divide_never_raises PASSED [ 41%]
tests/test_helpers.py::TestIntegration::test_file_workflow PASSED        [ 41%]
tests/test_helpers.py::TestIntegration::test_dicom_tag_workflow PASSED   [ 41%]
tests/test_helpers.py::TestIntegration::test_random_data_workflow PASSED [ 42%]
tests/test_helpers.py::TestIntegration::test_random_dicom_date_no_end_year PASSED [ 42%]
tests/test_helpers.py::TestIntegration::test_random_person_name_with_middle_initial PASSED [ 42%]
tests/test_integration.py::TestEndToEndFuzzingWorkflow::test_complete_fuzzing_pipeline PASSED [ 42%]
tests/test_integration.py::TestEndToEndFuzzingWorkflow::test_fuzzing_with_validation_feedback_loop PASSED [ 42%]
tests/test_integration.py::TestEndToEndFuzzingWorkflow::test_multi_strategy_mutation_workflow PASSED [ 42%]
tests/test_integration.py::TestModuleInteractionAndDataFlow::test_parser_to_fuzzer_data_flow PASSED [ 42%]
tests/test_integration.py::TestModuleInteractionAndDataFlow::test_fuzzer_to_validator_data_flow PASSED [ 43%]
tests/test_integration.py::TestModuleInteractionAndDataFlow::test_generator_to_parser_round_trip PASSED [ 43%]
tests/test_integration.py::TestModuleInteractionAndDataFlow::test_validator_to_fuzzer_feedback PASSED [ 43%]
tests/test_integration.py::TestErrorHandlingAcrossModules::test_invalid_file_propagates_through_pipeline PASSED [ 43%]
tests/test_integration.py::TestErrorHandlingAcrossModules::test_validator_catches_mutator_issues PASSED [ 43%]
tests/test_integration.py::TestErrorHandlingAcrossModules::test_validation_with_no_mutations PASSED [ 43%]
tests/test_integration.py::TestPerformanceAndResourceManagement::test_batch_generation_performance PASSED [ 44%]
tests/test_integration.py::TestPerformanceAndResourceManagement::test_memory_management_with_large_batches PASSED [ 44%]
tests/test_integration.py::TestPerformanceAndResourceManagement::test_validator_batch_performance PASSED [ 44%]
tests/test_integration.py::TestRealWorldUsageScenarios::test_continuous_fuzzing_session PASSED [ 44%]
tests/test_integration.py::TestRealWorldUsageScenarios::test_targeted_fuzzing_campaign PASSED [ 44%]
tests/test_integration.py::TestRealWorldUsageScenarios::test_fuzzing_with_error_analysis PASSED [ 44%]
tests/test_integration.py::TestIntegrationEdgeCases::test_dataset_copy_preserves_data PASSED [ 45%]
tests/test_integration.py::TestIntegrationEdgeCases::test_validation_without_file_meta PASSED [ 45%]
tests/test_integration.py::TestIntegrationEdgeCases::test_generator_with_minimal_dicom PASSED [ 45%]
tests/test_integration.py::TestConcurrentOperations::test_multiple_parsers_same_file PASSED [ 45%]
tests/test_integration.py::TestConcurrentOperations::test_multiple_validators_same_dataset PASSED [ 45%]
tests/test_logger.py::TestBasicLogging::test_configure_logging_with_file PASSED [ 45%]
tests/test_logger.py::TestBasicLogging::test_configure_logging_console_format PASSED [ 45%]
tests/test_logger.py::TestBasicLogging::test_get_logger_returns_bound_logger PASSED [ 46%]
tests/test_logger.py::TestBasicLogging::test_multiple_loggers PASSED     [ 46%]
tests/test_logger.py::TestSensitiveDataRedaction::test_redact_patient_name PASSED [ 46%]
tests/test_logger.py::TestSensitiveDataRedaction::test_redact_multiple_sensitive_fields PASSED [ 46%]
tests/test_logger.py::TestSensitiveDataRedaction::test_redact_sensitive_in_string_values PASSED [ 46%]
tests/test_logger.py::TestSensitiveDataRedaction::test_case_insensitive_redaction PASSED [ 46%]
tests/test_logger.py::TestTimestampProcessor::test_adds_iso_timestamp PASSED [ 47%]
tests/test_logger.py::TestSecurityContextProcessor::test_marks_security_events PASSED [ 47%]
tests/test_logger.py::TestSecurityContextProcessor::test_non_security_events_unchanged PASSED [ 47%]
tests/test_logger.py::TestSecurityEventLogger::test_log_validation_failure PASSED [ 47%]
tests/test_logger.py::TestSecurityEventLogger::test_log_suspicious_pattern PASSED [ 47%]
tests/test_logger.py::TestSecurityEventLogger::test_log_fuzzing_campaign PASSED [ 47%]
tests/test_logger.py::TestPerformanceLogger::test_log_operation PASSED   [ 47%]
tests/test_logger.py::TestPerformanceLogger::test_log_mutation_stats PASSED [ 48%]
tests/test_logger.py::TestPerformanceLogger::test_log_resource_usage PASSED [ 48%]
tests/test_logger.py::TestIntegration::test_full_logging_workflow PASSED [ 48%]
tests/test_logger.py::TestIntegration::test_sensitive_data_not_in_logs PASSED [ 48%]
tests/test_mutator.py::TestMutationSeverity::test_severity_values_exist PASSED [ 48%]
tests/test_mutator.py::TestMutationSeverity::test_severity_count PASSED  [ 48%]
tests/test_mutator.py::TestMutationSeverity::test_severity_membership PASSED [ 49%]
tests/test_mutator.py::TestMutationSeverity::test_severity_comparison PASSED [ 49%]
tests/test_mutator.py::TestMutationRecord::test_record_creation_with_defaults PASSED [ 49%]
tests/test_mutator.py::TestMutationRecord::test_record_creation_with_values PASSED [ 49%]
tests/test_mutator.py::TestMutationRecord::test_record_unique_ids PASSED [ 49%]
tests/test_mutator.py::TestMutationRecord::test_record_timestamp_automatic PASSED [ 49%]
tests/test_mutator.py::TestMutationSession::test_session_creation_with_defaults PASSED [ 50%]
tests/test_mutator.py::TestMutationSession::test_session_creation_with_values PASSED [ 50%]
tests/test_mutator.py::TestMutationSession::test_session_unique_ids PASSED [ 50%]
tests/test_mutator.py::TestDicomMutatorInit::test_mutator_creation_no_config FAILED [ 50%]
tests/test_mutator.py::TestDicomMutatorInit::test_mutator_creation_with_config PASSED [ 50%]
tests/test_mutator.py::TestDicomMutatorInit::test_mutator_default_config_loaded PASSED [ 50%]
tests/test_mutator.py::TestDicomMutatorInit::test_mutator_default_values PASSED [ 50%]
tests/test_mutator.py::TestDicomMutatorInit::test_mutator_config_override PASSED [ 51%]
tests/test_mutator.py::TestStrategyRegistration::test_register_valid_strategy FAILED [ 51%]
tests/test_mutator.py::TestStrategyRegistration::test_register_multiple_strategies FAILED [ 51%]
tests/test_mutator.py::TestStrategyRegistration::test_register_invalid_strategy_no_mutate PASSED [ 51%]
tests/test_mutator.py::TestStrategyRegistration::test_register_invalid_strategy_no_name PASSED [ 51%]
tests/test_mutator.py::TestSessionManagement::test_start_session_creates_session PASSED [ 51%]
tests/test_mutator.py::TestSessionManagement::test_start_session_with_file_info PASSED [ 52%]
tests/test_mutator.py::TestSessionManagement::test_get_session_summary_active_session PASSED [ 52%]
tests/test_mutator.py::TestSessionManagement::test_get_session_summary_no_session PASSED [ 52%]
tests/test_mutator.py::TestSessionManagement::test_end_session_returns_completed PASSED [ 52%]
tests/test_mutator.py::TestSessionManagement::test_end_session_no_active_session PASSED [ 52%]
tests/test_mutator.py::TestSessionManagement::test_session_statistics_updated PASSED [ 52%]
tests/test_mutator.py::TestMutationApplication::test_apply_mutations_with_no_strategies PASSED [ 52%]
tests/test_mutator.py::TestMutationApplication::test_apply_mutations_with_strategy FAILED [ 53%]
tests/test_mutator.py::TestMutationApplication::test_apply_mutations_respects_num_mutations FAILED [ 53%]
tests/test_mutator.py::TestMutationApplication::test_apply_mutations_with_severity PASSED [ 53%]
tests/test_mutator.py::TestMutationApplication::test_apply_mutations_filters_by_strategy_name PASSED [ 53%]
tests/test_mutator.py::TestMutationApplication::test_apply_mutations_skips_inapplicable_strategies PASSED [ 53%]
tests/test_mutator.py::TestMutationApplication::test_mutation_probability_respected PASSED [ 53%]
tests/test_mutator.py::TestMutationTracking::test_record_mutation_success PASSED [ 54%]
tests/test_mutator.py::TestMutationTracking::test_record_mutation_failure PASSED [ 54%]
tests/test_mutator.py::TestMutationTracking::test_record_mutation_no_session PASSED [ 54%]
tests/test_mutator.py::TestSafetyChecks::test_safety_check_always_true PASSED [ 54%]
tests/test_mutator.py::TestSafetyChecks::test_safety_checks_disabled PASSED [ 54%]
tests/test_mutator.py::TestPropertyBasedTesting::test_num_mutations_always_nonnegative PASSED [ 54%]
tests/test_mutator.py::TestIntegration::test_complete_mutation_workflow PASSED [ 54%]
tests/test_mutator.py::TestIntegration::test_multiple_strategies_workflow FAILED [ 55%]
tests/test_mutator.py::TestMutatorExceptionHandling::test_apply_mutations_with_mutation_failure PASSED [ 55%]
tests/test_mutator.py::TestMutatorExceptionHandling::test_get_applicable_strategies_with_exception PASSED [ 55%]
tests/test_mutator.py::TestMutatorExceptionHandling::test_apply_single_mutation_safety_check_failure PASSED [ 55%]
tests/test_parser.py::TestDicomParserInit::test_parse_valid_dicom_file PASSED [ 55%]
tests/test_parser.py::TestDicomParserInit::test_parse_nonexistent_file_raises_error PASSED [ 55%]
tests/test_parser.py::TestDicomParserInit::test_parse_invalid_dicom_raises_error PASSED [ 56%]
tests/test_parser.py::TestDicomParserInit::test_parse_with_max_size_limit PASSED [ 56%]
tests/test_parser.py::TestDicomParserInit::test_parse_exceeds_max_size_raises_error PASSED [ 56%]
tests/test_parser.py::TestMetadataExtraction::test_extract_basic_metadata PASSED [ 56%]
tests/test_parser.py::TestMetadataExtraction::test_extract_metadata_excludes_private_tags PASSED [ 56%]
tests/test_parser.py::TestMetadataExtraction::test_extract_metadata_includes_private_tags PASSED [ 56%]
tests/test_parser.py::TestMetadataExtraction::test_metadata_contains_patient_info PASSED [ 57%]
tests/test_parser.py::TestMetadataExtraction::test_metadata_excludes_pixel_data PASSED [ 57%]
tests/test_parser.py::TestPixelDataHandling::test_get_pixel_data_from_image PASSED [ 57%]
tests/test_parser.py::TestPixelDataHandling::test_get_pixel_data_without_validation PASSED [ 57%]
tests/test_parser.py::TestPixelDataHandling::test_get_pixel_data_from_non_image_returns_none PASSED [ 57%]
tests/test_parser.py::TestTransferSyntax::test_get_transfer_syntax PASSED [ 57%]
tests/test_parser.py::TestTransferSyntax::test_is_compressed_detection PASSED [ 57%]
tests/test_parser.py::TestTransferSyntax::test_uncompressed_file_reports_correctly PASSED [ 58%]
tests/test_parser.py::TestCriticalTags::test_get_critical_tags PASSED    [ 58%]
tests/test_parser.py::TestCriticalTags::test_critical_tags_include_sop_class PASSED [ 58%]
tests/test_parser.py::TestTemporaryMutation::test_temporary_mutation_yields_dataset PASSED [ 58%]
tests/test_parser.py::TestTemporaryMutation::test_temporary_mutation_context_manager PASSED [ 58%]
tests/test_parser.py::TestContextManager::test_parser_as_context_manager PASSED [ 58%]
tests/test_parser.py::TestContextManager::test_context_manager_cleanup PASSED [ 59%]
tests/test_parser.py::TestSecurityValidation::test_parse_with_security_checks_enabled PASSED [ 59%]
tests/test_parser.py::TestSecurityValidation::test_parse_with_security_checks_disabled PASSED [ 59%]
tests/test_parser.py::TestEdgeCases::test_parse_minimal_dicom PASSED     [ 59%]
tests/test_parser.py::TestEdgeCases::test_parse_empty_patient_name PASSED [ 59%]
tests/test_parser.py::TestPropertyBasedTesting::test_max_file_size_validation PASSED [ 59%]
tests/test_parser.py::TestIntegration::test_complete_parsing_workflow PASSED [ 59%]
tests/test_parser.py::TestIntegration::test_multiple_parsers_same_file PASSED [ 60%]
tests/test_parser.py::TestParserErrorPaths::test_parse_with_invalid_dicom_data PASSED [ 60%]
tests/test_parser.py::TestParserErrorPaths::test_parse_with_corrupted_header PASSED [ 60%]
tests/test_parser.py::TestParserErrorPaths::test_get_critical_tags_with_missing_tags PASSED [ 60%]
tests/test_parser.py::TestParserErrorPaths::test_extract_metadata_with_minimal_dataset PASSED [ 60%]
tests/test_parser.py::TestParserErrorPaths::test_init_with_very_small_file PASSED [ 60%]
tests/test_parser.py::TestParserErrorPaths::test_validate_dicom_structure_empty_dataset PASSED [ 61%]
tests/test_parser.py::TestParserErrorPaths::test_parse_with_security_checks_on_invalid_file PASSED [ 61%]
tests/test_parser.py::TestParserEdgeCases::test_parse_minimal_valid_dicom PASSED [ 61%]
tests/test_parser.py::TestParserEdgeCases::test_get_transfer_syntax_with_explicit_vr PASSED [ 61%]
tests/test_parser.py::TestParserEdgeCases::test_path_is_directory_raises_error PASSED [ 61%]
tests/test_parser.py::TestParserEdgeCases::test_extract_metadata_with_pixel_data_exception PASSED [ 61%]
tests/test_parser.py::TestParserEdgeCases::test_dataset_property_when_none PASSED [ 61%]
tests/test_parser.py::TestParserEdgeCases::test_validate_pixel_data_empty_array PASSED [ 62%]
tests/test_parser.py::TestParserEdgeCases::test_validate_pixel_data_invalid_dimensions PASSED [ 62%]
tests/test_parser.py::TestCoverageMissingLines::test_invalid_dicom_error_line_127 PASSED [ 62%]
tests/test_parser.py::TestCoverageMissingLines::test_validate_dataset_none_line_138 PASSED [ 62%]
tests/test_parser.py::TestCoverageMissingLines::test_metadata_cache_return_line_186 PASSED [ 62%]
tests/test_parser.py::TestCoverageMissingLines::test_metadata_extraction_exception_lines_218_220 PASSED [ 62%]
tests/test_parser.py::TestCoverageMissingLines::test_pixel_array_access_lines_225_226 PASSED [ 63%]
tests/test_parser.py::TestCoverageMissingLines::test_private_tags_extraction_lines_266_275 PASSED [ 63%]
tests/test_parser.py::TestCoverageMissingLines::test_private_tag_exception_line_274_275 PASSED [ 63%]
tests/test_parser.py::TestCoverageMissingLines::test_pixel_data_no_validate_line_309 PASSED [ 63%]
tests/test_parser.py::TestCoverageMissingLines::test_get_transfer_syntax_exception_lines_345_347 PASSED [ 63%]
tests/test_parser.py::TestCoverageMissingLines::test_is_compressed_no_transfer_syntax_line_357 PASSED [ 63%]
tests/test_parser.py::TestCoverageMissingLines::test_get_critical_tags_exception_lines_390_391 PASSED [ 64%]
tests/test_parser.py::TestCoverageMissingLines::test_private_tag_extraction_exception_lines_274_275 PASSED [ 64%]
tests/test_parser.py::TestCoverageMissingLines::test_pixel_data_too_large_line_332 PASSED [ 64%]
tests/test_parser.py::TestCoverageMissingLines::test_critical_tags_extraction_exception_lines_390_391 PASSED [ 64%]
tests/test_profiler.py::TestFuzzingMetrics::test_metrics_initialization PASSED [ 64%]
tests/test_profiler.py::TestFuzzingMetrics::test_throughput_calculation PASSED [ 64%]
tests/test_profiler.py::TestFuzzingMetrics::test_throughput_zero_duration PASSED [ 64%]
tests/test_profiler.py::TestFuzzingMetrics::test_avg_time_per_file PASSED [ 65%]
tests/test_profiler.py::TestFuzzingMetrics::test_avg_time_zero_files PASSED [ 65%]
tests/test_profiler.py::TestFuzzingMetrics::test_estimated_time_remaining PASSED [ 65%]
tests/test_profiler.py::TestFuzzingMetrics::test_estimated_time_target_reached PASSED [ 65%]
tests/test_profiler.py::TestFuzzingMetrics::test_estimated_time_exceeded PASSED [ 65%]
tests/test_profiler.py::TestPerformanceProfiler::test_profiler_initialization PASSED [ 65%]
tests/test_profiler.py::TestPerformanceProfiler::test_context_manager_usage PASSED [ 66%]
tests/test_profiler.py::TestPerformanceProfiler::test_record_file_generated PASSED [ 66%]
tests/test_profiler.py::TestPerformanceProfiler::test_record_multiple_files PASSED [ 66%]
tests/test_profiler.py::TestPerformanceProfiler::test_record_mutation PASSED [ 66%]
tests/test_profiler.py::TestPerformanceProfiler::test_record_mutation_accumulates_timing PASSED [ 66%]
tests/test_profiler.py::TestPerformanceProfiler::test_record_validation PASSED [ 66%]
tests/test_profiler.py::TestPerformanceProfiler::test_record_crash PASSED [ 66%]
tests/test_profiler.py::TestPerformanceProfiler::test_get_progress_report PASSED [ 67%]
tests/test_profiler.py::TestPerformanceProfiler::test_get_progress_report_with_target PASSED [ 67%]
tests/test_profiler.py::TestPerformanceProfiler::test_get_summary PASSED [ 67%]
tests/test_profiler.py::TestPerformanceProfiler::test_resource_sampling PASSED [ 67%]
tests/test_profiler.py::TestPerformanceProfiler::test_strategy_usage_tracking PASSED [ 67%]
tests/test_profiler.py::TestStrategyTimer::test_timer_records_duration PASSED [ 67%]
tests/test_profiler.py::TestStrategyTimer::test_timer_with_exception PASSED [ 68%]
tests/test_profiler.py::TestStrategyTimer::test_multiple_timers PASSED   [ 68%]
tests/test_profiler.py::TestIntegration::test_complete_fuzzing_session PASSED [ 68%]
tests/test_profiler.py::TestIntegration::test_profiler_summary_completeness PASSED [ 68%]
tests/test_profiler.py::TestFuzzingMetricsEdgeCases::test_estimated_time_remaining_zero_files PASSED [ 68%]
tests/test_profiler.py::TestProfileFunctionDecorator::test_profile_function_decorator PASSED [ 68%]
tests/test_profiler.py::TestProfileFunctionDecorator::test_profile_function_with_exception PASSED [ 69%]
tests/test_profiler.py::TestProfileFunctionDecorator::test_profile_function_return_value PASSED [ 69%]
tests/test_reporter.py::TestReportGenerator::test_reporter_initialization PASSED [ 69%]
tests/test_reporter.py::TestReportGenerator::test_reporter_creates_output_dir PASSED [ 69%]
tests/test_reporter.py::TestCrashHTMLReport::test_generate_empty_crash_report PASSED [ 69%]
tests/test_reporter.py::TestCrashHTMLReport::test_generate_crash_report_with_crashes PASSED [ 69%]
tests/test_reporter.py::TestCrashHTMLReport::test_html_report_contains_summary PASSED [ 69%]
tests/test_reporter.py::TestCrashHTMLReport::test_html_report_styling PASSED [ 70%]
tests/test_reporter.py::TestCrashHTMLReport::test_html_report_custom_campaign_name PASSED [ 70%]
tests/test_reporter.py::TestCrashJSONReport::test_generate_json_crash_report PASSED [ 70%]
tests/test_reporter.py::TestCrashJSONReport::test_json_report_structure PASSED [ 70%]
tests/test_reporter.py::TestCrashJSONReport::test_json_report_multiple_crashes PASSED [ 70%]
tests/test_reporter.py::TestCrashJSONReport::test_json_report_severity_breakdown PASSED [ 70%]
tests/test_reporter.py::TestPerformanceHTMLReport::test_generate_performance_report PASSED [ 71%]
tests/test_reporter.py::TestPerformanceHTMLReport::test_performance_report_strategy_section PASSED [ 71%]
tests/test_reporter.py::TestReportFileNaming::test_crash_html_report_timestamp PASSED [ 71%]
tests/test_reporter.py::TestReportFileNaming::test_crash_json_report_timestamp PASSED [ 71%]
tests/test_reporter.py::TestReportFileNaming::test_performance_report_timestamp PASSED [ 71%]
tests/test_reporter.py::TestReportFileNaming::test_multiple_reports_unique_names PASSED [ 71%]
tests/test_reporter.py::TestIntegration::test_complete_reporting_workflow PASSED [ 71%]
tests/test_statistics.py::TestMutationStatistics::test_statistics_initialization PASSED [ 72%]
tests/test_statistics.py::TestMutationStatistics::test_effectiveness_score_no_usage PASSED [ 72%]
tests/test_statistics.py::TestMutationStatistics::test_effectiveness_score_with_crashes PASSED [ 72%]
tests/test_statistics.py::TestMutationStatistics::test_effectiveness_score_with_failures PASSED [ 72%]
tests/test_statistics.py::TestMutationStatistics::test_effectiveness_score_with_diversity PASSED [ 72%]
tests/test_statistics.py::TestMutationStatistics::test_effectiveness_score_max_value PASSED [ 72%]
tests/test_statistics.py::TestMutationStatistics::test_avg_duration PASSED [ 73%]
tests/test_statistics.py::TestMutationStatistics::test_avg_duration_zero_usage PASSED [ 73%]
tests/test_statistics.py::TestMutationStatistics::test_avg_file_size PASSED [ 73%]
tests/test_statistics.py::TestMutationStatistics::test_avg_file_size_empty PASSED [ 73%]
tests/test_statistics.py::TestStatisticsCollector::test_collector_initialization PASSED [ 73%]
tests/test_statistics.py::TestStatisticsCollector::test_record_mutation PASSED [ 73%]
tests/test_statistics.py::TestStatisticsCollector::test_record_mutation_creates_strategy PASSED [ 73%]
tests/test_statistics.py::TestStatisticsCollector::test_record_mutation_with_hash PASSED [ 74%]
tests/test_statistics.py::TestStatisticsCollector::test_record_mutation_with_file_size PASSED [ 74%]
tests/test_statistics.py::TestStatisticsCollector::test_record_crash PASSED [ 74%]
tests/test_statistics.py::TestStatisticsCollector::test_record_crash_deduplication PASSED [ 74%]
tests/test_statistics.py::TestStatisticsCollector::test_record_crash_multiple_strategies PASSED [ 74%]
tests/test_statistics.py::TestStatisticsCollector::test_record_validation_failure PASSED [ 74%]
tests/test_statistics.py::TestStatisticsCollector::test_record_file_generated PASSED [ 75%]
tests/test_statistics.py::TestStatisticsCollector::test_record_tag_mutated PASSED [ 75%]
tests/test_statistics.py::TestStatisticsCollector::test_get_strategy_ranking PASSED [ 75%]
tests/test_statistics.py::TestStatisticsCollector::test_get_most_effective_strategy PASSED [ 75%]
tests/test_statistics.py::TestStatisticsCollector::test_get_most_effective_strategy_empty PASSED [ 75%]
tests/test_statistics.py::TestStatisticsCollector::test_get_coverage_report PASSED [ 75%]
tests/test_statistics.py::TestStatisticsCollector::test_get_summary PASSED [ 76%]
tests/test_statistics.py::TestStatisticsCollector::test_summary_strategy_details PASSED [ 76%]
tests/test_statistics.py::TestIntegration::test_complete_fuzzing_campaign PASSED [ 76%]
tests/test_statistics.py::TestIntegration::test_print_summary_does_not_crash PASSED [ 76%]
tests/test_statistics.py::TestIntegration::test_print_summary_with_mutated_tags PASSED [ 76%]
tests/test_strategies.py::TestMetadataFuzzer::test_initialization PASSED [ 76%]
tests/test_strategies.py::TestMetadataFuzzer::test_mutate_patient_info PASSED [ 76%]
tests/test_strategies.py::TestMetadataFuzzer::test_patient_id_format PASSED [ 77%]
tests/test_strategies.py::TestMetadataFuzzer::test_patient_name_format PASSED [ 77%]
tests/test_strategies.py::TestMetadataFuzzer::test_birth_date_format PASSED [ 77%]
tests/test_strategies.py::TestMetadataFuzzer::test_random_date_range PASSED [ 77%]
tests/test_strategies.py::TestMetadataFuzzer::test_mutations_are_random PASSED [ 77%]
tests/test_strategies.py::TestHeaderFuzzer::test_initialization PASSED   [ 77%]
tests/test_strategies.py::TestHeaderFuzzer::test_mutate_tags PASSED      [ 78%]
tests/test_strategies.py::TestHeaderFuzzer::test_overlong_strings_mutation PASSED [ 78%]
tests/test_strategies.py::TestHeaderFuzzer::test_overlong_strings_are_repeated_char PASSED [ 78%]
tests/test_strategies.py::TestHeaderFuzzer::test_mutate_without_institution_name PASSED [ 78%]
tests/test_strategies.py::TestHeaderFuzzer::test_multiple_mutations_applied PASSED [ 78%]
tests/test_strategies.py::TestPixelFuzzer::test_initialization PASSED    [ 78%]
tests/test_strategies.py::TestPixelFuzzer::test_mutate_pixels_with_pixel_data PASSED [ 78%]
tests/test_strategies.py::TestPixelFuzzer::test_pixel_corruption_introduces_changes PASSED [ 79%]
tests/test_strategies.py::TestPixelFuzzer::test_mutate_without_pixel_data PASSED [ 79%]
tests/test_strategies.py::TestPixelFuzzer::test_pixel_shape_preserved PASSED [ 79%]
tests/test_strategies.py::TestPixelFuzzer::test_pixel_dtype_preserved PASSED [ 79%]
tests/test_strategies.py::TestStructureFuzzer::test_initialization PASSED [ 79%]
tests/test_strategies.py::TestStructureFuzzer::test_mutate_structure PASSED [ 79%]
tests/test_strategies.py::TestStructureFuzzer::test_corrupt_tag_ordering PASSED [ 80%]
tests/test_strategies.py::TestStructureFuzzer::test_corrupt_length_fields PASSED [ 80%]
tests/test_strategies.py::TestStructureFuzzer::test_insert_unexpected_tags PASSED [ 80%]
tests/test_strategies.py::TestStructureFuzzer::test_duplicate_tags PASSED [ 80%]
tests/test_strategies.py::TestStructureFuzzer::test_multiple_structure_mutations PASSED [ 80%]
tests/test_strategies.py::TestEnhancedHeaderFuzzer::test_missing_required_tags_mutation PASSED [ 80%]
tests/test_strategies.py::TestEnhancedHeaderFuzzer::test_invalid_vr_values_dates PASSED [ 80%]
tests/test_strategies.py::TestEnhancedHeaderFuzzer::test_invalid_vr_values_times PASSED [ 81%]
tests/test_strategies.py::TestEnhancedHeaderFuzzer::test_boundary_values_numeric PASSED [ 81%]
tests/test_strategies.py::TestEnhancedHeaderFuzzer::test_boundary_values_strings PASSED [ 81%]
tests/test_strategies.py::TestEnhancedHeaderFuzzer::test_header_fuzzer_preserves_critical_tags PASSED [ 81%]
tests/test_strategies.py::TestIntegration::test_combined_fuzzing_workflow PASSED [ 81%]
tests/test_strategies.py::TestIntegration::test_fuzzer_order_independence PASSED [ 81%]
tests/test_strategies.py::TestIntegration::test_structure_fuzzer_integration PASSED [ 82%]
tests/test_strategies.py::TestIntegration::test_all_fuzzers_together PASSED [ 82%]
tests/test_strategies.py::TestStructureFuzzerFileCorruption::test_corrupt_file_header_preamble PASSED [ 82%]
tests/test_strategies.py::TestStructureFuzzerFileCorruption::test_corrupt_file_header_dicm_prefix PASSED [ 82%]
tests/test_strategies.py::TestStructureFuzzerFileCorruption::test_corrupt_file_header_transfer_syntax PASSED [ 82%]
tests/test_strategies.py::TestStructureFuzzerFileCorruption::test_corrupt_file_header_truncate PASSED [ 82%]
tests/test_strategies.py::TestStructureFuzzerFileCorruption::test_corrupt_file_header_with_default_output PASSED [ 83%]
tests/test_strategies.py::TestStructureFuzzerFileCorruption::test_corrupt_file_header_error_handling PASSED [ 83%]
tests/test_strategies.py::TestStructureFuzzerFileCorruption::test_corrupt_file_header_method PASSED [ 83%]
tests/test_strategies.py::TestHeaderFuzzerEdgeCases::test_boundary_values_generation PASSED [ 83%]
tests/test_strategies.py::TestHeaderFuzzerEdgeCases::test_invalid_vr_values_all_types PASSED [ 83%]
tests/test_strategies.py::TestHeaderFuzzerEdgeCases::test_overlong_strings_with_study_description PASSED [ 83%]
tests/test_strategies.py::TestHeaderFuzzerEdgeCases::test_overlong_strings_with_manufacturer PASSED [ 83%]
tests/test_strategies.py::TestHeaderFuzzerEdgeCases::test_missing_required_tags_exception_handling PASSED [ 84%]
tests/test_strategies.py::TestHeaderFuzzerEdgeCases::test_invalid_vr_with_series_number PASSED [ 84%]
tests/test_strategies.py::TestHeaderFuzzerEdgeCases::test_invalid_vr_with_slice_thickness PASSED [ 84%]
tests/test_strategies.py::TestHeaderFuzzerEdgeCases::test_boundary_values_with_patient_age PASSED [ 84%]
tests/test_strategies.py::TestHeaderFuzzerEdgeCases::test_missing_required_tags_all_types PASSED [ 84%]
tests/test_strategies.py::TestHeaderFuzzerEdgeCases::test_missing_required_tags_deletion_exception PASSED [ 84%]
tests/test_strategies.py::TestHeaderFuzzerEdgeCases::test_boundary_values_with_rows PASSED [ 85%]
tests/test_strategies.py::TestHeaderFuzzerEdgeCases::test_boundary_values_with_columns PASSED [ 85%]
tests/test_strategies.py::TestHeaderFuzzerEdgeCases::test_boundary_values_empty_string_tags PASSED [ 85%]
tests/test_strategies.py::TestStructureFuzzerExceptionPaths::test_insert_unexpected_tags_exception_handling PASSED [ 85%]
tests/test_strategies.py::TestStructureFuzzerExceptionPaths::test_duplicate_tags_with_empty_dataset PASSED [ 85%]
tests/test_strategies.py::TestStructureFuzzerExceptionPaths::test_duplicate_tags_exception_handling PASSED [ 85%]
tests/test_strategies.py::TestStructureFuzzerExceptionPaths::test_corrupt_tag_ordering_early_return PASSED [ 85%]
tests/test_strategies.py::TestStructureFuzzerExceptionPaths::test_insert_unexpected_tags_with_exception PASSED [ 86%]
tests/test_strategies.py::TestStructureFuzzerExceptionPaths::test_duplicate_tags_with_add_new_exception PASSED [ 86%]
tests/test_strategies.py::TestStructureFuzzerExceptionPaths::test_corrupt_tag_ordering_with_file_meta PASSED [ 86%]
tests/test_strategies.py::TestStructureFuzzerExceptionPaths::test_corrupt_tag_ordering_small_dataset PASSED [ 86%]
tests/test_strategies.py::TestStructureFuzzerExceptionPaths::test_corrupt_length_fields_underflow PASSED [ 86%]
tests/test_strategies.py::TestStructureFuzzerExceptionPaths::test_corrupt_length_fields_overflow PASSED [ 86%]
tests/test_strategies.py::TestStructureFuzzerExceptionPaths::test_corrupt_length_fields_mismatch PASSED [ 87%]
tests/test_strategies.py::TestStructureFuzzerExceptionPaths::test_insert_unexpected_tags_add_new_exception PASSED [ 87%]
tests/test_target_runner.py::TestTargetRunnerInit::test_init_with_valid_executable PASSED [ 87%]
tests/test_target_runner.py::TestTargetRunnerInit::test_init_with_custom_timeout PASSED [ 87%]
tests/test_target_runner.py::TestTargetRunnerInit::test_init_with_nonexistent_executable PASSED [ 87%]
tests/test_target_runner.py::TestTargetRunnerInit::test_init_creates_crash_directory PASSED [ 87%]
tests/test_target_runner.py::TestExecutionResult::test_execution_result_creation PASSED [ 88%]
tests/test_target_runner.py::TestExecutionResult::test_execution_result_bool_success PASSED [ 88%]
tests/test_target_runner.py::TestExecutionResult::test_execution_result_bool_crash PASSED [ 88%]
tests/test_target_runner.py::TestExecuteTest::test_execute_test_success PASSED [ 88%]
tests/test_target_runner.py::TestExecuteTest::test_execute_test_crash PASSED [ 88%]
tests/test_target_runner.py::TestExecuteTest::test_execute_test_error PASSED [ 88%]
tests/test_target_runner.py::TestExecuteTest::test_execute_test_timeout PASSED [ 88%]
tests/test_target_runner.py::TestExecuteTest::test_execute_test_exception PASSED [ 89%]
tests/test_target_runner.py::TestExecuteTest::test_execute_test_measures_time PASSED [ 89%]
tests/test_target_runner.py::TestRunCampaign::test_run_campaign_with_multiple_files PASSED [ 89%]
tests/test_target_runner.py::TestRunCampaign::test_run_campaign_with_mixed_results PASSED [ 89%]
tests/test_target_runner.py::TestRunCampaign::test_run_campaign_stop_on_crash PASSED [ 89%]
tests/test_target_runner.py::TestRunCampaign::test_run_campaign_empty_list PASSED [ 89%]
tests/test_target_runner.py::TestGetSummary::test_get_summary_all_success PASSED [ 90%]
tests/test_target_runner.py::TestGetSummary::test_get_summary_with_crashes PASSED [ 90%]
tests/test_target_runner.py::TestGetSummary::test_get_summary_truncates_long_lists PASSED [ 90%]
tests/test_target_runner.py::TestGetSummary::test_get_summary_with_hangs PASSED [ 90%]
tests/test_target_runner.py::TestGetSummary::test_get_summary_with_many_hangs PASSED [ 90%]
tests/test_target_runner.py::TestIntegration::test_end_to_end_campaign PASSED [ 90%]
tests/test_validator.py::TestValidationResult::test_initialization_defaults_to_valid PASSED [ 90%]
tests/test_validator.py::TestValidationResult::test_initialization_with_invalid PASSED [ 91%]
tests/test_validator.py::TestValidationResult::test_add_error_marks_invalid PASSED [ 91%]
tests/test_validator.py::TestValidationResult::test_add_error_with_context PASSED [ 91%]
tests/test_validator.py::TestValidationResult::test_add_warning_does_not_mark_invalid PASSED [ 91%]
tests/test_validator.py::TestValidationResult::test_add_warning_with_context PASSED [ 91%]
tests/test_validator.py::TestValidationResult::test_multiple_errors_and_warnings PASSED [ 91%]
tests/test_validator.py::TestValidationResult::test_bool_conversion_for_valid_result PASSED [ 92%]
tests/test_validator.py::TestValidationResult::test_bool_conversion_for_invalid_result PASSED [ 92%]
tests/test_validator.py::TestValidationResult::test_str_representation_valid PASSED [ 92%]
tests/test_validator.py::TestValidationResult::test_str_representation_with_errors PASSED [ 92%]
tests/test_validator.py::TestValidationResult::test_str_representation_with_warnings PASSED [ 92%]
tests/test_validator.py::TestValidationResult::test_str_representation_with_errors_and_warnings PASSED [ 92%]
tests/test_validator.py::TestDicomValidatorInit::test_default_initialization PASSED [ 92%]
tests/test_validator.py::TestDicomValidatorInit::test_initialization_strict_mode PASSED [ 93%]
tests/test_validator.py::TestDicomValidatorInit::test_initialization_custom_file_size PASSED [ 93%]
tests/test_validator.py::TestDicomValidatorInit::test_initialization_all_parameters PASSED [ 93%]
tests/test_validator.py::TestStructureValidation::test_validate_none_dataset PASSED [ 93%]
tests/test_validator.py::TestStructureValidation::test_validate_empty_dataset PASSED [ 93%]
tests/test_validator.py::TestStructureValidation::test_validate_minimal_valid_dataset PASSED [ 93%]
tests/test_validator.py::TestStructureValidation::test_validate_dataset_without_file_meta PASSED [ 94%]
tests/test_validator.py::TestRequiredTagsValidation::test_validate_with_all_required_tags PASSED [ 94%]
tests/test_validator.py::TestRequiredTagsValidation::test_validate_missing_patient_tags_non_strict PASSED [ 94%]
tests/test_validator.py::TestRequiredTagsValidation::test_validate_missing_patient_tags_strict PASSED [ 94%]
tests/test_validator.py::TestRequiredTagsValidation::test_validate_skip_required_tags_check PASSED [ 94%]
tests/test_validator.py::TestTagValuesValidation::test_validate_normal_tag_values PASSED [ 94%]
tests/test_validator.py::TestTagValuesValidation::test_validate_extremely_long_string_value PASSED [ 95%]
tests/test_validator.py::TestTagValuesValidation::test_validate_null_byte_in_string PASSED [ 95%]
tests/test_validator.py::TestTagValuesValidation::test_validate_empty_tag_values PASSED [ 95%]
tests/test_validator.py::TestTagValuesValidation::test_validate_trailing_null_allowed PASSED [ 95%]
tests/test_validator.py::TestTagValuesValidation::test_validate_skip_values_check PASSED [ 95%]
tests/test_validator.py::TestSecurityValidation::test_validate_normal_element_count PASSED [ 95%]
tests/test_validator.py::TestSecurityValidation::test_validate_suspicious_element_count PASSED [ 95%]
tests/test_validator.py::TestSecurityValidation::test_validate_deeply_nested_sequences PASSED [ 96%]
tests/test_validator.py::TestSecurityValidation::test_validate_normal_private_tags PASSED [ 96%]
tests/test_validator.py::TestSecurityValidation::test_validate_excessive_private_tags PASSED [ 96%]
tests/test_validator.py::TestSecurityValidation::test_validate_large_private_tag_data PASSED [ 96%]
tests/test_validator.py::TestSecurityValidation::test_validate_skip_security_check PASSED [ 96%]
tests/test_validator.py::TestFileValidation::test_validate_nonexistent_file PASSED [ 96%]
tests/test_validator.py::TestFileValidation::test_validate_empty_file PASSED [ 97%]
tests/test_validator.py::TestFileValidation::test_validate_oversized_file PASSED [ 97%]
tests/test_validator.py::TestFileValidation::test_validate_invalid_dicom_file PASSED [ 97%]
tests/test_validator.py::TestFileValidation::test_validate_file_parse_exception PASSED [ 97%]
tests/test_validator.py::TestFileValidation::test_validate_valid_dicom_file PASSED [ 97%]
tests/test_validator.py::TestFileValidation::test_validate_file_without_parsing PASSED [ 97%]
tests/test_validator.py::TestBatchValidation::test_validate_batch_empty_list PASSED [ 97%]
tests/test_validator.py::TestBatchValidation::test_validate_batch_single_dataset PASSED [ 98%]
tests/test_validator.py::TestBatchValidation::test_validate_batch_multiple_datasets PASSED [ 98%]
tests/test_validator.py::TestBatchValidation::test_validate_batch_mixed_validity PASSED [ 98%]
tests/test_validator.py::TestBatchValidation::test_validate_batch_stop_on_first_error PASSED [ 98%]
tests/test_validator.py::TestBatchValidation::test_validate_batch_continue_on_errors PASSED [ 98%]
tests/test_validator.py::TestStrictMode::test_missing_tags_strict_mode PASSED [ 98%]
tests/test_validator.py::TestStrictMode::test_missing_tags_non_strict_mode PASSED [ 99%]
tests/test_validator.py::TestPropertyBasedTesting::test_max_file_size_configuration PASSED [ 99%]
tests/test_validator.py::TestPropertyBasedTesting::test_strict_mode_configuration PASSED [ 99%]
tests/test_validator.py::TestIntegration::test_complete_validation_workflow PASSED [ 99%]
tests/test_validator.py::TestIntegration::test_validator_with_mutated_dataset PASSED [ 99%]
tests/test_validator.py::TestIntegration::test_batch_validation_workflow PASSED [ 99%]
tests/test_validator.py::TestIntegration::test_validator_integration_with_security_logger PASSED [100%]

================================== FAILURES ===================================
____________ TestDicomMutatorInit.test_mutator_creation_no_config _____________
tests\test_mutator.py:167: in test_mutator_creation_no_config
    assert mutator.strategies == []
E   assert [<strategies....01E7C34EEED0>] == []
E
E     Left contains one more item: <strategies.dictionary_fuzzer.DictionaryFuzzer object at 0x000001E7C34EEED0>
E
E     Full diff:
E     - []
E     + [
E     +     <strategies.dictionary_fuzzer.DictionaryFuzzer object at 0x000001E7C34EEED0>,
E     + ]
---------------------------- Captured stdout call -----------------------------
2025-10-04 22:44:33 [info     ] Dictionary fuzzer initialized  dictionaries=18 edge_cases=10
2025-10-04 22:44:33 [debug    ] Registered mutation strategy: dictionary
2025-10-04 22:44:33 [info     ] Registered dictionary fuzzer strategy
2025-10-04 22:44:33 [info     ] DicomMutator initialized with config: {'max_mutations_per_file': 3, 'mutation_probability': 0.7, 'default_severity': <MutationSeverity.MODERATE: 'moderate'>, 'preserve_critical_elements': True, 'enable_mutation_tracking': True, 'safety_checks': True}
____________ TestStrategyRegistration.test_register_valid_strategy ____________
tests\test_mutator.py:227: in test_register_valid_strategy
    assert len(mutator.strategies) == 1
E   AssertionError: assert 2 == 1
E    +  where 2 = len([<strategies.dictionary_fuzzer.DictionaryFuzzer object at 0x000001E7C349CB90>, <Mock id='2094922120368'>])
E    +    where [<strategies.dictionary_fuzzer.DictionaryFuzzer object at 0x000001E7C349CB90>, <Mock id='2094922120368'>] = <core.mutator.DicomMutator object at 0x000001E7C2CDBA50>.strategies
---------------------------- Captured stdout call -----------------------------
2025-10-04 22:44:33 [info     ] Dictionary fuzzer initialized  dictionaries=18 edge_cases=10
2025-10-04 22:44:33 [debug    ] Registered mutation strategy: dictionary
2025-10-04 22:44:33 [info     ] Registered dictionary fuzzer strategy
2025-10-04 22:44:33 [info     ] DicomMutator initialized with config: {'max_mutations_per_file': 3, 'mutation_probability': 0.7, 'default_severity': <MutationSeverity.MODERATE: 'moderate'>, 'preserve_critical_elements': True, 'enable_mutation_tracking': True, 'safety_checks': True}
2025-10-04 22:44:33 [debug    ] Registered mutation strategy: test_strategy
_________ TestStrategyRegistration.test_register_multiple_strategies __________
tests\test_mutator.py:245: in test_register_multiple_strategies
    assert len(mutator.strategies) == 2
E   AssertionError: assert 3 == 2
E    +  where 3 = len([<strategies.dictionary_fuzzer.DictionaryFuzzer object at 0x000001E7C349D970>, <Mock id='2094922583744'>, <Mock id='2094922584416'>])
E    +    where [<strategies.dictionary_fuzzer.DictionaryFuzzer object at 0x000001E7C349D970>, <Mock id='2094922583744'>, <Mock id='2094922584416'>] = <core.mutator.DicomMutator object at 0x000001E7C2CDB950>.strategies
---------------------------- Captured stdout call -----------------------------
2025-10-04 22:44:33 [info     ] Dictionary fuzzer initialized  dictionaries=18 edge_cases=10
2025-10-04 22:44:33 [debug    ] Registered mutation strategy: dictionary
2025-10-04 22:44:33 [info     ] Registered dictionary fuzzer strategy
2025-10-04 22:44:33 [info     ] DicomMutator initialized with config: {'max_mutations_per_file': 3, 'mutation_probability': 0.7, 'default_severity': <MutationSeverity.MODERATE: 'moderate'>, 'preserve_critical_elements': True, 'enable_mutation_tracking': True, 'safety_checks': True}
2025-10-04 22:44:33 [debug    ] Registered mutation strategy: strategy1
2025-10-04 22:44:33 [debug    ] Registered mutation strategy: strategy2
_________ TestMutationApplication.test_apply_mutations_with_strategy __________
tests\test_mutator.py:389: in test_apply_mutations_with_strategy
    strategy.mutate.assert_called()
..\..\..\..\..\..\..\AppData\Roaming\uv\python\cpython-3.13.0-windows-x86_64-none\Lib\unittest\mock.py:946: in assert_called
    raise AssertionError(msg)
E   AssertionError: Expected 'mutate' to have been called.
---------------------------- Captured stdout call -----------------------------
2025-10-04 22:44:33 [info     ] Dictionary fuzzer initialized  dictionaries=18 edge_cases=10
2025-10-04 22:44:33 [debug    ] Registered mutation strategy: dictionary
2025-10-04 22:44:33 [info     ] Registered dictionary fuzzer strategy
2025-10-04 22:44:33 [info     ] DicomMutator initialized with config: {'max_mutations_per_file': 3, 'mutation_probability': 0.7, 'default_severity': <MutationSeverity.MODERATE: 'moderate'>, 'preserve_critical_elements': True, 'enable_mutation_tracking': True, 'safety_checks': True}
2025-10-04 22:44:33 [debug    ] Registered mutation strategy: test_strategy
2025-10-04 22:44:33 [info     ] mutation_session_started       config={'max_mutations_per_file': 3, 'mutation_probability': 0.7, 'default_severity': 'moderate', 'preserve_critical_elements': True, 'enable_mutation_tracking': True, 'safety_checks': True} file_info=None security_event=True session_id=0ddeffaf
2025-10-04 22:44:33 [info     ] Started mutation session: 0ddeffaf
2025-10-04 22:44:33 [info     ] Applying 1 mutations with moderate severity
2025-10-04 22:44:33 [debug    ] Applying dictionary mutation
2025-10-04 22:44:33 [debug    ] Mutated tag 00100020           new_value=123 456 old_value=123 456
2025-10-04 22:44:33 [debug    ] Mutated tag 0020000D           new_value=1.2.392.200036.9116.1759610673.572809 old_value=1.2.392.200036.9116.1759610673.572809
2025-10-04 22:44:33 [debug    ] Applied dictionary mutations   num_mutations=2 severity=moderate
2025-10-04 22:44:33 [debug    ] Recorded mutation: 4b279d32
2025-10-04 22:44:33 [info     ] Successfully applied 1 mutations
_____ TestMutationApplication.test_apply_mutations_respects_num_mutations _____
tests\test_mutator.py:406: in test_apply_mutations_respects_num_mutations
    assert strategy.mutate.call_count == 3
E   AssertionError: assert 1 == 3
E    +  where 1 = <Mock name='mock.mutate' id='2094922593488'>.call_count
E    +    where <Mock name='mock.mutate' id='2094922593488'> = <Mock id='2094922590800'>.mutate
---------------------------- Captured stdout call -----------------------------
2025-10-04 22:44:33 [info     ] Dictionary fuzzer initialized  dictionaries=18 edge_cases=10
2025-10-04 22:44:33 [debug    ] Registered mutation strategy: dictionary
2025-10-04 22:44:33 [info     ] Registered dictionary fuzzer strategy
2025-10-04 22:44:33 [info     ] DicomMutator initialized with config: {'mutation_probability': 1.0, 'max_mutations_per_file': 3, 'default_severity': <MutationSeverity.MODERATE: 'moderate'>, 'preserve_critical_elements': True, 'enable_mutation_tracking': True, 'safety_checks': True}
2025-10-04 22:44:33 [debug    ] Registered mutation strategy: test
2025-10-04 22:44:33 [info     ] mutation_session_started       config={'mutation_probability': 1.0, 'max_mutations_per_file': 3, 'default_severity': 'moderate', 'preserve_critical_elements': True, 'enable_mutation_tracking': True, 'safety_checks': True} file_info=None security_event=True session_id=e6aa5fc6
2025-10-04 22:44:33 [info     ] Started mutation session: e6aa5fc6
2025-10-04 22:44:33 [info     ] Applying 3 mutations with moderate severity
2025-10-04 22:44:33 [debug    ] Applying dictionary mutation
2025-10-04 22:44:33 [debug    ] Mutated tag 0020000E           new_value=1.2.392.200036.9125.1759610673.255696 old_value=1.2.392.200036.9125.1759610673.255696
2025-10-04 22:44:33 [debug    ] Mutated tag 00100040           new_value=M old_value=M
2025-10-04 22:44:33 [debug    ] Applied dictionary mutations   num_mutations=2 severity=moderate
2025-10-04 22:44:33 [debug    ] Recorded mutation: a2c3c377
2025-10-04 22:44:33 [debug    ] Applying dictionary mutation
2025-10-04 22:44:33 [debug    ] Mutated tag 0020000E           new_value=AAAAAAAAAAAAAAAAAAAAAAAAAAAAAAAAAAAAAAAAAAAAAAAAAA old_value=AAAAAAAAAAAAAAAAAAAAAAAAAAAAAAAAAAAAAAAAAAAAAAAAAA
2025-10-04 22:44:33 [debug    ] Mutated tag 00080016           new_value="'; DROP TABLE patients; --" old_value="'; DROP TABLE patients; --"
2025-10-04 22:44:33 [debug    ] Mutated tag 00080060           new_value=MR old_value=MR
2025-10-04 22:44:33 [debug    ] Applied dictionary mutations   num_mutations=3 severity=moderate
2025-10-04 22:44:33 [debug    ] Recorded mutation: 3751ea90
2025-10-04 22:44:33 [debug    ] Applying test mutation
2025-10-04 22:44:33 [debug    ] Recorded mutation: d7ef027b
2025-10-04 22:44:33 [info     ] Successfully applied 3 mutations
------------------------------ Captured log call ------------------------------
WARNING  pydicom:misc.py:82 The value length (1024) exceeds the maximum length of 64 allowed for VR UI. Invalid value for VR UI: 'AAAAAAAAAAAAAAAAAAAAAAAAAAAAAAAAAAAAAAAAAAAAAAAAAAAAAAAAAAAAAAAAAAAAAAAAAAAAAAAAAAAAAAAAAAAAAAAAAAAAAAAAAAAAAAAAAAAAAAAAAAAAAAAAAAAAAAAAAAAAAAAAAAAAAAAAAAAAAAAAAAAAAAAAAAAAAAAAAAAAAAAAAAAAAAAAAAAAAAAAAAAAAAAAAAAAAAAAAAAAAAAAAAAAAAAAAAAAAAAAAAAAAAAAAAAAAAAAAAAAAAAAAAAAAAAAAAAAAAAAAAAAAAAAAAAAAAAAAAAAAAAAAAAAAAAAAAAAAAAAAAAAAAAAAAAAAAAAAAAAAAAAAAAAAAAAAAAAAAAAAAAAAAAAAAAAAAAAAAAAAAAAAAAAAAAAAAAAAAAAAAAAAAAAAAAAAAAAAAAAAAAAAAAAAAAAAAAAAAAAAAAAAAAAAAAAAAAAAAAAAAAAAAAAAAAAAAAAAAAAAAAAAAAAAAAAAAAAAAAAAAAAAAAAAAAAAAAAAAAAAAAAAAAAAAAAAAAAAAAAAAAAAAAAAAAAAAAAAAAAAAAAAAAAAAAAAAAAAAAAAAAAAAAAAAAAAAAAAAAAAAAAAAAAAAAAAAAAAAAAAAAAAAAAAAAAAAAAAAAAAAAAAAAAAAAAAAAAAAAAAAAAAAAAAAAAAAAAAAAAAAAAAAAAAAAAAAAAAAAAAAAAAAAAAAAAAAAAAAAAAAAAAAAAAAAAAAAAAAAAAAAAAAAAAAAAAAAAAAAAAAAAAAAAAAAAAAAAAAAAAAAAAAAAAAAAAAAAAAAAAAAAAAAAAAAAAAAAAAAAAAAAAAAAAAAAAAAAAAAAAAAAAAAAAAAAAAAAAAAAAAAAAAAAAAAAAAAAAAAAAAAAAAAAAAAAAAAAAAAAAAAAAAAAAAAAAAAAAAAAAAAAAAAAAAAAAAAAAAAAAAAAAAAAAAAAAAAAAAAAAAAAAAAAAAAAAAAAAAAAAAAAAAAAAAAAAAAAAAAAAAAAAAAAAAAAAAAAAAAAAAAA'. Please see <https://dicom.nema.org/medical/dicom/current/output/html/part05.html#table_6.2-1> for allowed values for each VR.
WARNING  pydicom:misc.py:82 Invalid value for VR UI: "'; DROP TABLE patients; --". Please see <https://dicom.nema.org/medical/dicom/current/output/html/part05.html#table_6.2-1> for allowed values for each VR.
______________ TestIntegration.test_multiple_strategies_workflow ______________
tests\test_mutator.py:655: in test_multiple_strategies_workflow
    assert len(mutator.strategies) == 3
E   AssertionError: assert 4 == 3
E    +  where 4 = len([<strategies.dictionary_fuzzer.DictionaryFuzzer object at 0x000001E7C3503530>, <Mock id='2094927996848'>, <Mock id='2094927996176'>, <Mock id='2094927991808'>])
E    +    where [<strategies.dictionary_fuzzer.DictionaryFuzzer object at 0x000001E7C3503530>, <Mock id='2094927996848'>, <Mock id='2094927996176'>, <Mock id='2094927991808'>] = <core.mutator.DicomMutator object at 0x000001E7C3503B30>.strategies
---------------------------- Captured stdout call -----------------------------
2025-10-04 22:44:33 [info     ] Dictionary fuzzer initialized  dictionaries=18 edge_cases=10
2025-10-04 22:44:33 [debug    ] Registered mutation strategy: dictionary
2025-10-04 22:44:33 [info     ] Registered dictionary fuzzer strategy
2025-10-04 22:44:33 [info     ] DicomMutator initialized with config: {'mutation_probability': 1.0, 'max_mutations_per_file': 3, 'default_severity': <MutationSeverity.MODERATE: 'moderate'>, 'preserve_critical_elements': True, 'enable_mutation_tracking': True, 'safety_checks': True}
2025-10-04 22:44:33 [debug    ] Registered mutation strategy: strategy0
2025-10-04 22:44:33 [debug    ] Registered mutation strategy: strategy1
2025-10-04 22:44:33 [debug    ] Registered mutation strategy: strategy2
============================== warnings summary ===============================
tests/test_dictionary_fuzzer.py::TestMutationSeverity::test_moderate_mutations
tests/test_dictionary_fuzzer.py::TestMutationSeverity::test_aggressive_mutations
tests/test_dictionary_fuzzer.py::TestMutationSeverity::test_extreme_mutations
tests/test_dictionary_fuzzer.py::TestPerformance::test_mutation_performance
  C:\Users\david.dashti\OneDrive - Hermes Medical Solutions AB\Documents\David - Main\Personal\Private\Code\DICOM-Fuzzer\.venv\Lib\site-packages\pydicom\dataset.py:2710: UserWarning: Camel case attribute 'Tag0' used which is not in the element keyword data dictionary
    warn_and_log(msg)

tests/test_dictionary_fuzzer.py::TestMutationSeverity::test_moderate_mutations
tests/test_dictionary_fuzzer.py::TestMutationSeverity::test_aggressive_mutations
tests/test_dictionary_fuzzer.py::TestMutationSeverity::test_extreme_mutations
tests/test_dictionary_fuzzer.py::TestPerformance::test_mutation_performance
  C:\Users\david.dashti\OneDrive - Hermes Medical Solutions AB\Documents\David - Main\Personal\Private\Code\DICOM-Fuzzer\.venv\Lib\site-packages\pydicom\dataset.py:2710: UserWarning: Camel case attribute 'Tag1' used which is not in the element keyword data dictionary
    warn_and_log(msg)

tests/test_dictionary_fuzzer.py::TestMutationSeverity::test_moderate_mutations
tests/test_dictionary_fuzzer.py::TestMutationSeverity::test_aggressive_mutations
tests/test_dictionary_fuzzer.py::TestMutationSeverity::test_extreme_mutations
tests/test_dictionary_fuzzer.py::TestPerformance::test_mutation_performance
  C:\Users\david.dashti\OneDrive - Hermes Medical Solutions AB\Documents\David - Main\Personal\Private\Code\DICOM-Fuzzer\.venv\Lib\site-packages\pydicom\dataset.py:2710: UserWarning: Camel case attribute 'Tag2' used which is not in the element keyword data dictionary
    warn_and_log(msg)

tests/test_dictionary_fuzzer.py::TestMutationSeverity::test_moderate_mutations
tests/test_dictionary_fuzzer.py::TestMutationSeverity::test_aggressive_mutations
tests/test_dictionary_fuzzer.py::TestMutationSeverity::test_extreme_mutations
tests/test_dictionary_fuzzer.py::TestPerformance::test_mutation_performance
  C:\Users\david.dashti\OneDrive - Hermes Medical Solutions AB\Documents\David - Main\Personal\Private\Code\DICOM-Fuzzer\.venv\Lib\site-packages\pydicom\dataset.py:2710: UserWarning: Camel case attribute 'Tag3' used which is not in the element keyword data dictionary
    warn_and_log(msg)

tests/test_dictionary_fuzzer.py::TestMutationSeverity::test_moderate_mutations
tests/test_dictionary_fuzzer.py::TestMutationSeverity::test_aggressive_mutations
tests/test_dictionary_fuzzer.py::TestMutationSeverity::test_extreme_mutations
tests/test_dictionary_fuzzer.py::TestPerformance::test_mutation_performance
  C:\Users\david.dashti\OneDrive - Hermes Medical Solutions AB\Documents\David - Main\Personal\Private\Code\DICOM-Fuzzer\.venv\Lib\site-packages\pydicom\dataset.py:2710: UserWarning: Camel case attribute 'Tag4' used which is not in the element keyword data dictionary
    warn_and_log(msg)

tests/test_dictionary_fuzzer.py::TestMutationSeverity::test_moderate_mutations
tests/test_dictionary_fuzzer.py::TestMutationSeverity::test_aggressive_mutations
tests/test_dictionary_fuzzer.py::TestMutationSeverity::test_extreme_mutations
tests/test_dictionary_fuzzer.py::TestPerformance::test_mutation_performance
  C:\Users\david.dashti\OneDrive - Hermes Medical Solutions AB\Documents\David - Main\Personal\Private\Code\DICOM-Fuzzer\.venv\Lib\site-packages\pydicom\dataset.py:2710: UserWarning: Camel case attribute 'Tag5' used which is not in the element keyword data dictionary
    warn_and_log(msg)

tests/test_dictionary_fuzzer.py::TestMutationSeverity::test_moderate_mutations
tests/test_dictionary_fuzzer.py::TestMutationSeverity::test_aggressive_mutations
tests/test_dictionary_fuzzer.py::TestMutationSeverity::test_extreme_mutations
tests/test_dictionary_fuzzer.py::TestPerformance::test_mutation_performance
  C:\Users\david.dashti\OneDrive - Hermes Medical Solutions AB\Documents\David - Main\Personal\Private\Code\DICOM-Fuzzer\.venv\Lib\site-packages\pydicom\dataset.py:2710: UserWarning: Camel case attribute 'Tag6' used which is not in the element keyword data dictionary
    warn_and_log(msg)

tests/test_dictionary_fuzzer.py::TestMutationSeverity::test_moderate_mutations
tests/test_dictionary_fuzzer.py::TestMutationSeverity::test_aggressive_mutations
tests/test_dictionary_fuzzer.py::TestMutationSeverity::test_extreme_mutations
tests/test_dictionary_fuzzer.py::TestPerformance::test_mutation_performance
  C:\Users\david.dashti\OneDrive - Hermes Medical Solutions AB\Documents\David - Main\Personal\Private\Code\DICOM-Fuzzer\.venv\Lib\site-packages\pydicom\dataset.py:2710: UserWarning: Camel case attribute 'Tag7' used which is not in the element keyword data dictionary
    warn_and_log(msg)

tests/test_dictionary_fuzzer.py::TestMutationSeverity::test_moderate_mutations
tests/test_dictionary_fuzzer.py::TestMutationSeverity::test_aggressive_mutations
tests/test_dictionary_fuzzer.py::TestMutationSeverity::test_extreme_mutations
tests/test_dictionary_fuzzer.py::TestPerformance::test_mutation_performance
  C:\Users\david.dashti\OneDrive - Hermes Medical Solutions AB\Documents\David - Main\Personal\Private\Code\DICOM-Fuzzer\.venv\Lib\site-packages\pydicom\dataset.py:2710: UserWarning: Camel case attribute 'Tag8' used which is not in the element keyword data dictionary
    warn_and_log(msg)

tests/test_dictionary_fuzzer.py::TestMutationSeverity::test_moderate_mutations
tests/test_dictionary_fuzzer.py::TestMutationSeverity::test_aggressive_mutations
tests/test_dictionary_fuzzer.py::TestMutationSeverity::test_extreme_mutations
tests/test_dictionary_fuzzer.py::TestPerformance::test_mutation_performance
  C:\Users\david.dashti\OneDrive - Hermes Medical Solutions AB\Documents\David - Main\Personal\Private\Code\DICOM-Fuzzer\.venv\Lib\site-packages\pydicom\dataset.py:2710: UserWarning: Camel case attribute 'Tag9' used which is not in the element keyword data dictionary
    warn_and_log(msg)

tests/test_dictionary_fuzzer.py::TestMutationSeverity::test_aggressive_mutations
tests/test_dictionary_fuzzer.py::TestMutationSeverity::test_extreme_mutations
tests/test_dictionary_fuzzer.py::TestPerformance::test_mutation_performance
  C:\Users\david.dashti\OneDrive - Hermes Medical Solutions AB\Documents\David - Main\Personal\Private\Code\DICOM-Fuzzer\.venv\Lib\site-packages\pydicom\dataset.py:2710: UserWarning: Camel case attribute 'Tag10' used which is not in the element keyword data dictionary
    warn_and_log(msg)

tests/test_dictionary_fuzzer.py::TestMutationSeverity::test_aggressive_mutations
tests/test_dictionary_fuzzer.py::TestMutationSeverity::test_extreme_mutations
tests/test_dictionary_fuzzer.py::TestPerformance::test_mutation_performance
  C:\Users\david.dashti\OneDrive - Hermes Medical Solutions AB\Documents\David - Main\Personal\Private\Code\DICOM-Fuzzer\.venv\Lib\site-packages\pydicom\dataset.py:2710: UserWarning: Camel case attribute 'Tag11' used which is not in the element keyword data dictionary
    warn_and_log(msg)

tests/test_dictionary_fuzzer.py::TestMutationSeverity::test_aggressive_mutations
tests/test_dictionary_fuzzer.py::TestMutationSeverity::test_extreme_mutations
tests/test_dictionary_fuzzer.py::TestPerformance::test_mutation_performance
  C:\Users\david.dashti\OneDrive - Hermes Medical Solutions AB\Documents\David - Main\Personal\Private\Code\DICOM-Fuzzer\.venv\Lib\site-packages\pydicom\dataset.py:2710: UserWarning: Camel case attribute 'Tag12' used which is not in the element keyword data dictionary
    warn_and_log(msg)

tests/test_dictionary_fuzzer.py::TestMutationSeverity::test_aggressive_mutations
tests/test_dictionary_fuzzer.py::TestMutationSeverity::test_extreme_mutations
tests/test_dictionary_fuzzer.py::TestPerformance::test_mutation_performance
  C:\Users\david.dashti\OneDrive - Hermes Medical Solutions AB\Documents\David - Main\Personal\Private\Code\DICOM-Fuzzer\.venv\Lib\site-packages\pydicom\dataset.py:2710: UserWarning: Camel case attribute 'Tag13' used which is not in the element keyword data dictionary
    warn_and_log(msg)

tests/test_dictionary_fuzzer.py::TestMutationSeverity::test_aggressive_mutations
tests/test_dictionary_fuzzer.py::TestMutationSeverity::test_extreme_mutations
tests/test_dictionary_fuzzer.py::TestPerformance::test_mutation_performance
  C:\Users\david.dashti\OneDrive - Hermes Medical Solutions AB\Documents\David - Main\Personal\Private\Code\DICOM-Fuzzer\.venv\Lib\site-packages\pydicom\dataset.py:2710: UserWarning: Camel case attribute 'Tag14' used which is not in the element keyword data dictionary
    warn_and_log(msg)

tests/test_dictionary_fuzzer.py::TestMutationSeverity::test_aggressive_mutations
tests/test_dictionary_fuzzer.py::TestMutationSeverity::test_extreme_mutations
tests/test_dictionary_fuzzer.py::TestPerformance::test_mutation_performance
  C:\Users\david.dashti\OneDrive - Hermes Medical Solutions AB\Documents\David - Main\Personal\Private\Code\DICOM-Fuzzer\.venv\Lib\site-packages\pydicom\dataset.py:2710: UserWarning: Camel case attribute 'Tag15' used which is not in the element keyword data dictionary
    warn_and_log(msg)

tests/test_dictionary_fuzzer.py::TestMutationSeverity::test_aggressive_mutations
tests/test_dictionary_fuzzer.py::TestMutationSeverity::test_extreme_mutations
tests/test_dictionary_fuzzer.py::TestPerformance::test_mutation_performance
  C:\Users\david.dashti\OneDrive - Hermes Medical Solutions AB\Documents\David - Main\Personal\Private\Code\DICOM-Fuzzer\.venv\Lib\site-packages\pydicom\dataset.py:2710: UserWarning: Camel case attribute 'Tag16' used which is not in the element keyword data dictionary
    warn_and_log(msg)

tests/test_dictionary_fuzzer.py::TestMutationSeverity::test_aggressive_mutations
tests/test_dictionary_fuzzer.py::TestMutationSeverity::test_extreme_mutations
tests/test_dictionary_fuzzer.py::TestPerformance::test_mutation_performance
  C:\Users\david.dashti\OneDrive - Hermes Medical Solutions AB\Documents\David - Main\Personal\Private\Code\DICOM-Fuzzer\.venv\Lib\site-packages\pydicom\dataset.py:2710: UserWarning: Camel case attribute 'Tag17' used which is not in the element keyword data dictionary
    warn_and_log(msg)

tests/test_dictionary_fuzzer.py::TestMutationSeverity::test_aggressive_mutations
tests/test_dictionary_fuzzer.py::TestMutationSeverity::test_extreme_mutations
tests/test_dictionary_fuzzer.py::TestPerformance::test_mutation_performance
  C:\Users\david.dashti\OneDrive - Hermes Medical Solutions AB\Documents\David - Main\Personal\Private\Code\DICOM-Fuzzer\.venv\Lib\site-packages\pydicom\dataset.py:2710: UserWarning: Camel case attribute 'Tag18' used which is not in the element keyword data dictionary
    warn_and_log(msg)

tests/test_dictionary_fuzzer.py::TestMutationSeverity::test_aggressive_mutations
tests/test_dictionary_fuzzer.py::TestMutationSeverity::test_extreme_mutations
tests/test_dictionary_fuzzer.py::TestPerformance::test_mutation_performance
  C:\Users\david.dashti\OneDrive - Hermes Medical Solutions AB\Documents\David - Main\Personal\Private\Code\DICOM-Fuzzer\.venv\Lib\site-packages\pydicom\dataset.py:2710: UserWarning: Camel case attribute 'Tag19' used which is not in the element keyword data dictionary
    warn_and_log(msg)

tests/test_dictionary_fuzzer.py::TestSystematicEdgeCases::test_inject_very_long_strings
tests/test_dictionary_fuzzer.py::TestIntegrationWithMutator::test_mutator_uses_dictionary_strategy
tests/test_dictionary_fuzzer.py::TestEdgeCases::test_dataset_with_sequences
  C:\Users\david.dashti\OneDrive - Hermes Medical Solutions AB\Documents\David - Main\Personal\Private\Code\DICOM-Fuzzer\.venv\Lib\site-packages\pydicom\valuerep.py:440: UserWarning: The PN component length (256) exceeds the maximum allowed length of 64.
    warn_and_log(msg)

tests/test_dictionary_fuzzer.py::TestSystematicEdgeCases::test_inject_very_long_strings
  C:\Users\david.dashti\OneDrive - Hermes Medical Solutions AB\Documents\David - Main\Personal\Private\Code\DICOM-Fuzzer\.venv\Lib\site-packages\pydicom\valuerep.py:440: UserWarning: The PN component length (1024) exceeds the maximum allowed length of 64.
    warn_and_log(msg)

tests/test_dictionary_fuzzer.py::TestSystematicEdgeCases::test_inject_very_long_strings
  C:\Users\david.dashti\OneDrive - Hermes Medical Solutions AB\Documents\David - Main\Personal\Private\Code\DICOM-Fuzzer\.venv\Lib\site-packages\pydicom\valuerep.py:440: UserWarning: The PN component length (65536) exceeds the maximum allowed length of 64.
    warn_and_log(msg)

tests/test_dictionary_fuzzer.py::TestEdgeCases::test_mutation_preserves_dataset_structure
tests/test_mutator.py::TestMutationApplication::test_apply_mutations_skips_inapplicable_strategies
  C:\Users\david.dashti\OneDrive - Hermes Medical Solutions AB\Documents\David - Main\Personal\Private\Code\DICOM-Fuzzer\.venv\Lib\site-packages\pydicom\valuerep.py:440: UserWarning: The value length (20) exceeds the maximum length of 16 allowed for VR CS. Please see <https://dicom.nema.org/medical/dicom/current/output/html/part05.html#table_6.2-1> for allowed values for each VR.
    warn_and_log(msg)

tests/test_dictionary_fuzzer.py::TestPerformance::test_mutation_performance
  C:\Users\david.dashti\OneDrive - Hermes Medical Solutions AB\Documents\David - Main\Personal\Private\Code\DICOM-Fuzzer\.venv\Lib\site-packages\pydicom\dataset.py:2710: UserWarning: Camel case attribute 'Tag20' used which is not in the element keyword data dictionary
    warn_and_log(msg)

tests/test_dictionary_fuzzer.py::TestPerformance::test_mutation_performance
  C:\Users\david.dashti\OneDrive - Hermes Medical Solutions AB\Documents\David - Main\Personal\Private\Code\DICOM-Fuzzer\.venv\Lib\site-packages\pydicom\dataset.py:2710: UserWarning: Camel case attribute 'Tag21' used which is not in the element keyword data dictionary
    warn_and_log(msg)

tests/test_dictionary_fuzzer.py::TestPerformance::test_mutation_performance
  C:\Users\david.dashti\OneDrive - Hermes Medical Solutions AB\Documents\David - Main\Personal\Private\Code\DICOM-Fuzzer\.venv\Lib\site-packages\pydicom\dataset.py:2710: UserWarning: Camel case attribute 'Tag22' used which is not in the element keyword data dictionary
    warn_and_log(msg)

tests/test_dictionary_fuzzer.py::TestPerformance::test_mutation_performance
  C:\Users\david.dashti\OneDrive - Hermes Medical Solutions AB\Documents\David - Main\Personal\Private\Code\DICOM-Fuzzer\.venv\Lib\site-packages\pydicom\dataset.py:2710: UserWarning: Camel case attribute 'Tag23' used which is not in the element keyword data dictionary
    warn_and_log(msg)

tests/test_dictionary_fuzzer.py::TestPerformance::test_mutation_performance
  C:\Users\david.dashti\OneDrive - Hermes Medical Solutions AB\Documents\David - Main\Personal\Private\Code\DICOM-Fuzzer\.venv\Lib\site-packages\pydicom\dataset.py:2710: UserWarning: Camel case attribute 'Tag24' used which is not in the element keyword data dictionary
    warn_and_log(msg)

tests/test_dictionary_fuzzer.py::TestPerformance::test_mutation_performance
  C:\Users\david.dashti\OneDrive - Hermes Medical Solutions AB\Documents\David - Main\Personal\Private\Code\DICOM-Fuzzer\.venv\Lib\site-packages\pydicom\dataset.py:2710: UserWarning: Camel case attribute 'Tag25' used which is not in the element keyword data dictionary
    warn_and_log(msg)

tests/test_dictionary_fuzzer.py::TestPerformance::test_mutation_performance
  C:\Users\david.dashti\OneDrive - Hermes Medical Solutions AB\Documents\David - Main\Personal\Private\Code\DICOM-Fuzzer\.venv\Lib\site-packages\pydicom\dataset.py:2710: UserWarning: Camel case attribute 'Tag26' used which is not in the element keyword data dictionary
    warn_and_log(msg)

tests/test_dictionary_fuzzer.py::TestPerformance::test_mutation_performance
  C:\Users\david.dashti\OneDrive - Hermes Medical Solutions AB\Documents\David - Main\Personal\Private\Code\DICOM-Fuzzer\.venv\Lib\site-packages\pydicom\dataset.py:2710: UserWarning: Camel case attribute 'Tag27' used which is not in the element keyword data dictionary
    warn_and_log(msg)

tests/test_dictionary_fuzzer.py::TestPerformance::test_mutation_performance
  C:\Users\david.dashti\OneDrive - Hermes Medical Solutions AB\Documents\David - Main\Personal\Private\Code\DICOM-Fuzzer\.venv\Lib\site-packages\pydicom\dataset.py:2710: UserWarning: Camel case attribute 'Tag28' used which is not in the element keyword data dictionary
    warn_and_log(msg)

tests/test_dictionary_fuzzer.py::TestPerformance::test_mutation_performance
  C:\Users\david.dashti\OneDrive - Hermes Medical Solutions AB\Documents\David - Main\Personal\Private\Code\DICOM-Fuzzer\.venv\Lib\site-packages\pydicom\dataset.py:2710: UserWarning: Camel case attribute 'Tag29' used which is not in the element keyword data dictionary
    warn_and_log(msg)

tests/test_dictionary_fuzzer.py::TestPerformance::test_mutation_performance
  C:\Users\david.dashti\OneDrive - Hermes Medical Solutions AB\Documents\David - Main\Personal\Private\Code\DICOM-Fuzzer\.venv\Lib\site-packages\pydicom\dataset.py:2710: UserWarning: Camel case attribute 'Tag30' used which is not in the element keyword data dictionary
    warn_and_log(msg)

tests/test_dictionary_fuzzer.py::TestPerformance::test_mutation_performance
  C:\Users\david.dashti\OneDrive - Hermes Medical Solutions AB\Documents\David - Main\Personal\Private\Code\DICOM-Fuzzer\.venv\Lib\site-packages\pydicom\dataset.py:2710: UserWarning: Camel case attribute 'Tag31' used which is not in the element keyword data dictionary
    warn_and_log(msg)

tests/test_dictionary_fuzzer.py::TestPerformance::test_mutation_performance
  C:\Users\david.dashti\OneDrive - Hermes Medical Solutions AB\Documents\David - Main\Personal\Private\Code\DICOM-Fuzzer\.venv\Lib\site-packages\pydicom\dataset.py:2710: UserWarning: Camel case attribute 'Tag32' used which is not in the element keyword data dictionary
    warn_and_log(msg)

tests/test_dictionary_fuzzer.py::TestPerformance::test_mutation_performance
  C:\Users\david.dashti\OneDrive - Hermes Medical Solutions AB\Documents\David - Main\Personal\Private\Code\DICOM-Fuzzer\.venv\Lib\site-packages\pydicom\dataset.py:2710: UserWarning: Camel case attribute 'Tag33' used which is not in the element keyword data dictionary
    warn_and_log(msg)

tests/test_dictionary_fuzzer.py::TestPerformance::test_mutation_performance
  C:\Users\david.dashti\OneDrive - Hermes Medical Solutions AB\Documents\David - Main\Personal\Private\Code\DICOM-Fuzzer\.venv\Lib\site-packages\pydicom\dataset.py:2710: UserWarning: Camel case attribute 'Tag34' used which is not in the element keyword data dictionary
    warn_and_log(msg)

tests/test_dictionary_fuzzer.py::TestPerformance::test_mutation_performance
  C:\Users\david.dashti\OneDrive - Hermes Medical Solutions AB\Documents\David - Main\Personal\Private\Code\DICOM-Fuzzer\.venv\Lib\site-packages\pydicom\dataset.py:2710: UserWarning: Camel case attribute 'Tag35' used which is not in the element keyword data dictionary
    warn_and_log(msg)

tests/test_dictionary_fuzzer.py::TestPerformance::test_mutation_performance
  C:\Users\david.dashti\OneDrive - Hermes Medical Solutions AB\Documents\David - Main\Personal\Private\Code\DICOM-Fuzzer\.venv\Lib\site-packages\pydicom\dataset.py:2710: UserWarning: Camel case attribute 'Tag36' used which is not in the element keyword data dictionary
    warn_and_log(msg)

tests/test_dictionary_fuzzer.py::TestPerformance::test_mutation_performance
  C:\Users\david.dashti\OneDrive - Hermes Medical Solutions AB\Documents\David - Main\Personal\Private\Code\DICOM-Fuzzer\.venv\Lib\site-packages\pydicom\dataset.py:2710: UserWarning: Camel case attribute 'Tag37' used which is not in the element keyword data dictionary
    warn_and_log(msg)

tests/test_dictionary_fuzzer.py::TestPerformance::test_mutation_performance
  C:\Users\david.dashti\OneDrive - Hermes Medical Solutions AB\Documents\David - Main\Personal\Private\Code\DICOM-Fuzzer\.venv\Lib\site-packages\pydicom\dataset.py:2710: UserWarning: Camel case attribute 'Tag38' used which is not in the element keyword data dictionary
    warn_and_log(msg)

tests/test_dictionary_fuzzer.py::TestPerformance::test_mutation_performance
  C:\Users\david.dashti\OneDrive - Hermes Medical Solutions AB\Documents\David - Main\Personal\Private\Code\DICOM-Fuzzer\.venv\Lib\site-packages\pydicom\dataset.py:2710: UserWarning: Camel case attribute 'Tag39' used which is not in the element keyword data dictionary
    warn_and_log(msg)

tests/test_dictionary_fuzzer.py::TestPerformance::test_mutation_performance
  C:\Users\david.dashti\OneDrive - Hermes Medical Solutions AB\Documents\David - Main\Personal\Private\Code\DICOM-Fuzzer\.venv\Lib\site-packages\pydicom\dataset.py:2710: UserWarning: Camel case attribute 'Tag40' used which is not in the element keyword data dictionary
    warn_and_log(msg)

tests/test_dictionary_fuzzer.py::TestPerformance::test_mutation_performance
  C:\Users\david.dashti\OneDrive - Hermes Medical Solutions AB\Documents\David - Main\Personal\Private\Code\DICOM-Fuzzer\.venv\Lib\site-packages\pydicom\dataset.py:2710: UserWarning: Camel case attribute 'Tag41' used which is not in the element keyword data dictionary
    warn_and_log(msg)

tests/test_dictionary_fuzzer.py::TestPerformance::test_mutation_performance
  C:\Users\david.dashti\OneDrive - Hermes Medical Solutions AB\Documents\David - Main\Personal\Private\Code\DICOM-Fuzzer\.venv\Lib\site-packages\pydicom\dataset.py:2710: UserWarning: Camel case attribute 'Tag42' used which is not in the element keyword data dictionary
    warn_and_log(msg)

tests/test_dictionary_fuzzer.py::TestPerformance::test_mutation_performance
  C:\Users\david.dashti\OneDrive - Hermes Medical Solutions AB\Documents\David - Main\Personal\Private\Code\DICOM-Fuzzer\.venv\Lib\site-packages\pydicom\dataset.py:2710: UserWarning: Camel case attribute 'Tag43' used which is not in the element keyword data dictionary
    warn_and_log(msg)

tests/test_dictionary_fuzzer.py::TestPerformance::test_mutation_performance
  C:\Users\david.dashti\OneDrive - Hermes Medical Solutions AB\Documents\David - Main\Personal\Private\Code\DICOM-Fuzzer\.venv\Lib\site-packages\pydicom\dataset.py:2710: UserWarning: Camel case attribute 'Tag44' used which is not in the element keyword data dictionary
    warn_and_log(msg)

tests/test_dictionary_fuzzer.py::TestPerformance::test_mutation_performance
  C:\Users\david.dashti\OneDrive - Hermes Medical Solutions AB\Documents\David - Main\Personal\Private\Code\DICOM-Fuzzer\.venv\Lib\site-packages\pydicom\dataset.py:2710: UserWarning: Camel case attribute 'Tag45' used which is not in the element keyword data dictionary
    warn_and_log(msg)

tests/test_dictionary_fuzzer.py::TestPerformance::test_mutation_performance
  C:\Users\david.dashti\OneDrive - Hermes Medical Solutions AB\Documents\David - Main\Personal\Private\Code\DICOM-Fuzzer\.venv\Lib\site-packages\pydicom\dataset.py:2710: UserWarning: Camel case attribute 'Tag46' used which is not in the element keyword data dictionary
    warn_and_log(msg)

tests/test_dictionary_fuzzer.py::TestPerformance::test_mutation_performance
  C:\Users\david.dashti\OneDrive - Hermes Medical Solutions AB\Documents\David - Main\Personal\Private\Code\DICOM-Fuzzer\.venv\Lib\site-packages\pydicom\dataset.py:2710: UserWarning: Camel case attribute 'Tag47' used which is not in the element keyword data dictionary
    warn_and_log(msg)

tests/test_dictionary_fuzzer.py::TestPerformance::test_mutation_performance
  C:\Users\david.dashti\OneDrive - Hermes Medical Solutions AB\Documents\David - Main\Personal\Private\Code\DICOM-Fuzzer\.venv\Lib\site-packages\pydicom\dataset.py:2710: UserWarning: Camel case attribute 'Tag48' used which is not in the element keyword data dictionary
    warn_and_log(msg)

tests/test_dictionary_fuzzer.py::TestPerformance::test_mutation_performance
  C:\Users\david.dashti\OneDrive - Hermes Medical Solutions AB\Documents\David - Main\Personal\Private\Code\DICOM-Fuzzer\.venv\Lib\site-packages\pydicom\dataset.py:2710: UserWarning: Camel case attribute 'Tag49' used which is not in the element keyword data dictionary
    warn_and_log(msg)

tests/test_generator.py: 33 warnings
tests/test_grammar_fuzzer.py: 2 warnings
tests/test_integration.py: 19 warnings
tests/test_parser.py: 50 warnings
tests/test_strategies.py: 12 warnings
tests/test_validator.py: 9 warnings
  C:\Users\david.dashti\OneDrive - Hermes Medical Solutions AB\Documents\David - Main\Personal\Private\Code\DICOM-Fuzzer\.venv\Lib\site-packages\pydicom\filewriter.py:1309: DeprecationWarning: 'write_like_original' is deprecated and will be removed in v4.0, please use 'enforce_file_format' instead
    warn_and_log(

tests/test_generator.py: 14 warnings
tests/test_integration.py: 6 warnings
tests/test_strategies.py: 8 warnings
  C:\Users\david.dashti\OneDrive - Hermes Medical Solutions AB\Documents\David - Main\Personal\Private\Code\DICOM-Fuzzer\.venv\Lib\site-packages\pydicom\valuerep.py:440: UserWarning: The PN component length (65) exceeds the maximum allowed length of 64.
    warn_and_log(msg)

tests/test_generator.py: 8 warnings
tests/test_integration.py: 6 warnings
  C:\Users\david.dashti\OneDrive - Hermes Medical Solutions AB\Documents\David - Main\Personal\Private\Code\DICOM-Fuzzer\.venv\Lib\site-packages\pydicom\valuerep.py:440: UserWarning: Invalid value for VR DA: '99999999'.
    warn_and_log(msg)

tests/test_generator.py: 8 warnings
tests/test_integration.py: 5 warnings
  C:\Users\david.dashti\OneDrive - Hermes Medical Solutions AB\Documents\David - Main\Personal\Private\Code\DICOM-Fuzzer\.venv\Lib\site-packages\pydicom\valuerep.py:440: UserWarning: Invalid value for VR TM: '126000'.
    warn_and_log(msg)

tests/test_generator.py: 9 warnings
tests/test_integration.py: 4 warnings
  C:\Users\david.dashti\OneDrive - Hermes Medical Solutions AB\Documents\David - Main\Personal\Private\Code\DICOM-Fuzzer\.venv\Lib\site-packages\pydicom\valuerep.py:440: UserWarning: Invalid value for VR DA: '1'.
    warn_and_log(msg)

tests/test_generator.py: 10 warnings
tests/test_integration.py: 5 warnings
tests/test_strategies.py: 1 warning
  C:\Users\david.dashti\OneDrive - Hermes Medical Solutions AB\Documents\David - Main\Personal\Private\Code\DICOM-Fuzzer\.venv\Lib\site-packages\pydicom\valuerep.py:440: UserWarning: Invalid value for VR TM: '120075'.
    warn_and_log(msg)

tests/test_generator.py: 6 warnings
tests/test_integration.py: 4 warnings
  C:\Users\david.dashti\OneDrive - Hermes Medical Solutions AB\Documents\David - Main\Personal\Private\Code\DICOM-Fuzzer\.venv\Lib\site-packages\pydicom\valuerep.py:440: UserWarning: Invalid value for VR TM: '12:30:45'.
    warn_and_log(msg)

tests/test_generator.py: 5 warnings
tests/test_integration.py: 6 warnings
  C:\Users\david.dashti\OneDrive - Hermes Medical Solutions AB\Documents\David - Main\Personal\Private\Code\DICOM-Fuzzer\.venv\Lib\site-packages\pydicom\valuerep.py:440: UserWarning: Invalid value for VR TM: 'ABCDEF'.
    warn_and_log(msg)

tests/test_generator.py::TestBatchGeneration::test_generate_batch_large_count
tests/test_generator.py::TestFileSaving::test_files_saved_to_correct_location
tests/test_generator.py::TestPropertyBasedTesting::test_generate_count_matches_output
tests/test_integration.py::TestPerformanceAndResourceManagement::test_batch_generation_performance
tests/test_integration.py::TestPerformanceAndResourceManagement::test_memory_management_with_large_batches
tests/test_integration.py::TestPerformanceAndResourceManagement::test_validator_batch_performance
  C:\Users\david.dashti\OneDrive - Hermes Medical Solutions AB\Documents\David - Main\Personal\Private\Code\DICOM-Fuzzer\.venv\Lib\site-packages\pydicom\valuerep.py:440: UserWarning: Invalid value for VR DA: 'INVALID'.
    warn_and_log(msg)

tests/test_generator.py: 10 warnings
tests/test_integration.py: 2 warnings
  C:\Users\david.dashti\OneDrive - Hermes Medical Solutions AB\Documents\David - Main\Personal\Private\Code\DICOM-Fuzzer\.venv\Lib\site-packages\pydicom\valuerep.py:440: UserWarning: Invalid value for VR TM: '999999'.
    warn_and_log(msg)

tests/test_generator.py: 5 warnings
tests/test_integration.py: 5 warnings
  C:\Users\david.dashti\OneDrive - Hermes Medical Solutions AB\Documents\David - Main\Personal\Private\Code\DICOM-Fuzzer\.venv\Lib\site-packages\pydicom\valuerep.py:440: UserWarning: Invalid value for VR DA: '20251332'.
    warn_and_log(msg)

tests/test_generator.py: 7 warnings
tests/test_integration.py: 2 warnings
tests/test_strategies.py: 1 warning
  C:\Users\david.dashti\OneDrive - Hermes Medical Solutions AB\Documents\David - Main\Personal\Private\Code\DICOM-Fuzzer\.venv\Lib\site-packages\pydicom\valuerep.py:440: UserWarning: Invalid value for VR DA: '2025-01-01'.
    warn_and_log(msg)

tests/test_generator.py: 5 warnings
tests/test_integration.py: 5 warnings
  C:\Users\david.dashti\OneDrive - Hermes Medical Solutions AB\Documents\David - Main\Personal\Private\Code\DICOM-Fuzzer\.venv\Lib\site-packages\pydicom\valuerep.py:440: UserWarning: Invalid value for VR DA: '20250145'.
    warn_and_log(msg)

tests/test_generator.py::TestGeneratorBatchProcessing::test_generate_with_all_strategies
  C:\Users\david.dashti\OneDrive - Hermes Medical Solutions AB\Documents\David - Main\Personal\Private\Code\DICOM-Fuzzer\.venv\Lib\site-packages\pydicom\valuerep.py:440: UserWarning: The value length (74) exceeds the maximum length of 64 allowed for VR UI. Invalid value for VR UI: '1.2.826.0.1.3680043.8.498.81488450375519519049592994487541247690_DUPLICATE'. Please see <https://dicom.nema.org/medical/dicom/current/output/html/part05.html#table_6.2-1> for allowed values for each VR.
    warn_and_log(msg)

tests/test_grammar_fuzzer.py::TestValueConstraintViolations::test_invalid_uid_format
tests/test_grammar_fuzzer.py::TestGrammarFuzzerEdgeCases::test_violate_value_constraints_slice_thickness_exception
  C:\Users\david.dashti\OneDrive - Hermes Medical Solutions AB\Documents\David - Main\Personal\Private\Code\DICOM-Fuzzer\.venv\Lib\site-packages\pydicom\valuerep.py:440: UserWarning: Invalid value for VR UI: '1.2.abc.4'. Please see <https://dicom.nema.org/medical/dicom/current/output/html/part05.html#table_6.2-1> for allowed values for each VR.
    warn_and_log(msg)

tests/test_grammar_fuzzer.py::TestValueConstraintViolations::test_invalid_numeric_strings
tests/test_grammar_fuzzer.py::TestGrammarMutationMethods::test_apply_specific_mutation_types
tests/test_grammar_fuzzer.py::TestGrammarFuzzerEdgeCases::test_violate_value_constraints_series_number_exception
  C:\Users\david.dashti\OneDrive - Hermes Medical Solutions AB\Documents\David - Main\Personal\Private\Code\DICOM-Fuzzer\.venv\Lib\site-packages\pydicom\valuerep.py:440: UserWarning: Invalid value for VR UI: 'invalid-uid-with-dashes'. Please see <https://dicom.nema.org/medical/dicom/current/output/html/part05.html#table_6.2-1> for allowed values for each VR.
    warn_and_log(msg)

tests/test_grammar_fuzzer.py::TestValueConstraintViolations::test_invalid_numeric_strings
  C:\Users\david.dashti\OneDrive - Hermes Medical Solutions AB\Documents\David - Main\Personal\Private\Code\DICOM-Fuzzer\.venv\Lib\site-packages\pydicom\valuerep.py:440: UserWarning: Invalid value for VR IS: 'not-a-number'. Please see <https://dicom.nema.org/medical/dicom/current/output/html/part05.html#table_6.2-1> for allowed values for each VR.
    warn_and_log(msg)

tests/test_grammar_fuzzer.py::TestValueConstraintViolations::test_invalid_decimal_strings
  C:\Users\david.dashti\OneDrive - Hermes Medical Solutions AB\Documents\David - Main\Personal\Private\Code\DICOM-Fuzzer\.venv\Lib\site-packages\pydicom\valuerep.py:440: UserWarning: The value length (106) exceeds the maximum length of 64 allowed for VR UI. Please see <https://dicom.nema.org/medical/dicom/current/output/html/part05.html#table_6.2-1> for allowed values for each VR.
    warn_and_log(msg)

tests/test_grammar_fuzzer.py::TestValueConstraintViolations::test_invalid_decimal_strings
  C:\Users\david.dashti\OneDrive - Hermes Medical Solutions AB\Documents\David - Main\Personal\Private\Code\DICOM-Fuzzer\.venv\Lib\site-packages\pydicom\valuerep.py:440: UserWarning: The value length (22) exceeds the maximum length of 16 allowed for VR DS. Invalid value for VR DS: 'invalid.decimal.format'. Please see <https://dicom.nema.org/medical/dicom/current/output/html/part05.html#table_6.2-1> for allowed values for each VR.
    warn_and_log(msg)

tests/test_integration.py::TestErrorHandlingAcrossModules::test_validator_catches_mutator_issues
  C:\Users\david.dashti\OneDrive - Hermes Medical Solutions AB\Documents\David - Main\Personal\Private\Code\DICOM-Fuzzer\.venv\Lib\site-packages\pydicom\valuerep.py:440: UserWarning: The PN component length (100) exceeds the maximum allowed length of 64.
    warn_and_log(msg)

tests/test_mutator.py::TestMutationApplication::test_apply_mutations_with_no_strategies
  C:\\Users\\david.dashti\\OneDrive - Hermes Medical Solutions AB\\Documents\\David - Main\\Personal\\Private\\Code\\DICOM-Fuzzer\\.venv\\Lib\\site-packages\\pydicom\\valuerep.py:440: UserWarning: Invalid value for VR CS: '\u03a9'. Please see <https://dicom.nema.org/medical/dicom/current/output/html/part05.html#table_6.2-1> for allowed values for each VR.\n    warn_and_log(msg)

tests/test_mutator.py::TestMutationApplication::test_apply_mutations_with_no_strategies
  C:\Users\david.dashti\OneDrive - Hermes Medical Solutions AB\Documents\David - Main\Personal\Private\Code\DICOM-Fuzzer\.venv\Lib\site-packages\pydicom\valuerep.py:440: UserWarning: Invalid value for VR UI: 'AAAAAAAAAAAAAAAAAAAAAAAAAAAAAAAAAAAAAAAAAAAAAAAAAAAAAAAAAAAAAAAA'. Please see <https://dicom.nema.org/medical/dicom/current/output/html/part05.html#table_6.2-1> for allowed values for each VR.
    warn_and_log(msg)

tests/test_mutator.py::TestMutationApplication::test_apply_mutations_respects_num_mutations
  C:\Users\david.dashti\OneDrive - Hermes Medical Solutions AB\Documents\David - Main\Personal\Private\Code\DICOM-Fuzzer\.venv\Lib\site-packages\pydicom\valuerep.py:440: UserWarning: The value length (1024) exceeds the maximum length of 64 allowed for VR UI. Invalid value for VR UI: 'AAAAAAAAAAAAAAAAAAAAAAAAAAAAAAAAAAAAAAAAAAAAAAAAAAAAAAAAAAAAAAAAAAAAAAAAAAAAAAAAAAAAAAAAAAAAAAAAAAAAAAAAAAAAAAAAAAAAAAAAAAAAAAAAAAAAAAAAAAAAAAAAAAAAAAAAAAAAAAAAAAAAAAAAAAAAAAAAAAAAAAAAAAAAAAAAAAAAAAAAAAAAAAAAAAAAAAAAAAAAAAAAAAAAAAAAAAAAAAAAAAAAAAAAAAAAAAAAAAAAAAAAAAAAAAAAAAAAAAAAAAAAAAAAAAAAAAAAAAAAAAAAAAAAAAAAAAAAAAAAAAAAAAAAAAAAAAAAAAAAAAAAAAAAAAAAAAAAAAAAAAAAAAAAAAAAAAAAAAAAAAAAAAAAAAAAAAAAAAAAAAAAAAAAAAAAAAAAAAAAAAAAAAAAAAAAAAAAAAAAAAAAAAAAAAAAAAAAAAAAAAAAAAAAAAAAAAAAAAAAAAAAAAAAAAAAAAAAAAAAAAAAAAAAAAAAAAAAAAAAAAAAAAAAAAAAAAAAAAAAAAAAAAAAAAAAAAAAAAAAAAAAAAAAAAAAAAAAAAAAAAAAAAAAAAAAAAAAAAAAAAAAAAAAAAAAAAAAAAAAAAAAAAAAAAAAAAAAAAAAAAAAAAAAAAAAAAAAAAAAAAAAAAAAAAAAAAAAAAAAAAAAAAAAAAAAAAAAAAAAAAAAAAAAAAAAAAAAAAAAAAAAAAAAAAAAAAAAAAAAAAAAAAAAAAAAAAAAAAAAAAAAAAAAAAAAAAAAAAAAAAAAAAAAAAAAAAAAAAAAAAAAAAAAAAAAAAAAAAAAAAAAAAAAAAAAAAAAAAAAAAAAAAAAAAAAAAAAAAAAAAAAAAAAAAAAAAAAAAAAAAAAAAAAAAAAAAAAAAAAAAAAAAAAAAAAAAAAAAAAAAAAAAAAAAAAAAAAAAAAAAAAAAAAAAAAAAAAAAAAAAAAAAAAAAAAAAAAAAAAAAAAAAAAAAAAAAAAAAAAAAAAAAAAAAAAAAAAAAAAAAAA'. Please see <https://dicom.nema.org/medical/dicom/current/output/html/part05.html#table_6.2-1> for allowed values for each VR.
    warn_and_log(msg)

tests/test_mutator.py::TestMutationApplication::test_apply_mutations_respects_num_mutations
  C:\Users\david.dashti\OneDrive - Hermes Medical Solutions AB\Documents\David - Main\Personal\Private\Code\DICOM-Fuzzer\.venv\Lib\site-packages\pydicom\valuerep.py:440: UserWarning: Invalid value for VR UI: "'; DROP TABLE patients; --". Please see <https://dicom.nema.org/medical/dicom/current/output/html/part05.html#table_6.2-1> for allowed values for each VR.
    warn_and_log(msg)

tests/test_mutator.py::TestPropertyBasedTesting::test_num_mutations_always_nonnegative
  C:\Users\david.dashti\OneDrive - Hermes Medical Solutions AB\Documents\David - Main\Personal\Private\Code\DICOM-Fuzzer\.venv\Lib\site-packages\pydicom\valuerep.py:440: UserWarning: Invalid value for VR DA: 'UCLA Medical Center'.
    warn_and_log(msg)

tests/test_mutator.py::TestPropertyBasedTesting::test_num_mutations_always_nonnegative
  C:\\Users\\david.dashti\\OneDrive - Hermes Medical Solutions AB\\Documents\\David - Main\\Personal\\Private\\Code\\DICOM-Fuzzer\\.venv\\Lib\\site-packages\\pydicom\\valuerep.py:440: UserWarning: Invalid value for VR UI: '\u65e5\u672c\u8a9e'. Please see <https://dicom.nema.org/medical/dicom/current/output/html/part05.html#table_6.2-1> for allowed values for each VR.\n    warn_and_log(msg)

tests/test_mutator.py::TestPropertyBasedTesting::test_num_mutations_always_nonnegative
  C:\Users\david.dashti\OneDrive - Hermes Medical Solutions AB\Documents\David - Main\Personal\Private\Code\DICOM-Fuzzer\.venv\Lib\site-packages\pydicom\valuerep.py:440: UserWarning: Invalid value for VR UI: '.1759610673.273146'. Please see <https://dicom.nema.org/medical/dicom/current/output/html/part05.html#table_6.2-1> for allowed values for each VR.
    warn_and_log(msg)

tests/test_mutator.py::TestPropertyBasedTesting::test_num_mutations_always_nonnegative
  C:\Users\david.dashti\OneDrive - Hermes Medical Solutions AB\Documents\David - Main\Personal\Private\Code\DICOM-Fuzzer\.venv\Lib\site-packages\pydicom\valuerep.py:440: UserWarning: Invalid value for VR UI: '.1759610673.960490'. Please see <https://dicom.nema.org/medical/dicom/current/output/html/part05.html#table_6.2-1> for allowed values for each VR.
    warn_and_log(msg)

tests/test_mutator.py::TestPropertyBasedTesting::test_num_mutations_always_nonnegative
  C:\Users\david.dashti\OneDrive - Hermes Medical Solutions AB\Documents\David - Main\Personal\Private\Code\DICOM-Fuzzer\.venv\Lib\site-packages\pydicom\valuerep.py:440: UserWarning: Invalid value for VR CS: '\x00\x00\x00'. Please see <https://dicom.nema.org/medical/dicom/current/output/html/part05.html#table_6.2-1> for allowed values for each VR.
    warn_and_log(msg)

tests/test_mutator.py::TestPropertyBasedTesting::test_num_mutations_always_nonnegative
  C:\\Users\\david.dashti\\OneDrive - Hermes Medical Solutions AB\\Documents\\David - Main\\Personal\\Private\\Code\\DICOM-Fuzzer\\.venv\\Lib\\site-packages\\pydicom\\valuerep.py:440: UserWarning: Invalid value for VR DA: '\u65e5\u672c\u8a9e'.\n    warn_and_log(msg)

tests/test_mutator.py::TestPropertyBasedTesting::test_num_mutations_always_nonnegative
  C:\Users\david.dashti\OneDrive - Hermes Medical Solutions AB\Documents\David - Main\Personal\Private\Code\DICOM-Fuzzer\.venv\Lib\site-packages\pydicom\valuerep.py:440: UserWarning: Invalid value for VR UI: "' OR '1'='1". Please see <https://dicom.nema.org/medical/dicom/current/output/html/part05.html#table_6.2-1> for allowed values for each VR.
    warn_and_log(msg)

tests/test_mutator.py::TestIntegration::test_complete_mutation_workflow
  C:\Users\david.dashti\OneDrive - Hermes Medical Solutions AB\Documents\David - Main\Personal\Private\Code\DICOM-Fuzzer\.venv\Lib\site-packages\pydicom\valuerep.py:440: UserWarning: Invalid value for VR UI: '\'"'. Please see <https://dicom.nema.org/medical/dicom/current/output/html/part05.html#table_6.2-1> for allowed values for each VR.
    warn_and_log(msg)

tests/test_mutator.py::TestIntegration::test_complete_mutation_workflow
  C:\Users\david.dashti\OneDrive - Hermes Medical Solutions AB\Documents\David - Main\Personal\Private\Code\DICOM-Fuzzer\.venv\Lib\site-packages\pydicom\valuerep.py:440: UserWarning: Invalid value for VR DA: '0.1'.
    warn_and_log(msg)

tests/test_mutator.py::TestIntegration::test_complete_mutation_workflow
  C:\Users\david.dashti\OneDrive - Hermes Medical Solutions AB\Documents\David - Main\Personal\Private\Code\DICOM-Fuzzer\.venv\Lib\site-packages\pydicom\valuerep.py:440: UserWarning: Invalid value for VR DA: 'PAT-2024-001'.
    warn_and_log(msg)

tests/test_strategies.py::TestHeaderFuzzer::test_overlong_strings_mutation
tests/test_strategies.py::TestHeaderFuzzer::test_overlong_strings_are_repeated_char
tests/test_strategies.py::TestHeaderFuzzer::test_multiple_mutations_applied
  C:\Users\david.dashti\OneDrive - Hermes Medical Solutions AB\Documents\David - Main\Personal\Private\Code\DICOM-Fuzzer\.venv\Lib\site-packages\pydicom\valuerep.py:440: UserWarning: The value length (1024) exceeds the maximum length of 64 allowed for VR LO.
    warn_and_log(msg)

tests/test_strategies.py::TestStructureFuzzer::test_mutate_structure
  C:\Users\david.dashti\OneDrive - Hermes Medical Solutions AB\Documents\David - Main\Personal\Private\Code\DICOM-Fuzzer\.venv\Lib\site-packages\pydicom\valuerep.py:440: UserWarning: The value length (74) exceeds the maximum length of 64 allowed for VR UI. Invalid value for VR UI: '1.2.826.0.1.3680043.8.498.39053465862671559161632220232704920222_DUPLICATE'. Please see <https://dicom.nema.org/medical/dicom/current/output/html/part05.html#table_6.2-1> for allowed values for each VR.
    warn_and_log(msg)

tests/test_strategies.py::TestStructureFuzzer::test_multiple_structure_mutations
  C:\Users\david.dashti\OneDrive - Hermes Medical Solutions AB\Documents\David - Main\Personal\Private\Code\DICOM-Fuzzer\.venv\Lib\site-packages\pydicom\valuerep.py:440: UserWarning: The value length (74) exceeds the maximum length of 64 allowed for VR UI. Invalid value for VR UI: '1.2.826.0.1.3680043.8.498.35152010832051345417055467317656988183_DUPLICATE'. Please see <https://dicom.nema.org/medical/dicom/current/output/html/part05.html#table_6.2-1> for allowed values for each VR.
    warn_and_log(msg)

tests/test_strategies.py::TestIntegration::test_all_fuzzers_together
tests/test_strategies.py::TestHeaderFuzzerEdgeCases::test_boundary_values_with_rows
  C:\Users\david.dashti\OneDrive - Hermes Medical Solutions AB\Documents\David - Main\Personal\Private\Code\DICOM-Fuzzer\.venv\Lib\site-packages\pydicom\valuerep.py:440: UserWarning: Invalid value: a value for a tag with VR US must be between 0 and 65535.
    warn_and_log(msg)

tests/test_strategies.py::TestHeaderFuzzerEdgeCases::test_overlong_strings_with_study_description
  C:\Users\david.dashti\OneDrive - Hermes Medical Solutions AB\Documents\David - Main\Personal\Private\Code\DICOM-Fuzzer\.venv\Lib\site-packages\pydicom\valuerep.py:440: UserWarning: The value length (2048) exceeds the maximum length of 64 allowed for VR LO.
    warn_and_log(msg)

tests/test_strategies.py::TestHeaderFuzzerEdgeCases::test_overlong_strings_with_manufacturer
  C:\Users\david.dashti\OneDrive - Hermes Medical Solutions AB\Documents\David - Main\Personal\Private\Code\DICOM-Fuzzer\.venv\Lib\site-packages\pydicom\valuerep.py:440: UserWarning: The value length (512) exceeds the maximum length of 64 allowed for VR LO.
    warn_and_log(msg)

tests/test_strategies.py::TestHeaderFuzzerEdgeCases::test_invalid_vr_with_series_number
  C:\Users\david.dashti\OneDrive - Hermes Medical Solutions AB\Documents\David - Main\Personal\Private\Code\DICOM-Fuzzer\.venv\Lib\site-packages\pydicom\valuerep.py:440: UserWarning: Invalid value for VR IS: 'NOT_A_NUMBER'. Please see <https://dicom.nema.org/medical/dicom/current/output/html/part05.html#table_6.2-1> for allowed values for each VR.
    warn_and_log(msg)

tests/test_strategies.py::TestHeaderFuzzerEdgeCases::test_invalid_vr_with_series_number
  C:\Users\david.dashti\OneDrive - Hermes Medical Solutions AB\Documents\David - Main\Personal\Private\Code\DICOM-Fuzzer\.venv\Lib\site-packages\pydicom\valuerep.py:440: UserWarning: Invalid value for VR IS: '3.14159'. Please see <https://dicom.nema.org/medical/dicom/current/output/html/part05.html#table_6.2-1> for allowed values for each VR.
    warn_and_log(msg)

tests/test_strategies.py::TestHeaderFuzzerEdgeCases::test_invalid_vr_with_series_number
  C:\Users\david.dashti\OneDrive - Hermes Medical Solutions AB\Documents\David - Main\Personal\Private\Code\DICOM-Fuzzer\.venv\Lib\site-packages\pydicom\valuerep.py:1333: UserWarning: Value "3.14159" is not valid for elements with a VR of IS
    warn_and_log(msg)

tests/test_strategies.py::TestHeaderFuzzerEdgeCases::test_invalid_vr_with_slice_thickness
  C:\Users\david.dashti\OneDrive - Hermes Medical Solutions AB\Documents\David - Main\Personal\Private\Code\DICOM-Fuzzer\.venv\Lib\site-packages\pydicom\valuerep.py:440: UserWarning: Invalid value for VR DS: '1.2.3'. Please see <https://dicom.nema.org/medical/dicom/current/output/html/part05.html#table_6.2-1> for allowed values for each VR.
    warn_and_log(msg)

tests/test_strategies.py::TestHeaderFuzzerEdgeCases::test_invalid_vr_with_slice_thickness
  C:\Users\david.dashti\OneDrive - Hermes Medical Solutions AB\Documents\David - Main\Personal\Private\Code\DICOM-Fuzzer\.venv\Lib\site-packages\pydicom\valuerep.py:440: UserWarning: Invalid value for VR DS: 'Infinity'. Please see <https://dicom.nema.org/medical/dicom/current/output/html/part05.html#table_6.2-1> for allowed values for each VR.
    warn_and_log(msg)

tests/test_strategies.py::TestHeaderFuzzerEdgeCases::test_invalid_vr_with_slice_thickness
  C:\Users\david.dashti\OneDrive - Hermes Medical Solutions AB\Documents\David - Main\Personal\Private\Code\DICOM-Fuzzer\.venv\Lib\site-packages\pydicom\valuerep.py:440: UserWarning: Invalid value for VR DS: 'INVALID'. Please see <https://dicom.nema.org/medical/dicom/current/output/html/part05.html#table_6.2-1> for allowed values for each VR.
    warn_and_log(msg)

tests/test_strategies.py::TestHeaderFuzzerEdgeCases::test_invalid_vr_with_slice_thickness
  C:\Users\david.dashti\OneDrive - Hermes Medical Solutions AB\Documents\David - Main\Personal\Private\Code\DICOM-Fuzzer\.venv\Lib\site-packages\pydicom\valuerep.py:440: UserWarning: Invalid value for VR DS: 'NaN'. Please see <https://dicom.nema.org/medical/dicom/current/output/html/part05.html#table_6.2-1> for allowed values for each VR.
    warn_and_log(msg)

tests/test_strategies.py::TestHeaderFuzzerEdgeCases::test_boundary_values_empty_string_tags
  C:\Users\david.dashti\OneDrive - Hermes Medical Solutions AB\Documents\David - Main\Personal\Private\Code\DICOM-Fuzzer\.venv\Lib\site-packages\pydicom\dataset.py:2710: UserWarning: Camel case attribute 'ModelName' used which is not in the element keyword data dictionary
    warn_and_log(msg)

tests/test_strategies.py::TestStructureFuzzerExceptionPaths::test_duplicate_tags_exception_handling
  C:\Users\david.dashti\OneDrive - Hermes Medical Solutions AB\Documents\David - Main\Personal\Private\Code\DICOM-Fuzzer\.venv\Lib\site-packages\pydicom\valuerep.py:440: UserWarning: The value length (74) exceeds the maximum length of 64 allowed for VR UI. Invalid value for VR UI: '1.2.826.0.1.3680043.8.498.19526750026790829960783257266194705452_DUPLICATE'. Please see <https://dicom.nema.org/medical/dicom/current/output/html/part05.html#table_6.2-1> for allowed values for each VR.
    warn_and_log(msg)

tests/test_strategies.py::TestStructureFuzzerExceptionPaths::test_duplicate_tags_exception_handling
  C:\Users\david.dashti\OneDrive - Hermes Medical Solutions AB\Documents\David - Main\Personal\Private\Code\DICOM-Fuzzer\.venv\Lib\site-packages\pydicom\valuerep.py:440: UserWarning: The value length (74) exceeds the maximum length of 64 allowed for VR UI. Invalid value for VR UI: '1.2.826.0.1.3680043.8.498.94723387944446215945365083850499558325_DUPLICATE'. Please see <https://dicom.nema.org/medical/dicom/current/output/html/part05.html#table_6.2-1> for allowed values for each VR.
    warn_and_log(msg)

tests/test_strategies.py::TestStructureFuzzerExceptionPaths::test_duplicate_tags_exception_handling
  C:\Users\david.dashti\OneDrive - Hermes Medical Solutions AB\Documents\David - Main\Personal\Private\Code\DICOM-Fuzzer\.venv\Lib\site-packages\pydicom\valuerep.py:440: UserWarning: The value length (74) exceeds the maximum length of 64 allowed for VR UI. Invalid value for VR UI: '1.2.826.0.1.3680043.8.498.17616894342673560531141506900425365909_DUPLICATE'. Please see <https://dicom.nema.org/medical/dicom/current/output/html/part05.html#table_6.2-1> for allowed values for each VR.
    warn_and_log(msg)

tests/test_strategies.py::TestStructureFuzzerExceptionPaths::test_duplicate_tags_exception_handling
  C:\Users\david.dashti\OneDrive - Hermes Medical Solutions AB\Documents\David - Main\Personal\Private\Code\DICOM-Fuzzer\.venv\Lib\site-packages\pydicom\valuerep.py:440: UserWarning: Invalid value for VR UI: '1.2.840.10008.5.1.4.1.1.2_DUPLICATE'. Please see <https://dicom.nema.org/medical/dicom/current/output/html/part05.html#table_6.2-1> for allowed values for each VR.
    warn_and_log(msg)

tests/test_strategies.py::TestStructureFuzzerExceptionPaths::test_duplicate_tags_exception_handling
  C:\Users\david.dashti\OneDrive - Hermes Medical Solutions AB\Documents\David - Main\Personal\Private\Code\DICOM-Fuzzer\.venv\Lib\site-packages\pydicom\valuerep.py:440: UserWarning: The value length (84) exceeds the maximum length of 64 allowed for VR UI. Invalid value for VR UI: '1.2.826.0.1.3680043.8.498.94723387944446215945365083850499558325_DUPLICATE_DUPLICATE'. Please see <https://dicom.nema.org/medical/dicom/current/output/html/part05.html#table_6.2-1> for allowed values for each VR.
    warn_and_log(msg)

tests/test_strategies.py::TestStructureFuzzerExceptionPaths::test_corrupt_length_fields_overflow
  C:\Users\david.dashti\OneDrive - Hermes Medical Solutions AB\Documents\David - Main\Personal\Private\Code\DICOM-Fuzzer\.venv\Lib\site-packages\pydicom\valuerep.py:440: UserWarning: The PN component length (10008) exceeds the maximum allowed length of 64.
    warn_and_log(msg)

tests/test_validator.py::TestTagValuesValidation::test_validate_extremely_long_string_value
tests/test_validator.py::TestTagValuesValidation::test_validate_skip_values_check
  C:\Users\david.dashti\OneDrive - Hermes Medical Solutions AB\Documents\David - Main\Personal\Private\Code\DICOM-Fuzzer\.venv\Lib\site-packages\pydicom\valuerep.py:440: UserWarning: The PN component length (15000) exceeds the maximum allowed length of 64.
    warn_and_log(msg)

tests/test_validator.py::TestFileValidation::test_validate_invalid_dicom_file
  C:\Users\david.dashti\OneDrive - Hermes Medical Solutions AB\Documents\David - Main\Personal\Private\Code\DICOM-Fuzzer\.venv\Lib\site-packages\pydicom\hooks.py:199: UserWarning: VR lookup failed for the raw element with tag (6F4E,2074) - setting VR to 'UN'
    warn_and_log(f"{msg} - setting VR to 'UN'")

-- Docs: https://docs.pytest.org/en/stable/how-to/capture-warnings.html
=========================== short test summary info ===========================
FAILED tests/test_mutator.py::TestDicomMutatorInit::test_mutator_creation_no_config
FAILED tests/test_mutator.py::TestStrategyRegistration::test_register_valid_strategy
FAILED tests/test_mutator.py::TestStrategyRegistration::test_register_multiple_strategies
FAILED tests/test_mutator.py::TestMutationApplication::test_apply_mutations_with_strategy
FAILED tests/test_mutator.py::TestMutationApplication::test_apply_mutations_respects_num_mutations
FAILED tests/test_mutator.py::TestIntegration::test_multiple_strategies_workflow
================= 6 failed, 636 passed, 435 warnings in 7.91s =================
