{
  "stats": {
    "total_edges": 720,
    "total_branches": 0,
    "total_functions": 111,
    "total_lines": 731,
    "total_executions": 10,
    "coverage_increases": 3,
    "unique_inputs": 10,
    "coverage_rate": 0.3
  },
  "edges": [
    [
      "C:\\Python313\\Lib\\concurrent\\futures\\thread.py",
      196,
      "C:\\Python313\\Lib\\concurrent\\futures\\thread.py",
      198
    ],
    [
      "C:\\Users\\david.dashti\\AppData\\Roaming\\Python\\Python313\\site-packages\\pydicom\\filereader.py",
      1045,
      "C:\\Users\\david.dashti\\AppData\\Roaming\\Python\\Python313\\site-packages\\pydicom\\filereader.py",
      1046
    ],
    [
      "C:\\Python313\\Lib\\threading.py",
      122,
      "C:\\Python313\\Lib\\threading.py",
      131
    ],
    [
      "C:\\Python313\\Lib\\threading.py",
      139,
      "C:\\Python313\\Lib\\threading.py",
      -139
    ],
    [
      "C:\\Python313\\Lib\\asyncio\\base_events.py",
      558,
      "C:\\Python313\\Lib\\asyncio\\base_events.py",
      559
    ],
    [
      "C:\\Python313\\Lib\\asyncio\\futures.py",
      391,
      "C:\\Python313\\Lib\\asyncio\\futures.py",
      402
    ],
    [
      "C:\\Users\\david.dashti\\AppData\\Roaming\\Python\\Python313\\site-packages\\pydicom\\filereader.py",
      677,
      "C:\\Users\\david.dashti\\AppData\\Roaming\\Python\\Python313\\site-packages\\pydicom\\filereader.py",
      676
    ],
    [
      "C:\\Users\\david.dashti\\AppData\\Roaming\\Python\\Python313\\site-packages\\pydicom\\filereader.py",
      501,
      "C:\\Users\\david.dashti\\AppData\\Roaming\\Python\\Python313\\site-packages\\pydicom\\filereader.py",
      503
    ],
    [
      "C:\\Users\\david.dashti\\AppData\\Roaming\\Python\\Python313\\site-packages\\pydicom\\filereader.py",
      636,
      "C:\\Users\\david.dashti\\AppData\\Roaming\\Python\\Python313\\site-packages\\pydicom\\filereader.py",
      640
    ],
    [
      "C:\\Python313\\Lib\\threading.py",
      365,
      "C:\\Python313\\Lib\\threading.py",
      366
    ],
    [
      "C:\\Python313\\Lib\\_weakrefset.py",
      85,
      "C:\\Python313\\Lib\\_weakrefset.py",
      86
    ],
    [
      "C:\\Python313\\Lib\\asyncio\\base_events.py",
      2022,
      "C:\\Python313\\Lib\\asyncio\\base_events.py",
      2033
    ],
    [
      "C:\\Python313\\Lib\\threading.py",
      357,
      "C:\\Python313\\Lib\\threading.py",
      358
    ],
    [
      "C:\\Python313\\Lib\\threading.py",
      293,
      "C:\\Python313\\Lib\\threading.py",
      295
    ],
    [
      "C:\\Python313\\Lib\\threading.py",
      359,
      "C:\\Python313\\Lib\\threading.py",
      360
    ],
    [
      "C:\\Python313\\Lib\\threading.py",
      295,
      "C:\\Python313\\Lib\\threading.py",
      297
    ],
    [
      "C:\\Users\\david.dashti\\AppData\\Roaming\\Python\\Python313\\site-packages\\pydicom\\fileutil.py",
      444,
      "C:\\Users\\david.dashti\\AppData\\Roaming\\Python\\Python313\\site-packages\\pydicom\\fileutil.py",
      445
    ],
    [
      "C:\\Python313\\Lib\\asyncio\\threads.py",
      23,
      "C:\\Python313\\Lib\\asyncio\\threads.py",
      24
    ],
    [
      "C:\\Users\\david.dashti\\AppData\\Roaming\\Python\\Python313\\site-packages\\pydicom\\tag.py",
      173,
      "C:\\Users\\david.dashti\\AppData\\Roaming\\Python\\Python313\\site-packages\\pydicom\\tag.py",
      176
    ],
    [
      "C:\\Python313\\Lib\\threading.py",
      315,
      "C:\\Python313\\Lib\\threading.py",
      316
    ],
    [
      "C:\\Python313\\Lib\\asyncio\\base_events.py",
      897,
      "C:\\Python313\\Lib\\asyncio\\base_events.py",
      896
    ],
    [
      "C:\\Python313\\Lib\\asyncio\\futures.py",
      342,
      "C:\\Python313\\Lib\\asyncio\\futures.py",
      347
    ],
    [
      "C:\\Python313\\Lib\\asyncio\\base_events.py",
      2038,
      "C:\\Python313\\Lib\\asyncio\\base_events.py",
      2050
    ],
    [
      "C:\\Users\\david.dashti\\AppData\\Roaming\\Python\\Python313\\site-packages\\pydicom\\dataelem.py",
      57,
      "C:\\Users\\david.dashti\\AppData\\Roaming\\Python\\Python313\\site-packages\\pydicom\\dataelem.py",
      88
    ],
    [
      "C:\\Python313\\Lib\\asyncio\\windows_events.py",
      92,
      "C:\\Python313\\Lib\\asyncio\\windows_events.py",
      93
    ],
    [
      "C:\\Python313\\Lib\\asyncio\\events.py",
      87,
      "C:\\Python313\\Lib\\asyncio\\events.py",
      88
    ],
    [
      "C:\\Users\\david.dashti\\AppData\\Roaming\\Python\\Python313\\site-packages\\pydicom\\filereader.py",
      1044,
      "C:\\Users\\david.dashti\\AppData\\Roaming\\Python\\Python313\\site-packages\\pydicom\\filereader.py",
      1045
    ],
    [
      "C:\\Users\\david.dashti\\AppData\\Roaming\\Python\\Python313\\site-packages\\pydicom\\filereader.py",
      1046,
      "C:\\Users\\david.dashti\\AppData\\Roaming\\Python\\Python313\\site-packages\\pydicom\\filereader.py",
      1047
    ],
    [
      "C:\\Users\\david.dashti\\AppData\\Roaming\\Python\\Python313\\site-packages\\pydicom\\dataset.py",
      841,
      "C:\\Users\\david.dashti\\AppData\\Roaming\\Python\\Python313\\site-packages\\pydicom\\dataset.py",
      -841
    ],
    [
      "C:\\Users\\david.dashti\\AppData\\Roaming\\Python\\Python313\\site-packages\\pydicom\\dataset.py",
      2681,
      "C:\\Users\\david.dashti\\AppData\\Roaming\\Python\\Python313\\site-packages\\pydicom\\dataset.py",
      2682
    ],
    [
      "C:\\Users\\david.dashti\\OneDrive - Hermes Medical Solutions AB\\Documents\\David - Main\\Personal\\Private\\Code - 2\\dicom-fuzzer\\dicom_fuzzer\\core\\coverage_guided_fuzzer.py",
      407,
      "C:\\Users\\david.dashti\\OneDrive - Hermes Medical Solutions AB\\Documents\\David - Main\\Personal\\Private\\Code - 2\\dicom-fuzzer\\dicom_fuzzer\\core\\coverage_guided_fuzzer.py",
      409
    ],
    [
      "C:\\Python313\\Lib\\threading.py",
      465,
      "C:\\Python313\\Lib\\threading.py",
      -465
    ],
    [
      "C:\\Users\\david.dashti\\AppData\\Roaming\\Python\\Python313\\site-packages\\pydicom\\dataset.py",
      411,
      "C:\\Users\\david.dashti\\AppData\\Roaming\\Python\\Python313\\site-packages\\pydicom\\dataset.py",
      412
    ],
    [
      "C:\\Users\\david.dashti\\AppData\\Roaming\\Python\\Python313\\site-packages\\pydicom\\dataset.py",
      852,
      "C:\\Users\\david.dashti\\AppData\\Roaming\\Python\\Python313\\site-packages\\pydicom\\dataset.py",
      853
    ],
    [
      "C:\\Python313\\Lib\\asyncio\\base_events.py",
      2034,
      "C:\\Python313\\Lib\\asyncio\\base_events.py",
      2035
    ],
    [
      "C:\\Python313\\Lib\\asyncio\\windows_events.py",
      812,
      "C:\\Python313\\Lib\\asyncio\\windows_events.py",
      774
    ],
    [
      "C:\\Python313\\Lib\\threading.py",
      924,
      "C:\\Python313\\Lib\\threading.py",
      925
    ],
    [
      "C:\\Users\\david.dashti\\AppData\\Roaming\\Python\\Python313\\site-packages\\pydicom\\filereader.py",
      472,
      "C:\\Users\\david.dashti\\AppData\\Roaming\\Python\\Python313\\site-packages\\pydicom\\filereader.py",
      465
    ],
    [
      "C:\\Users\\david.dashti\\AppData\\Roaming\\Python\\Python313\\site-packages\\pydicom\\tag.py",
      70,
      "C:\\Users\\david.dashti\\AppData\\Roaming\\Python\\Python313\\site-packages\\pydicom\\tag.py",
      -70
    ],
    [
      "C:\\Python313\\Lib\\asyncio\\futures.py",
      369,
      "C:\\Python313\\Lib\\asyncio\\futures.py",
      372
    ],
    [
      "C:\\Python313\\Lib\\asyncio\\events.py",
      82,
      "C:\\Python313\\Lib\\asyncio\\events.py",
      -82
    ],
    [
      "C:\\Python313\\Lib\\asyncio\\windows_events.py",
      776,
      "C:\\Python313\\Lib\\asyncio\\windows_events.py",
      777
    ],
    [
      "C:\\Users\\david.dashti\\AppData\\Roaming\\Python\\Python313\\site-packages\\pydicom\\filereader.py",
      381,
      "C:\\Users\\david.dashti\\AppData\\Roaming\\Python\\Python313\\site-packages\\pydicom\\filereader.py",
      404
    ],
    [
      "C:\\Python313\\Lib\\concurrent\\futures\\_base.py",
      333,
      "C:\\Python313\\Lib\\concurrent\\futures\\_base.py",
      334
    ],
    [
      "C:\\Python313\\Lib\\asyncio\\base_events.py",
      1996,
      "C:\\Python313\\Lib\\asyncio\\base_events.py",
      2001
    ],
    [
      "C:\\Users\\david.dashti\\AppData\\Roaming\\Python\\Python313\\site-packages\\pydicom\\filereader.py",
      858,
      "C:\\Users\\david.dashti\\AppData\\Roaming\\Python\\Python313\\site-packages\\pydicom\\filereader.py",
      859
    ],
    [
      "C:\\Python313\\Lib\\asyncio\\proactor_events.py",
      829,
      "C:\\Python313\\Lib\\asyncio\\proactor_events.py",
      830
    ],
    [
      "C:\\Python313\\Lib\\asyncio\\timeouts.py",
      92,
      "C:\\Python313\\Lib\\asyncio\\timeouts.py",
      93
    ],
    [
      "C:\\Python313\\Lib\\_weakrefset.py",
      80,
      "C:\\Python313\\Lib\\_weakrefset.py",
      -80
    ],
    [
      "C:\\Python313\\Lib\\concurrent\\futures\\thread.py",
      196,
      "C:\\Python313\\Lib\\concurrent\\futures\\thread.py",
      197
    ],
    [
      "C:\\Users\\david.dashti\\AppData\\Roaming\\Python\\Python313\\site-packages\\pydicom\\filereader.py",
      224,
      "C:\\Users\\david.dashti\\AppData\\Roaming\\Python\\Python313\\site-packages\\pydicom\\filereader.py",
      238
    ],
    [
      "C:\\Python313\\Lib\\asyncio\\base_events.py",
      457,
      "C:\\Python313\\Lib\\asyncio\\base_events.py",
      459
    ],
    [
      "C:\\Python313\\Lib\\_weakrefset.py",
      76,
      "C:\\Python313\\Lib\\_weakrefset.py",
      77
    ],
    [
      "C:\\Python313\\Lib\\threading.py",
      1280,
      "C:\\Python313\\Lib\\threading.py",
      1281
    ],
    [
      "C:\\Python313\\Lib\\asyncio\\events.py",
      118,
      "C:\\Python313\\Lib\\asyncio\\events.py",
      -118
    ],
    [
      "C:\\Users\\david.dashti\\AppData\\Roaming\\Python\\Python313\\site-packages\\pydicom\\dataset.py",
      390,
      "C:\\Users\\david.dashti\\AppData\\Roaming\\Python\\Python313\\site-packages\\pydicom\\dataset.py",
      391
    ],
    [
      "C:\\Users\\david.dashti\\AppData\\Roaming\\Python\\Python313\\site-packages\\pydicom\\filereader.py",
      494,
      "C:\\Users\\david.dashti\\AppData\\Roaming\\Python\\Python313\\site-packages\\pydicom\\filereader.py",
      501
    ],
    [
      "C:\\Users\\david.dashti\\AppData\\Roaming\\Python\\Python313\\site-packages\\pydicom\\filereader.py",
      131,
      "C:\\Users\\david.dashti\\AppData\\Roaming\\Python\\Python313\\site-packages\\pydicom\\filereader.py",
      132
    ],
    [
      "C:\\Python313\\Lib\\threading.py",
      362,
      "C:\\Python313\\Lib\\threading.py",
      365
    ],
    [
      "C:\\Users\\david.dashti\\AppData\\Roaming\\Python\\Python313\\site-packages\\pydicom\\datadict.py",
      514,
      "C:\\Users\\david.dashti\\AppData\\Roaming\\Python\\Python313\\site-packages\\pydicom\\datadict.py",
      -514
    ],
    [
      "C:\\Users\\david.dashti\\AppData\\Roaming\\Python\\Python313\\site-packages\\pydicom\\filereader.py",
      862,
      "C:\\Users\\david.dashti\\AppData\\Roaming\\Python\\Python313\\site-packages\\pydicom\\filereader.py",
      867
    ],
    [
      "C:\\Python313\\Lib\\concurrent\\futures\\_base.py",
      386,
      "C:\\Python313\\Lib\\concurrent\\futures\\_base.py",
      385
    ],
    [
      "C:\\Python313\\Lib\\threading.py",
      895,
      "C:\\Python313\\Lib\\threading.py",
      896
    ],
    [
      "C:\\Python313\\Lib\\asyncio\\windows_events.py",
      705,
      "C:\\Python313\\Lib\\asyncio\\windows_events.py",
      708
    ],
    [
      "C:\\Python313\\Lib\\asyncio\\base_events.py",
      900,
      "C:\\Python313\\Lib\\asyncio\\base_events.py",
      901
    ],
    [
      "C:\\Python313\\Lib\\concurrent\\futures\\thread.py",
      157,
      "C:\\Python313\\Lib\\concurrent\\futures\\thread.py",
      158
    ],
    [
      "C:\\Python313\\Lib\\threading.py",
      897,
      "C:\\Python313\\Lib\\threading.py",
      907
    ],
    [
      "C:\\Python313\\Lib\\concurrent\\futures\\thread.py",
      159,
      "C:\\Python313\\Lib\\concurrent\\futures\\thread.py",
      160
    ],
    [
      "C:\\Users\\david.dashti\\AppData\\Roaming\\Python\\Python313\\site-packages\\pydicom\\filereader.py",
      767,
      "C:\\Users\\david.dashti\\AppData\\Roaming\\Python\\Python313\\site-packages\\pydicom\\filereader.py",
      771
    ],
    [
      "C:\\Python313\\Lib\\asyncio\\events.py",
      129,
      "C:\\Python313\\Lib\\asyncio\\events.py",
      130
    ],
    [
      "C:\\Python313\\Lib\\asyncio\\futures.py",
      348,
      "C:\\Python313\\Lib\\asyncio\\futures.py",
      350
    ],
    [
      "C:\\Users\\david.dashti\\AppData\\Roaming\\Python\\Python313\\site-packages\\pydicom\\dataset.py",
      3408,
      "C:\\Users\\david.dashti\\AppData\\Roaming\\Python\\Python313\\site-packages\\pydicom\\dataset.py",
      -3408
    ],
    [
      "C:\\Python313\\Lib\\threading.py",
      1316,
      "C:\\Python313\\Lib\\threading.py",
      -1316
    ],
    [
      "C:\\Python313\\Lib\\threading.py",
      1284,
      "C:\\Python313\\Lib\\threading.py",
      1316
    ],
    [
      "C:\\Users\\david.dashti\\AppData\\Roaming\\Python\\Python313\\site-packages\\pydicom\\dataset.py",
      3543,
      "C:\\Users\\david.dashti\\AppData\\Roaming\\Python\\Python313\\site-packages\\pydicom\\dataset.py",
      3544
    ],
    [
      "C:\\Users\\david.dashti\\AppData\\Roaming\\Python\\Python313\\site-packages\\pydicom\\filereader.py",
      462,
      "C:\\Users\\david.dashti\\AppData\\Roaming\\Python\\Python313\\site-packages\\pydicom\\filereader.py",
      461
    ],
    [
      "C:\\Users\\david.dashti\\AppData\\Roaming\\Python\\Python313\\site-packages\\pydicom\\filereader.py",
      666,
      "C:\\Users\\david.dashti\\AppData\\Roaming\\Python\\Python313\\site-packages\\pydicom\\filereader.py",
      670
    ],
    [
      "C:\\Users\\david.dashti\\AppData\\Roaming\\Python\\Python313\\site-packages\\pydicom\\dataset.py",
      3545,
      "C:\\Users\\david.dashti\\AppData\\Roaming\\Python\\Python313\\site-packages\\pydicom\\dataset.py",
      3546
    ],
    [
      "C:\\Python313\\Lib\\asyncio\\events.py",
      37,
      "C:\\Python313\\Lib\\asyncio\\events.py",
      39
    ],
    [
      "C:\\Python313\\Lib\\concurrent\\futures\\_base.py",
      332,
      "C:\\Python313\\Lib\\concurrent\\futures\\_base.py",
      333
    ],
    [
      "C:\\Python313\\Lib\\concurrent\\futures\\_base.py",
      334,
      "C:\\Python313\\Lib\\concurrent\\futures\\_base.py",
      335
    ],
    [
      "C:\\Python313\\Lib\\threading.py",
      1277,
      "C:\\Python313\\Lib\\threading.py",
      1280
    ],
    [
      "C:\\Python313\\Lib\\asyncio\\base_events.py",
      2051,
      "C:\\Python313\\Lib\\asyncio\\base_events.py",
      -2051
    ],
    [
      "C:\\Python313\\Lib\\asyncio\\windows_events.py",
      815,
      "C:\\Python313\\Lib\\asyncio\\windows_events.py",
      817
    ],
    [
      "C:\\Python313\\Lib\\concurrent\\futures\\thread.py",
      195,
      "C:\\Python313\\Lib\\concurrent\\futures\\thread.py",
      196
    ],
    [
      "C:\\Python313\\Lib\\asyncio\\base_events.py",
      2003,
      "C:\\Python313\\Lib\\asyncio\\base_events.py",
      2012
    ],
    [
      "C:\\Python313\\Lib\\asyncio\\base_events.py",
      805,
      "C:\\Python313\\Lib\\asyncio\\base_events.py",
      810
    ],
    [
      "C:\\Python313\\Lib\\threading.py",
      321,
      "C:\\Python313\\Lib\\threading.py",
      325
    ],
    [
      "C:\\Users\\david.dashti\\AppData\\Roaming\\Python\\Python313\\site-packages\\pydicom\\tag.py",
      182,
      "C:\\Users\\david.dashti\\AppData\\Roaming\\Python\\Python313\\site-packages\\pydicom\\tag.py",
      -182
    ],
    [
      "C:\\Python313\\Lib\\threading.py",
      661,
      "C:\\Python313\\Lib\\threading.py",
      657
    ],
    [
      "C:\\Python313\\Lib\\logging\\__init__.py",
      1769,
      "C:\\Python313\\Lib\\logging\\__init__.py",
      1772
    ],
    [
      "C:\\Python313\\Lib\\threading.py",
      356,
      "C:\\Python313\\Lib\\threading.py",
      357
    ],
    [
      "C:\\Python313\\Lib\\threading.py",
      918,
      "C:\\Python313\\Lib\\threading.py",
      919
    ],
    [
      "C:\\Python313\\Lib\\asyncio\\threads.py",
      22,
      "C:\\Python313\\Lib\\asyncio\\threads.py",
      23
    ],
    [
      "C:\\Users\\david.dashti\\AppData\\Roaming\\Python\\Python313\\site-packages\\pydicom\\filereader.py",
      1074,
      "C:\\Users\\david.dashti\\AppData\\Roaming\\Python\\Python313\\site-packages\\pydicom\\filereader.py",
      1075
    ],
    [
      "C:\\Users\\david.dashti\\AppData\\Roaming\\Python\\Python313\\site-packages\\pydicom\\filereader.py",
      238,
      "C:\\Users\\david.dashti\\AppData\\Roaming\\Python\\Python313\\site-packages\\pydicom\\filereader.py",
      239
    ],
    [
      "C:\\Python313\\Lib\\asyncio\\base_events.py",
      2019,
      "C:\\Python313\\Lib\\asyncio\\base_events.py",
      2020
    ],
    [
      "C:\\Python313\\Lib\\asyncio\\base_events.py",
      2021,
      "C:\\Python313\\Lib\\asyncio\\base_events.py",
      2022
    ],
    [
      "C:\\Users\\david.dashti\\AppData\\Roaming\\Python\\Python313\\site-packages\\pydicom\\dataset.py",
      2677,
      "C:\\Users\\david.dashti\\AppData\\Roaming\\Python\\Python313\\site-packages\\pydicom\\dataset.py",
      2684
    ],
    [
      "C:\\Python313\\Lib\\threading.py",
      592,
      "C:\\Python313\\Lib\\threading.py",
      593
    ],
    [
      "C:\\Users\\david.dashti\\AppData\\Roaming\\Python\\Python313\\site-packages\\pydicom\\filereader.py",
      109,
      "C:\\Users\\david.dashti\\AppData\\Roaming\\Python\\Python313\\site-packages\\pydicom\\filereader.py",
      111
    ],
    [
      "C:\\Python313\\Lib\\threading.py",
      1275,
      "C:\\Python313\\Lib\\threading.py",
      1277
    ],
    [
      "C:\\Python313\\Lib\\asyncio\\events.py",
      115,
      "C:\\Python313\\Lib\\asyncio\\events.py",
      117
    ],
    [
      "C:\\Python313\\Lib\\threading.py",
      472,
      "C:\\Python313\\Lib\\threading.py",
      496
    ],
    [
      "C:\\Python313\\Lib\\threading.py",
      514,
      "C:\\Python313\\Lib\\threading.py",
      500
    ],
    [
      "C:\\Users\\david.dashti\\AppData\\Roaming\\Python\\Python313\\site-packages\\pydicom\\tag.py",
      237,
      "C:\\Users\\david.dashti\\AppData\\Roaming\\Python\\Python313\\site-packages\\pydicom\\tag.py",
      241
    ],
    [
      "C:\\Users\\david.dashti\\AppData\\Roaming\\Python\\Python313\\site-packages\\pydicom\\dataset.py",
      3374,
      "C:\\Users\\david.dashti\\AppData\\Roaming\\Python\\Python313\\site-packages\\pydicom\\dataset.py",
      3373
    ],
    [
      "C:\\Python313\\Lib\\threading.py",
      307,
      "C:\\Python313\\Lib\\threading.py",
      -307
    ],
    [
      "C:\\Python313\\Lib\\asyncio\\events.py",
      88,
      "C:\\Python313\\Lib\\asyncio\\events.py",
      89
    ],
    [
      "C:\\Python313\\Lib\\threading.py",
      1148,
      "C:\\Python313\\Lib\\threading.py",
      1160
    ],
    [
      "C:\\Users\\david.dashti\\AppData\\Roaming\\Python\\Python313\\site-packages\\pydicom\\dataset.py",
      2678,
      "C:\\Users\\david.dashti\\AppData\\Roaming\\Python\\Python313\\site-packages\\pydicom\\dataset.py",
      2679
    ],
    [
      "C:\\Python313\\Lib\\weakref.py",
      427,
      "C:\\Python313\\Lib\\weakref.py",
      428
    ],
    [
      "C:\\Python313\\Lib\\asyncio\\timeouts.py",
      50,
      "C:\\Python313\\Lib\\asyncio\\timeouts.py",
      52
    ],
    [
      "C:\\Python313\\Lib\\threading.py",
      956,
      "C:\\Python313\\Lib\\threading.py",
      966
    ],
    [
      "C:\\Users\\david.dashti\\AppData\\Roaming\\Python\\Python313\\site-packages\\pydicom\\fileutil.py",
      426,
      "C:\\Users\\david.dashti\\AppData\\Roaming\\Python\\Python313\\site-packages\\pydicom\\fileutil.py",
      442
    ],
    [
      "C:\\Python313\\Lib\\asyncio\\base_events.py",
      889,
      "C:\\Python313\\Lib\\asyncio\\base_events.py",
      891
    ],
    [
      "C:\\Users\\david.dashti\\AppData\\Roaming\\Python\\Python313\\site-packages\\pydicom\\dataelem.py",
      94,
      "C:\\Users\\david.dashti\\AppData\\Roaming\\Python\\Python313\\site-packages\\pydicom\\dataelem.py",
      98
    ],
    [
      "C:\\Users\\david.dashti\\AppData\\Roaming\\Python\\Python313\\site-packages\\pydicom\\dataset.py",
      393,
      "C:\\Users\\david.dashti\\AppData\\Roaming\\Python\\Python313\\site-packages\\pydicom\\dataset.py",
      396
    ],
    [
      "C:\\Users\\david.dashti\\AppData\\Roaming\\Python\\Python313\\site-packages\\pydicom\\tag.py",
      69,
      "C:\\Users\\david.dashti\\AppData\\Roaming\\Python\\Python313\\site-packages\\pydicom\\tag.py",
      70
    ],
    [
      "C:\\Users\\david.dashti\\AppData\\Roaming\\Python\\Python313\\site-packages\\pydicom\\filereader.py",
      732,
      "C:\\Users\\david.dashti\\AppData\\Roaming\\Python\\Python313\\site-packages\\pydicom\\filereader.py",
      765
    ],
    [
      "C:\\Users\\david.dashti\\AppData\\Roaming\\Python\\Python313\\site-packages\\pydicom\\dataset.py",
      837,
      "C:\\Users\\david.dashti\\AppData\\Roaming\\Python\\Python313\\site-packages\\pydicom\\dataset.py",
      845
    ],
    [
      "C:\\Users\\david.dashti\\AppData\\Roaming\\Python\\Python313\\site-packages\\pydicom\\filereader.py",
      1075,
      "C:\\Users\\david.dashti\\AppData\\Roaming\\Python\\Python313\\site-packages\\pydicom\\filereader.py",
      1077
    ],
    [
      "C:\\Users\\david.dashti\\AppData\\Roaming\\Python\\Python313\\site-packages\\pydicom\\filereader.py",
      638,
      "C:\\Users\\david.dashti\\AppData\\Roaming\\Python\\Python313\\site-packages\\pydicom\\filereader.py",
      -638
    ],
    [
      "C:\\Python313\\Lib\\threading.py",
      513,
      "C:\\Python313\\Lib\\threading.py",
      514
    ],
    [
      "C:\\Python313\\Lib\\threading.py",
      972,
      "C:\\Python313\\Lib\\threading.py",
      974
    ],
    [
      "C:\\Python313\\Lib\\asyncio\\timeouts.py",
      64,
      "C:\\Python313\\Lib\\asyncio\\timeouts.py",
      67
    ],
    [
      "C:\\Python313\\Lib\\concurrent\\futures\\_base.py",
      335,
      "C:\\Python313\\Lib\\concurrent\\futures\\_base.py",
      -335
    ],
    [
      "C:\\Python313\\Lib\\threading.py",
      1161,
      "C:\\Python313\\Lib\\threading.py",
      -1161
    ],
    [
      "C:\\Python313\\Lib\\asyncio\\timeouts.py",
      86,
      "C:\\Python313\\Lib\\asyncio\\timeouts.py",
      88
    ],
    [
      "C:\\Users\\david.dashti\\AppData\\Roaming\\Python\\Python313\\site-packages\\pydicom\\dataset.py",
      2704,
      "C:\\Users\\david.dashti\\AppData\\Roaming\\Python\\Python313\\site-packages\\pydicom\\dataset.py",
      2717
    ],
    [
      "C:\\Python313\\Lib\\concurrent\\futures\\_base.py",
      428,
      "C:\\Python313\\Lib\\concurrent\\futures\\_base.py",
      444
    ],
    [
      "C:\\Python313\\Lib\\asyncio\\base_events.py",
      772,
      "C:\\Python313\\Lib\\asyncio\\base_events.py",
      779
    ],
    [
      "C:\\Python313\\Lib\\concurrent\\futures\\thread.py",
      184,
      "C:\\Python313\\Lib\\concurrent\\futures\\thread.py",
      186
    ],
    [
      "C:\\Users\\david.dashti\\AppData\\Roaming\\Python\\Python313\\site-packages\\pydicom\\filereader.py",
      373,
      "C:\\Users\\david.dashti\\AppData\\Roaming\\Python\\Python313\\site-packages\\pydicom\\filereader.py",
      380
    ],
    [
      "C:\\Python313\\Lib\\threading.py",
      501,
      "C:\\Python313\\Lib\\threading.py",
      513
    ],
    [
      "C:\\Python313\\Lib\\asyncio\\futures.py",
      298,
      "C:\\Python313\\Lib\\asyncio\\futures.py",
      301
    ],
    [
      "C:\\Python313\\Lib\\asyncio\\base_futures.py",
      13,
      "C:\\Python313\\Lib\\asyncio\\base_futures.py",
      20
    ],
    [
      "C:\\Users\\david.dashti\\AppData\\Roaming\\Python\\Python313\\site-packages\\pydicom\\filereader.py",
      263,
      "C:\\Users\\david.dashti\\AppData\\Roaming\\Python\\Python313\\site-packages\\pydicom\\filereader.py",
      135
    ],
    [
      "C:\\Users\\david.dashti\\AppData\\Roaming\\Python\\Python313\\site-packages\\pydicom\\filereader.py",
      857,
      "C:\\Users\\david.dashti\\AppData\\Roaming\\Python\\Python313\\site-packages\\pydicom\\filereader.py",
      858
    ],
    [
      "C:\\Python313\\Lib\\asyncio\\timeouts.py",
      145,
      "C:\\Python313\\Lib\\asyncio\\timeouts.py",
      161
    ],
    [
      "C:\\Users\\david.dashti\\AppData\\Roaming\\Python\\Python313\\site-packages\\pydicom\\filereader.py",
      849,
      "C:\\Users\\david.dashti\\AppData\\Roaming\\Python\\Python313\\site-packages\\pydicom\\filereader.py",
      850
    ],
    [
      "C:\\Python313\\Lib\\asyncio\\windows_events.py",
      729,
      "C:\\Python313\\Lib\\asyncio\\windows_events.py",
      730
    ],
    [
      "C:\\Python313\\Lib\\asyncio\\windows_events.py",
      445,
      "C:\\Python313\\Lib\\asyncio\\windows_events.py",
      446
    ],
    [
      "C:\\Python313\\Lib\\concurrent\\futures\\_base.py",
      406,
      "C:\\Python313\\Lib\\concurrent\\futures\\_base.py",
      -406
    ],
    [
      "C:\\Python313\\Lib\\asyncio\\events.py",
      37,
      "C:\\Python313\\Lib\\asyncio\\events.py",
      38
    ],
    [
      "<string>",
      1,
      "<string>",
      1
    ],
    [
      "C:\\Python313\\Lib\\threading.py",
      303,
      "C:\\Python313\\Lib\\threading.py",
      304
    ],
    [
      "C:\\Python313\\Lib\\asyncio\\timeouts.py",
      107,
      "C:\\Python313\\Lib\\asyncio\\timeouts.py",
      109
    ],
    [
      "C:\\Python313\\Lib\\threading.py",
      894,
      "C:\\Python313\\Lib\\threading.py",
      895
    ],
    [
      "C:\\Python313\\Lib\\asyncio\\base_events.py",
      555,
      "C:\\Python313\\Lib\\asyncio\\base_events.py",
      -555
    ],
    [
      "C:\\Python313\\Lib\\threading.py",
      896,
      "C:\\Python313\\Lib\\threading.py",
      897
    ],
    [
      "C:\\Python313\\Lib\\asyncio\\futures.py",
      301,
      "C:\\Python313\\Lib\\asyncio\\futures.py",
      302
    ],
    [
      "C:\\Users\\david.dashti\\AppData\\Roaming\\Python\\Python313\\site-packages\\pydicom\\dataset.py",
      3393,
      "C:\\Users\\david.dashti\\AppData\\Roaming\\Python\\Python313\\site-packages\\pydicom\\dataset.py",
      3400
    ],
    [
      "C:\\Python313\\Lib\\asyncio\\base_events.py",
      891,
      "C:\\Python313\\Lib\\asyncio\\base_events.py",
      892
    ],
    [
      "C:\\Python313\\Lib\\asyncio\\windows_events.py",
      483,
      "C:\\Python313\\Lib\\asyncio\\windows_events.py",
      484
    ],
    [
      "C:\\Users\\david.dashti\\AppData\\Roaming\\Python\\Python313\\site-packages\\pydicom\\filereader.py",
      210,
      "C:\\Users\\david.dashti\\AppData\\Roaming\\Python\\Python313\\site-packages\\pydicom\\filereader.py",
      211
    ],
    [
      "C:\\Python313\\Lib\\concurrent\\futures\\_base.py",
      399,
      "C:\\Python313\\Lib\\concurrent\\futures\\_base.py",
      406
    ],
    [
      "C:\\Python313\\Lib\\threading.py",
      286,
      "C:\\Python313\\Lib\\threading.py",
      287
    ],
    [
      "C:\\Python313\\Lib\\asyncio\\base_events.py",
      2015,
      "C:\\Python313\\Lib\\asyncio\\base_events.py",
      2018
    ],
    [
      "C:\\Python313\\Lib\\concurrent\\futures\\_base.py",
      448,
      "C:\\Python313\\Lib\\concurrent\\futures\\_base.py",
      449
    ],
    [
      "C:\\Users\\david.dashti\\AppData\\Roaming\\Python\\Python313\\site-packages\\pydicom\\filereader.py",
      211,
      "C:\\Users\\david.dashti\\AppData\\Roaming\\Python\\Python313\\site-packages\\pydicom\\filereader.py",
      -211
    ],
    [
      "C:\\Users\\david.dashti\\AppData\\Roaming\\Python\\Python313\\site-packages\\pydicom\\dataset.py",
      3542,
      "C:\\Users\\david.dashti\\AppData\\Roaming\\Python\\Python313\\site-packages\\pydicom\\dataset.py",
      3543
    ],
    [
      "C:\\Users\\david.dashti\\AppData\\Roaming\\Python\\Python313\\site-packages\\pydicom\\dataset.py",
      3544,
      "C:\\Users\\david.dashti\\AppData\\Roaming\\Python\\Python313\\site-packages\\pydicom\\dataset.py",
      3545
    ],
    [
      "C:\\Python313\\Lib\\concurrent\\futures\\_base.py",
      331,
      "C:\\Python313\\Lib\\concurrent\\futures\\_base.py",
      332
    ],
    [
      "C:\\Python313\\Lib\\asyncio\\proactor_events.py",
      882,
      "C:\\Python313\\Lib\\asyncio\\proactor_events.py",
      884
    ],
    [
      "C:\\Users\\david.dashti\\AppData\\Roaming\\Python\\Python313\\site-packages\\pydicom\\filereader.py",
      671,
      "C:\\Users\\david.dashti\\AppData\\Roaming\\Python\\Python313\\site-packages\\pydicom\\filereader.py",
      672
    ],
    [
      "C:\\Python313\\Lib\\asyncio\\base_events.py",
      1999,
      "C:\\Python313\\Lib\\asyncio\\base_events.py",
      1996
    ],
    [
      "C:\\Users\\david.dashti\\AppData\\Roaming\\Python\\Python313\\site-packages\\pydicom\\dataset.py",
      840,
      "C:\\Users\\david.dashti\\AppData\\Roaming\\Python\\Python313\\site-packages\\pydicom\\dataset.py",
      841
    ],
    [
      "C:\\Users\\david.dashti\\AppData\\Roaming\\Python\\Python313\\site-packages\\pydicom\\filereader.py",
      268,
      "C:\\Users\\david.dashti\\AppData\\Roaming\\Python\\Python313\\site-packages\\pydicom\\filereader.py",
      269
    ],
    [
      "C:\\Python313\\Lib\\logging\\__init__.py",
      1772,
      "C:\\Python313\\Lib\\logging\\__init__.py",
      1773
    ],
    [
      "C:\\Users\\david.dashti\\OneDrive - Hermes Medical Solutions AB\\Documents\\David - Main\\Personal\\Private\\Code - 2\\dicom-fuzzer\\dicom_fuzzer\\core\\coverage_guided_fuzzer.py",
      413,
      "C:\\Users\\david.dashti\\OneDrive - Hermes Medical Solutions AB\\Documents\\David - Main\\Personal\\Private\\Code - 2\\dicom-fuzzer\\dicom_fuzzer\\core\\coverage_guided_fuzzer.py",
      -413
    ],
    [
      "C:\\Users\\david.dashti\\AppData\\Roaming\\Python\\Python313\\site-packages\\pydicom\\dataset.py",
      2721,
      "C:\\Users\\david.dashti\\AppData\\Roaming\\Python\\Python313\\site-packages\\pydicom\\dataset.py",
      2725
    ],
    [
      "C:\\Users\\david.dashti\\AppData\\Roaming\\Python\\Python313\\site-packages\\pydicom\\filereader.py",
      381,
      "C:\\Users\\david.dashti\\AppData\\Roaming\\Python\\Python313\\site-packages\\pydicom\\filereader.py",
      384
    ],
    [
      "C:\\Users\\david.dashti\\AppData\\Roaming\\Python\\Python313\\site-packages\\pydicom\\filereader.py",
      199,
      "C:\\Users\\david.dashti\\AppData\\Roaming\\Python\\Python313\\site-packages\\pydicom\\filereader.py",
      215
    ],
    [
      "C:\\Users\\david.dashti\\AppData\\Roaming\\Python\\Python313\\site-packages\\pydicom\\tag.py",
      176,
      "C:\\Users\\david.dashti\\AppData\\Roaming\\Python\\Python313\\site-packages\\pydicom\\tag.py",
      182
    ],
    [
      "C:\\Python313\\Lib\\asyncio\\futures.py",
      355,
      "C:\\Python313\\Lib\\asyncio\\futures.py",
      358
    ],
    [
      "C:\\Python313\\Lib\\asyncio\\base_events.py",
      810,
      "C:\\Python313\\Lib\\asyncio\\base_events.py",
      812
    ],
    [
      "C:\\Python313\\Lib\\asyncio\\windows_events.py",
      710,
      "C:\\Python313\\Lib\\asyncio\\windows_events.py",
      -710
    ],
    [
      "C:\\Users\\david.dashti\\AppData\\Roaming\\Python\\Python313\\site-packages\\pydicom\\misc.py",
      23,
      "C:\\Users\\david.dashti\\AppData\\Roaming\\Python\\Python313\\site-packages\\pydicom\\misc.py",
      27
    ],
    [
      "C:\\Python313\\Lib\\concurrent\\futures\\thread.py",
      146,
      "C:\\Python313\\Lib\\concurrent\\futures\\thread.py",
      147
    ],
    [
      "C:\\Users\\david.dashti\\AppData\\Roaming\\Python\\Python313\\site-packages\\pydicom\\filereader.py",
      504,
      "C:\\Users\\david.dashti\\AppData\\Roaming\\Python\\Python313\\site-packages\\pydicom\\filereader.py",
      -504
    ],
    [
      "C:\\Users\\david.dashti\\AppData\\Roaming\\Python\\Python313\\site-packages\\pydicom\\filereader.py",
      775,
      "C:\\Users\\david.dashti\\AppData\\Roaming\\Python\\Python313\\site-packages\\pydicom\\filereader.py",
      774
    ],
    [
      "C:\\Python313\\Lib\\threading.py",
      515,
      "C:\\Python313\\Lib\\threading.py",
      -515
    ],
    [
      "C:\\Python313\\Lib\\threading.py",
      318,
      "C:\\Python313\\Lib\\threading.py",
      321
    ],
    [
      "C:\\Python313\\Lib\\threading.py",
      137,
      "C:\\Python313\\Lib\\threading.py",
      139
    ],
    [
      "C:\\Python313\\Lib\\asyncio\\base_events.py",
      2020,
      "C:\\Python313\\Lib\\asyncio\\base_events.py",
      2021
    ],
    [
      "C:\\Python313\\Lib\\asyncio\\proactor_events.py",
      793,
      "C:\\Python313\\Lib\\asyncio\\proactor_events.py",
      795
    ],
    [
      "C:\\Python313\\Lib\\threading.py",
      972,
      "C:\\Python313\\Lib\\threading.py",
      973
    ],
    [
      "C:\\Python313\\Lib\\concurrent\\futures\\thread.py",
      160,
      "C:\\Python313\\Lib\\concurrent\\futures\\thread.py",
      162
    ],
    [
      "C:\\Users\\david.dashti\\AppData\\Roaming\\Python\\Python313\\site-packages\\pydicom\\filereader.py",
      465,
      "C:\\Users\\david.dashti\\AppData\\Roaming\\Python\\Python313\\site-packages\\pydicom\\filereader.py",
      466
    ],
    [
      "C:\\Python313\\Lib\\asyncio\\futures.py",
      395,
      "C:\\Python313\\Lib\\asyncio\\futures.py",
      398
    ],
    [
      "C:\\Users\\david.dashti\\AppData\\Roaming\\Python\\Python313\\site-packages\\pydicom\\filereader.py",
      130,
      "C:\\Users\\david.dashti\\AppData\\Roaming\\Python\\Python313\\site-packages\\pydicom\\filereader.py",
      131
    ],
    [
      "C:\\Python313\\Lib\\threading.py",
      358,
      "C:\\Python313\\Lib\\threading.py",
      362
    ],
    [
      "C:\\Python313\\Lib\\concurrent\\futures\\thread.py",
      199,
      "C:\\Python313\\Lib\\concurrent\\futures\\thread.py",
      198
    ],
    [
      "C:\\Users\\david.dashti\\AppData\\Roaming\\Python\\Python313\\site-packages\\pydicom\\filereader.py",
      670,
      "C:\\Users\\david.dashti\\AppData\\Roaming\\Python\\Python313\\site-packages\\pydicom\\filereader.py",
      671
    ],
    [
      "C:\\Users\\david.dashti\\AppData\\Roaming\\Python\\Python313\\site-packages\\pydicom\\dataset.py",
      2677,
      "C:\\Users\\david.dashti\\AppData\\Roaming\\Python\\Python313\\site-packages\\pydicom\\dataset.py",
      2678
    ],
    [
      "C:\\Users\\david.dashti\\AppData\\Roaming\\Python\\Python313\\site-packages\\pydicom\\filereader.py",
      946,
      "C:\\Users\\david.dashti\\AppData\\Roaming\\Python\\Python313\\site-packages\\pydicom\\filereader.py",
      947
    ],
    [
      "C:\\Users\\david.dashti\\AppData\\Roaming\\Python\\Python313\\site-packages\\pydicom\\tag.py",
      103,
      "C:\\Users\\david.dashti\\AppData\\Roaming\\Python\\Python313\\site-packages\\pydicom\\tag.py",
      124
    ],
    [
      "C:\\Users\\david.dashti\\AppData\\Roaming\\Python\\Python313\\site-packages\\pydicom\\filereader.py",
      267,
      "C:\\Users\\david.dashti\\AppData\\Roaming\\Python\\Python313\\site-packages\\pydicom\\filereader.py",
      268
    ],
    [
      "C:\\Users\\david.dashti\\AppData\\Roaming\\Python\\Python313\\site-packages\\pydicom\\filereader.py",
      407,
      "C:\\Users\\david.dashti\\AppData\\Roaming\\Python\\Python313\\site-packages\\pydicom\\filereader.py",
      458
    ],
    [
      "C:\\Users\\david.dashti\\AppData\\Roaming\\Python\\Python313\\site-packages\\pydicom\\filereader.py",
      269,
      "C:\\Users\\david.dashti\\AppData\\Roaming\\Python\\Python313\\site-packages\\pydicom\\filereader.py",
      270
    ],
    [
      "C:\\Python313\\Lib\\concurrent\\futures\\_base.py",
      396,
      "C:\\Python313\\Lib\\concurrent\\futures\\_base.py",
      395
    ],
    [
      "C:\\Python313\\Lib\\asyncio\\events.py",
      39,
      "C:\\Python313\\Lib\\asyncio\\events.py",
      40
    ],
    [
      "C:\\Users\\david.dashti\\AppData\\Roaming\\Python\\Python313\\site-packages\\pydicom\\tag.py",
      138,
      "C:\\Users\\david.dashti\\AppData\\Roaming\\Python\\Python313\\site-packages\\pydicom\\tag.py",
      -138
    ],
    [
      "C:\\Python313\\Lib\\asyncio\\futures.py",
      406,
      "C:\\Python313\\Lib\\asyncio\\futures.py",
      408
    ],
    [
      "C:\\Users\\david.dashti\\AppData\\Roaming\\Python\\Python313\\site-packages\\pydicom\\filereader.py",
      199,
      "C:\\Users\\david.dashti\\AppData\\Roaming\\Python\\Python313\\site-packages\\pydicom\\filereader.py",
      201
    ],
    [
      "C:\\Python313\\Lib\\threading.py",
      594,
      "C:\\Python313\\Lib\\threading.py",
      -594
    ],
    [
      "C:\\Python313\\Lib\\asyncio\\base_events.py",
      2001,
      "C:\\Python313\\Lib\\asyncio\\base_events.py",
      2002
    ],
    [
      "C:\\Python313\\Lib\\asyncio\\windows_events.py",
      763,
      "C:\\Python313\\Lib\\asyncio\\windows_events.py",
      765
    ],
    [
      "C:\\Users\\david.dashti\\AppData\\Roaming\\Python\\Python313\\site-packages\\pydicom\\dataelem.py",
      91,
      "C:\\Users\\david.dashti\\AppData\\Roaming\\Python\\Python313\\site-packages\\pydicom\\dataelem.py",
      94
    ],
    [
      "C:\\Python313\\Lib\\asyncio\\events.py",
      117,
      "C:\\Python313\\Lib\\asyncio\\events.py",
      118
    ],
    [
      "C:\\Users\\david.dashti\\AppData\\Roaming\\Python\\Python313\\site-packages\\pydicom\\filereader.py",
      256,
      "C:\\Users\\david.dashti\\AppData\\Roaming\\Python\\Python313\\site-packages\\pydicom\\filereader.py",
      263
    ],
    [
      "C:\\Python313\\Lib\\asyncio\\timeouts.py",
      105,
      "C:\\Python313\\Lib\\asyncio\\timeouts.py",
      106
    ],
    [
      "C:\\Users\\david.dashti\\AppData\\Roaming\\Python\\Python313\\site-packages\\pydicom\\filereader.py",
      867,
      "C:\\Users\\david.dashti\\AppData\\Roaming\\Python\\Python313\\site-packages\\pydicom\\filereader.py",
      868
    ],
    [
      "C:\\Users\\david.dashti\\AppData\\Roaming\\Python\\Python313\\site-packages\\pydicom\\dataset.py",
      918,
      "C:\\Users\\david.dashti\\AppData\\Roaming\\Python\\Python313\\site-packages\\pydicom\\dataset.py",
      -918
    ],
    [
      "C:\\Users\\david.dashti\\AppData\\Roaming\\Python\\Python313\\site-packages\\pydicom\\dataset.py",
      3377,
      "C:\\Users\\david.dashti\\AppData\\Roaming\\Python\\Python313\\site-packages\\pydicom\\dataset.py",
      3378
    ],
    [
      "C:\\Users\\david.dashti\\AppData\\Roaming\\Python\\Python313\\site-packages\\pydicom\\filereader.py",
      464,
      "C:\\Users\\david.dashti\\AppData\\Roaming\\Python\\Python313\\site-packages\\pydicom\\filereader.py",
      465
    ],
    [
      "C:\\Python313\\Lib\\weakref.py",
      428,
      "C:\\Python313\\Lib\\weakref.py",
      -428
    ],
    [
      "C:\\Users\\david.dashti\\AppData\\Roaming\\Python\\Python313\\site-packages\\pydicom\\filereader.py",
      466,
      "C:\\Users\\david.dashti\\AppData\\Roaming\\Python\\Python313\\site-packages\\pydicom\\filereader.py",
      467
    ],
    [
      "C:\\Users\\david.dashti\\AppData\\Roaming\\Python\\Python313\\site-packages\\pydicom\\filereader.py",
      850,
      "C:\\Users\\david.dashti\\AppData\\Roaming\\Python\\Python313\\site-packages\\pydicom\\filereader.py",
      851
    ],
    [
      "C:\\Users\\david.dashti\\AppData\\Roaming\\Python\\Python313\\site-packages\\pydicom\\filereader.py",
      138,
      "C:\\Users\\david.dashti\\AppData\\Roaming\\Python\\Python313\\site-packages\\pydicom\\filereader.py",
      139
    ],
    [
      "C:\\Python313\\Lib\\asyncio\\windows_events.py",
      444,
      "C:\\Python313\\Lib\\asyncio\\windows_events.py",
      445
    ],
    [
      "C:\\Python313\\Lib\\asyncio\\base_events.py",
      2007,
      "C:\\Python313\\Lib\\asyncio\\base_events.py",
      2009
    ],
    [
      "C:\\Users\\david.dashti\\OneDrive - Hermes Medical Solutions AB\\Documents\\David - Main\\Personal\\Private\\Code - 2\\dicom-fuzzer\\dicom_fuzzer\\core\\coverage_guided_fuzzer.py",
      381,
      "C:\\Users\\david.dashti\\OneDrive - Hermes Medical Solutions AB\\Documents\\David - Main\\Personal\\Private\\Code - 2\\dicom-fuzzer\\dicom_fuzzer\\core\\coverage_guided_fuzzer.py",
      385
    ],
    [
      "C:\\Python313\\Lib\\asyncio\\events.py",
      36,
      "C:\\Python313\\Lib\\asyncio\\events.py",
      37
    ],
    [
      "C:\\Users\\david.dashti\\AppData\\Roaming\\Python\\Python313\\site-packages\\pydicom\\datadict.py",
      461,
      "C:\\Users\\david.dashti\\AppData\\Roaming\\Python\\Python313\\site-packages\\pydicom\\datadict.py",
      477
    ],
    [
      "C:\\Python313\\Lib\\asyncio\\events.py",
      38,
      "C:\\Python313\\Lib\\asyncio\\events.py",
      39
    ],
    [
      "C:\\Users\\david.dashti\\AppData\\Roaming\\Python\\Python313\\site-packages\\pydicom\\filereader.py",
      475,
      "C:\\Users\\david.dashti\\AppData\\Roaming\\Python\\Python313\\site-packages\\pydicom\\filereader.py",
      476
    ],
    [
      "C:\\Python313\\Lib\\threading.py",
      282,
      "C:\\Python313\\Lib\\threading.py",
      284
    ],
    [
      "C:\\Users\\david.dashti\\AppData\\Roaming\\Python\\Python313\\site-packages\\pydicom\\filereader.py",
      191,
      "C:\\Users\\david.dashti\\AppData\\Roaming\\Python\\Python313\\site-packages\\pydicom\\filereader.py",
      192
    ],
    [
      "C:\\Python313\\Lib\\threading.py",
      325,
      "C:\\Python313\\Lib\\threading.py",
      -325
    ],
    [
      "C:\\Python313\\Lib\\threading.py",
      1438,
      "C:\\Python313\\Lib\\threading.py",
      -1438
    ],
    [
      "C:\\Python313\\Lib\\asyncio\\base_events.py",
      895,
      "C:\\Python313\\Lib\\asyncio\\base_events.py",
      900
    ],
    [
      "C:\\Python313\\Lib\\asyncio\\base_events.py",
      852,
      "C:\\Python313\\Lib\\asyncio\\base_events.py",
      853
    ],
    [
      "C:\\Python313\\Lib\\asyncio\\windows_events.py",
      460,
      "C:\\Python313\\Lib\\asyncio\\windows_events.py",
      462
    ],
    [
      "C:\\Python313\\Lib\\threading.py",
      296,
      "C:\\Python313\\Lib\\threading.py",
      297
    ],
    [
      "C:\\Users\\david.dashti\\AppData\\Roaming\\Python\\Python313\\site-packages\\pydicom\\dataset.py",
      3550,
      "C:\\Users\\david.dashti\\AppData\\Roaming\\Python\\Python313\\site-packages\\pydicom\\dataset.py",
      3551
    ],
    [
      "C:\\Python313\\Lib\\threading.py",
      461,
      "C:\\Python313\\Lib\\threading.py",
      462
    ],
    [
      "C:\\Users\\david.dashti\\AppData\\Roaming\\Python\\Python313\\site-packages\\pydicom\\dataset.py",
      3552,
      "C:\\Users\\david.dashti\\AppData\\Roaming\\Python\\Python313\\site-packages\\pydicom\\dataset.py",
      3553
    ],
    [
      "C:\\Python313\\Lib\\threading.py",
      371,
      "C:\\Python313\\Lib\\threading.py",
      -371
    ],
    [
      "C:\\Python313\\Lib\\asyncio\\futures.py",
      306,
      "C:\\Python313\\Lib\\asyncio\\futures.py",
      -306
    ],
    [
      "C:\\Python313\\Lib\\concurrent\\futures\\thread.py",
      52,
      "C:\\Python313\\Lib\\concurrent\\futures\\thread.py",
      -52
    ],
    [
      "C:\\Python313\\Lib\\asyncio\\events.py",
      74,
      "C:\\Python313\\Lib\\asyncio\\events.py",
      75
    ],
    [
      "C:\\Users\\david.dashti\\AppData\\Roaming\\Python\\Python313\\site-packages\\pydicom\\filereader.py",
      135,
      "C:\\Users\\david.dashti\\AppData\\Roaming\\Python\\Python313\\site-packages\\pydicom\\filereader.py",
      138
    ],
    [
      "C:\\Users\\david.dashti\\AppData\\Roaming\\Python\\Python313\\site-packages\\pydicom\\filereader.py",
      1089,
      "C:\\Users\\david.dashti\\AppData\\Roaming\\Python\\Python313\\site-packages\\pydicom\\filereader.py",
      -1089
    ],
    [
      "C:\\Python313\\Lib\\concurrent\\futures\\thread.py",
      204,
      "C:\\Python313\\Lib\\concurrent\\futures\\thread.py",
      205
    ],
    [
      "C:\\Python313\\Lib\\asyncio\\proactor_events.py",
      793,
      "C:\\Python313\\Lib\\asyncio\\proactor_events.py",
      794
    ],
    [
      "C:\\Users\\david.dashti\\AppData\\Roaming\\Python\\Python313\\site-packages\\pydicom\\filereader.py",
      874,
      "C:\\Users\\david.dashti\\AppData\\Roaming\\Python\\Python313\\site-packages\\pydicom\\filereader.py",
      923
    ],
    [
      "C:\\Users\\david.dashti\\AppData\\Roaming\\Python\\Python313\\site-packages\\pydicom\\filereader.py",
      384,
      "C:\\Users\\david.dashti\\AppData\\Roaming\\Python\\Python313\\site-packages\\pydicom\\filereader.py",
      385
    ],
    [
      "C:\\Users\\david.dashti\\AppData\\Roaming\\Python\\Python313\\site-packages\\pydicom\\dataset.py",
      2731,
      "C:\\Users\\david.dashti\\AppData\\Roaming\\Python\\Python313\\site-packages\\pydicom\\dataset.py",
      2735
    ],
    [
      "C:\\Python313\\Lib\\asyncio\\base_events.py",
      820,
      "C:\\Python313\\Lib\\asyncio\\base_events.py",
      821
    ],
    [
      "C:\\Users\\david.dashti\\AppData\\Roaming\\Python\\Python313\\site-packages\\pydicom\\filereader.py",
      386,
      "C:\\Users\\david.dashti\\AppData\\Roaming\\Python\\Python313\\site-packages\\pydicom\\filereader.py",
      387
    ],
    [
      "C:\\Python313\\Lib\\concurrent\\futures\\thread.py",
      162,
      "C:\\Python313\\Lib\\concurrent\\futures\\thread.py",
      163
    ],
    [
      "C:\\Users\\david.dashti\\AppData\\Roaming\\Python\\Python313\\site-packages\\pydicom\\filereader.py",
      924,
      "C:\\Users\\david.dashti\\AppData\\Roaming\\Python\\Python313\\site-packages\\pydicom\\filereader.py",
      925
    ],
    [
      "C:\\Python313\\Lib\\threading.py",
      499,
      "C:\\Python313\\Lib\\threading.py",
      500
    ],
    [
      "C:\\Users\\david.dashti\\AppData\\Roaming\\Python\\Python313\\site-packages\\pydicom\\filereader.py",
      926,
      "C:\\Users\\david.dashti\\AppData\\Roaming\\Python\\Python313\\site-packages\\pydicom\\filereader.py",
      927
    ],
    [
      "C:\\Python313\\Lib\\threading.py",
      501,
      "C:\\Python313\\Lib\\threading.py",
      502
    ],
    [
      "C:\\Python313\\Lib\\concurrent\\futures\\_base.py",
      463,
      "C:\\Python313\\Lib\\concurrent\\futures\\_base.py",
      481
    ],
    [
      "C:\\Users\\david.dashti\\AppData\\Roaming\\Python\\Python313\\site-packages\\pydicom\\filereader.py",
      218,
      "C:\\Users\\david.dashti\\AppData\\Roaming\\Python\\Python313\\site-packages\\pydicom\\filereader.py",
      224
    ],
    [
      "C:\\Python313\\Lib\\asyncio\\tasks.py",
      459,
      "C:\\Python313\\Lib\\asyncio\\tasks.py",
      494
    ],
    [
      "C:\\Python313\\Lib\\asyncio\\futures.py",
      384,
      "C:\\Python313\\Lib\\asyncio\\futures.py",
      391
    ],
    [
      "C:\\Users\\david.dashti\\AppData\\Roaming\\Python\\Python313\\site-packages\\pydicom\\dataset.py",
      2717,
      "C:\\Users\\david.dashti\\AppData\\Roaming\\Python\\Python313\\site-packages\\pydicom\\dataset.py",
      -2717
    ],
    [
      "C:\\Python313\\Lib\\asyncio\\base_events.py",
      823,
      "C:\\Python313\\Lib\\asyncio\\base_events.py",
      833
    ],
    [
      "C:\\Users\\david.dashti\\AppData\\Roaming\\Python\\Python313\\site-packages\\pydicom\\filereader.py",
      215,
      "C:\\Users\\david.dashti\\AppData\\Roaming\\Python\\Python313\\site-packages\\pydicom\\filereader.py",
      218
    ],
    [
      "C:\\Users\\david.dashti\\AppData\\Roaming\\Python\\Python313\\site-packages\\pydicom\\dataset.py",
      3574,
      "C:\\Users\\david.dashti\\AppData\\Roaming\\Python\\Python313\\site-packages\\pydicom\\dataset.py",
      3579
    ],
    [
      "C:\\Users\\david.dashti\\AppData\\Roaming\\Python\\Python313\\site-packages\\pydicom\\filereader.py",
      673,
      "C:\\Users\\david.dashti\\AppData\\Roaming\\Python\\Python313\\site-packages\\pydicom\\filereader.py",
      672
    ],
    [
      "C:\\Users\\david.dashti\\AppData\\Roaming\\Python\\Python313\\site-packages\\pydicom\\dataset.py",
      1424,
      "C:\\Users\\david.dashti\\AppData\\Roaming\\Python\\Python313\\site-packages\\pydicom\\dataset.py",
      1452
    ],
    [
      "C:\\Users\\david.dashti\\OneDrive - Hermes Medical Solutions AB\\Documents\\David - Main\\Personal\\Private\\Code - 2\\dicom-fuzzer\\dicom_fuzzer\\core\\coverage_guided_fuzzer.py",
      385,
      "C:\\Users\\david.dashti\\OneDrive - Hermes Medical Solutions AB\\Documents\\David - Main\\Personal\\Private\\Code - 2\\dicom-fuzzer\\dicom_fuzzer\\core\\coverage_guided_fuzzer.py",
      406
    ],
    [
      "C:\\Python313\\Lib\\asyncio\\events.py",
      49,
      "C:\\Python313\\Lib\\asyncio\\events.py",
      -49
    ],
    [
      "C:\\Python313\\Lib\\asyncio\\windows_events.py",
      715,
      "C:\\Python313\\Lib\\asyncio\\windows_events.py",
      716
    ],
    [
      "C:\\Python313\\Lib\\asyncio\\proactor_events.py",
      816,
      "C:\\Python313\\Lib\\asyncio\\proactor_events.py",
      817
    ],
    [
      "C:\\Python313\\Lib\\threading.py",
      327,
      "C:\\Python313\\Lib\\threading.py",
      350
    ],
    [
      "C:\\Python313\\Lib\\threading.py",
      313,
      "C:\\Python313\\Lib\\threading.py",
      -313
    ],
    [
      "C:\\Users\\david.dashti\\AppData\\Roaming\\Python\\Python313\\site-packages\\pydicom\\filereader.py",
      943,
      "C:\\Users\\david.dashti\\AppData\\Roaming\\Python\\Python313\\site-packages\\pydicom\\filereader.py",
      944
    ],
    [
      "C:\\Python313\\Lib\\concurrent\\futures\\_base.py",
      420,
      "C:\\Python313\\Lib\\concurrent\\futures\\_base.py",
      421
    ],
    [
      "C:\\Python313\\Lib\\threading.py",
      291,
      "C:\\Python313\\Lib\\threading.py",
      293
    ],
    [
      "C:\\Users\\david.dashti\\AppData\\Roaming\\Python\\Python313\\site-packages\\pydicom\\filereader.py",
      945,
      "C:\\Users\\david.dashti\\AppData\\Roaming\\Python\\Python313\\site-packages\\pydicom\\filereader.py",
      946
    ],
    [
      "C:\\Users\\david.dashti\\AppData\\Roaming\\Python\\Python313\\site-packages\\pydicom\\filereader.py",
      368,
      "C:\\Users\\david.dashti\\AppData\\Roaming\\Python\\Python313\\site-packages\\pydicom\\filereader.py",
      371
    ],
    [
      "C:\\Users\\david.dashti\\AppData\\Roaming\\Python\\Python313\\site-packages\\pydicom\\fileutil.py",
      442,
      "C:\\Users\\david.dashti\\AppData\\Roaming\\Python\\Python313\\site-packages\\pydicom\\fileutil.py",
      443
    ],
    [
      "C:\\Python313\\Lib\\threading.py",
      966,
      "C:\\Python313\\Lib\\threading.py",
      969
    ],
    [
      "C:\\Python313\\Lib\\asyncio\\windows_events.py",
      463,
      "C:\\Python313\\Lib\\asyncio\\windows_events.py",
      -463
    ],
    [
      "C:\\Users\\david.dashti\\AppData\\Roaming\\Python\\Python313\\site-packages\\pydicom\\filereader.py",
      676,
      "C:\\Users\\david.dashti\\AppData\\Roaming\\Python\\Python313\\site-packages\\pydicom\\filereader.py",
      677
    ],
    [
      "C:\\Python313\\Lib\\concurrent\\futures\\_base.py",
      328,
      "C:\\Python313\\Lib\\concurrent\\futures\\_base.py",
      330
    ],
    [
      "C:\\Users\\david.dashti\\AppData\\Roaming\\Python\\Python313\\site-packages\\pydicom\\dataset.py",
      1040,
      "C:\\Users\\david.dashti\\AppData\\Roaming\\Python\\Python313\\site-packages\\pydicom\\dataset.py",
      1043
    ],
    [
      "C:\\Python313\\Lib\\threading.py",
      287,
      "C:\\Python313\\Lib\\threading.py",
      291
    ],
    [
      "C:\\Users\\david.dashti\\AppData\\Roaming\\Python\\Python313\\site-packages\\pydicom\\filereader.py",
      241,
      "C:\\Users\\david.dashti\\AppData\\Roaming\\Python\\Python313\\site-packages\\pydicom\\filereader.py",
      256
    ],
    [
      "C:\\Python313\\Lib\\threading.py",
      1160,
      "C:\\Python313\\Lib\\threading.py",
      1161
    ],
    [
      "C:\\Users\\david.dashti\\AppData\\Roaming\\Python\\Python313\\site-packages\\pydicom\\filereader.py",
      780,
      "C:\\Users\\david.dashti\\AppData\\Roaming\\Python\\Python313\\site-packages\\pydicom\\filereader.py",
      781
    ],
    [
      "C:\\Python313\\Lib\\logging\\__init__.py",
      1510,
      "C:\\Python313\\Lib\\logging\\__init__.py",
      1519
    ],
    [
      "C:\\Python313\\Lib\\concurrent\\futures\\_base.py",
      485,
      "C:\\Python313\\Lib\\concurrent\\futures\\_base.py",
      481
    ],
    [
      "C:\\Python313\\Lib\\_weakrefset.py",
      86,
      "C:\\Python313\\Lib\\_weakrefset.py",
      88
    ],
    [
      "C:\\Python313\\Lib\\asyncio\\base_events.py",
      758,
      "C:\\Python313\\Lib\\asyncio\\base_events.py",
      760
    ],
    [
      "C:\\Python313\\Lib\\asyncio\\futures.py",
      378,
      "C:\\Python313\\Lib\\asyncio\\futures.py",
      384
    ],
    [
      "C:\\Python313\\Lib\\threading.py",
      922,
      "C:\\Python313\\Lib\\threading.py",
      924
    ],
    [
      "C:\\Python313\\Lib\\asyncio\\windows_events.py",
      462,
      "C:\\Python313\\Lib\\asyncio\\windows_events.py",
      463
    ],
    [
      "C:\\Python313\\Lib\\threading.py",
      658,
      "C:\\Python313\\Lib\\threading.py",
      659
    ],
    [
      "C:\\Users\\david.dashti\\AppData\\Roaming\\Python\\Python313\\site-packages\\pydicom\\dataset.py",
      850,
      "C:\\Users\\david.dashti\\AppData\\Roaming\\Python\\Python313\\site-packages\\pydicom\\dataset.py",
      851
    ],
    [
      "C:\\Python313\\Lib\\asyncio\\windows_events.py",
      57,
      "C:\\Python313\\Lib\\asyncio\\windows_events.py",
      59
    ],
    [
      "C:\\Python313\\Lib\\concurrent\\futures\\_base.py",
      421,
      "C:\\Python313\\Lib\\concurrent\\futures\\_base.py",
      422
    ],
    [
      "C:\\Python313\\Lib\\concurrent\\futures\\_base.py",
      461,
      "C:\\Python313\\Lib\\concurrent\\futures\\_base.py",
      -461
    ],
    [
      "C:\\Users\\david.dashti\\AppData\\Roaming\\Python\\Python313\\site-packages\\pydicom\\filereader.py",
      640,
      "C:\\Users\\david.dashti\\AppData\\Roaming\\Python\\Python313\\site-packages\\pydicom\\filereader.py",
      641
    ],
    [
      "C:\\Python313\\Lib\\asyncio\\futures.py",
      391,
      "C:\\Python313\\Lib\\asyncio\\futures.py",
      392
    ],
    [
      "C:\\Users\\david.dashti\\AppData\\Roaming\\Python\\Python313\\site-packages\\pydicom\\dataset.py",
      2725,
      "C:\\Users\\david.dashti\\AppData\\Roaming\\Python\\Python313\\site-packages\\pydicom\\dataset.py",
      2731
    ],
    [
      "C:\\Python313\\Lib\\asyncio\\windows_events.py",
      94,
      "C:\\Python313\\Lib\\asyncio\\windows_events.py",
      -94
    ],
    [
      "C:\\Python313\\Lib\\logging\\__init__.py",
      1498,
      "C:\\Python313\\Lib\\logging\\__init__.py",
      1507
    ],
    [
      "C:\\Python313\\Lib\\asyncio\\windows_events.py",
      774,
      "C:\\Python313\\Lib\\asyncio\\windows_events.py",
      775
    ],
    [
      "C:\\Python313\\Lib\\concurrent\\futures\\thread.py",
      150,
      "C:\\Python313\\Lib\\concurrent\\futures\\thread.py",
      153
    ],
    [
      "C:\\Python313\\Lib\\asyncio\\base_events.py",
      834,
      "C:\\Python313\\Lib\\asyncio\\base_events.py",
      837
    ],
    [
      "C:\\Python313\\Lib\\concurrent\\futures\\thread.py",
      170,
      "C:\\Python313\\Lib\\concurrent\\futures\\thread.py",
      172
    ],
    [
      "C:\\Python313\\Lib\\threading.py",
      293,
      "C:\\Python313\\Lib\\threading.py",
      294
    ],
    [
      "C:\\Python313\\Lib\\threading.py",
      316,
      "C:\\Python313\\Lib\\threading.py",
      -316
    ],
    [
      "C:\\Python313\\Lib\\threading.py",
      295,
      "C:\\Python313\\Lib\\threading.py",
      296
    ],
    [
      "C:\\Python313\\Lib\\asyncio\\windows_events.py",
      777,
      "C:\\Python313\\Lib\\asyncio\\windows_events.py",
      815
    ],
    [
      "C:\\Users\\david.dashti\\AppData\\Roaming\\Python\\Python313\\site-packages\\pydicom\\dataset.py",
      3551,
      "C:\\Users\\david.dashti\\AppData\\Roaming\\Python\\Python313\\site-packages\\pydicom\\dataset.py",
      3552
    ],
    [
      "C:\\Users\\david.dashti\\AppData\\Roaming\\Python\\Python313\\site-packages\\pydicom\\dataset.py",
      3389,
      "C:\\Users\\david.dashti\\AppData\\Roaming\\Python\\Python313\\site-packages\\pydicom\\dataset.py",
      3393
    ],
    [
      "C:\\Python313\\Lib\\logging\\__init__.py",
      1773,
      "C:\\Python313\\Lib\\logging\\__init__.py",
      -1773
    ],
    [
      "C:\\Python313\\Lib\\asyncio\\futures.py",
      378,
      "C:\\Python313\\Lib\\asyncio\\futures.py",
      379
    ],
    [
      "C:\\Python313\\Lib\\threading.py",
      1274,
      "C:\\Python313\\Lib\\threading.py",
      1275
    ],
    [
      "C:\\Python313\\Lib\\threading.py",
      1268,
      "C:\\Python313\\Lib\\threading.py",
      1273
    ],
    [
      "C:\\Python313\\Lib\\asyncio\\base_events.py",
      2036,
      "C:\\Python313\\Lib\\asyncio\\base_events.py",
      2038
    ],
    [
      "C:\\Python313\\Lib\\typing.py",
      2383,
      "C:\\Python313\\Lib\\typing.py",
      2391
    ],
    [
      "C:\\Users\\david.dashti\\AppData\\Roaming\\Python\\Python313\\site-packages\\pydicom\\dataset.py",
      386,
      "C:\\Users\\david.dashti\\AppData\\Roaming\\Python\\Python313\\site-packages\\pydicom\\dataset.py",
      387
    ],
    [
      "C:\\Python313\\Lib\\threading.py",
      1430,
      "C:\\Python313\\Lib\\threading.py",
      1437
    ],
    [
      "C:\\Python313\\Lib\\threading.py",
      659,
      "C:\\Python313\\Lib\\threading.py",
      660
    ],
    [
      "C:\\Users\\david.dashti\\AppData\\Roaming\\Python\\Python313\\site-packages\\pydicom\\dataset.py",
      914,
      "C:\\Users\\david.dashti\\AppData\\Roaming\\Python\\Python313\\site-packages\\pydicom\\dataset.py",
      918
    ],
    [
      "C:\\Python313\\Lib\\asyncio\\base_events.py",
      876,
      "C:\\Python313\\Lib\\asyncio\\base_events.py",
      878
    ],
    [
      "C:\\Users\\david.dashti\\AppData\\Roaming\\Python\\Python313\\site-packages\\pydicom\\dataset.py",
      425,
      "C:\\Users\\david.dashti\\AppData\\Roaming\\Python\\Python313\\site-packages\\pydicom\\dataset.py",
      432
    ],
    [
      "C:\\Users\\david.dashti\\AppData\\Roaming\\Python\\Python313\\site-packages\\pydicom\\dataset.py",
      2735,
      "C:\\Users\\david.dashti\\AppData\\Roaming\\Python\\Python313\\site-packages\\pydicom\\dataset.py",
      -2735
    ],
    [
      "C:\\Python313\\Lib\\asyncio\\base_events.py",
      817,
      "C:\\Python313\\Lib\\asyncio\\base_events.py",
      819
    ],
    [
      "C:\\Users\\david.dashti\\AppData\\Roaming\\Python\\Python313\\site-packages\\pydicom\\filereader.py",
      404,
      "C:\\Users\\david.dashti\\AppData\\Roaming\\Python\\Python313\\site-packages\\pydicom\\filereader.py",
      -404
    ],
    [
      "C:\\Python313\\Lib\\asyncio\\futures.py",
      302,
      "C:\\Python313\\Lib\\asyncio\\futures.py",
      306
    ],
    [
      "C:\\Python313\\Lib\\threading.py",
      893,
      "C:\\Python313\\Lib\\threading.py",
      894
    ],
    [
      "C:\\Python313\\Lib\\concurrent\\futures\\_base.py",
      398,
      "C:\\Python313\\Lib\\concurrent\\futures\\_base.py",
      399
    ],
    [
      "C:\\Python313\\Lib\\asyncio\\base_events.py",
      896,
      "C:\\Python313\\Lib\\asyncio\\base_events.py",
      897
    ],
    [
      "C:\\Users\\david.dashti\\AppData\\Roaming\\Python\\Python313\\site-packages\\pydicom\\filereader.py",
      923,
      "C:\\Users\\david.dashti\\AppData\\Roaming\\Python\\Python313\\site-packages\\pydicom\\filereader.py",
      924
    ],
    [
      "C:\\Python313\\Lib\\concurrent\\futures\\thread.py",
      153,
      "C:\\Python313\\Lib\\concurrent\\futures\\thread.py",
      154
    ],
    [
      "C:\\Python313\\Lib\\threading.py",
      498,
      "C:\\Python313\\Lib\\threading.py",
      499
    ],
    [
      "C:\\Users\\david.dashti\\AppData\\Roaming\\Python\\Python313\\site-packages\\pydicom\\filereader.py",
      925,
      "C:\\Users\\david.dashti\\AppData\\Roaming\\Python\\Python313\\site-packages\\pydicom\\filereader.py",
      926
    ],
    [
      "C:\\Users\\david.dashti\\AppData\\Roaming\\Python\\Python313\\site-packages\\pydicom\\filereader.py",
      1082,
      "C:\\Users\\david.dashti\\AppData\\Roaming\\Python\\Python313\\site-packages\\pydicom\\filereader.py",
      1083
    ],
    [
      "C:\\Users\\david.dashti\\AppData\\Roaming\\Python\\Python313\\site-packages\\pydicom\\misc.py",
      27,
      "C:\\Users\\david.dashti\\AppData\\Roaming\\Python\\Python313\\site-packages\\pydicom\\misc.py",
      28
    ],
    [
      "C:\\Users\\david.dashti\\AppData\\Roaming\\Python\\Python313\\site-packages\\pydicom\\dataset.py",
      3541,
      "C:\\Users\\david.dashti\\AppData\\Roaming\\Python\\Python313\\site-packages\\pydicom\\dataset.py",
      3542
    ],
    [
      "C:\\Python313\\Lib\\asyncio\\base_futures.py",
      20,
      "C:\\Python313\\Lib\\asyncio\\base_futures.py",
      21
    ],
    [
      "C:\\Python313\\Lib\\asyncio\\timeouts.py",
      93,
      "C:\\Python313\\Lib\\asyncio\\timeouts.py",
      94
    ],
    [
      "C:\\Users\\david.dashti\\AppData\\Roaming\\Python\\Python313\\site-packages\\pydicom\\filereader.py",
      474,
      "C:\\Users\\david.dashti\\AppData\\Roaming\\Python\\Python313\\site-packages\\pydicom\\filereader.py",
      475
    ],
    [
      "C:\\Python313\\Lib\\asyncio\\windows_events.py",
      453,
      "C:\\Python313\\Lib\\asyncio\\windows_events.py",
      -453
    ],
    [
      "C:\\Python313\\Lib\\asyncio\\timeouts.py",
      85,
      "C:\\Python313\\Lib\\asyncio\\timeouts.py",
      86
    ],
    [
      "C:\\Python313\\Lib\\concurrent\\futures\\_base.py",
      408,
      "C:\\Python313\\Lib\\concurrent\\futures\\_base.py",
      419
    ],
    [
      "C:\\Users\\david.dashti\\AppData\\Roaming\\Python\\Python313\\site-packages\\pydicom\\filereader.py",
      1083,
      "C:\\Users\\david.dashti\\AppData\\Roaming\\Python\\Python313\\site-packages\\pydicom\\filereader.py",
      1078
    ],
    [
      "C:\\Python313\\Lib\\logging\\__init__.py",
      1765,
      "C:\\Python313\\Lib\\logging\\__init__.py",
      1769
    ],
    [
      "C:\\Python313\\Lib\\asyncio\\base_events.py",
      559,
      "C:\\Python313\\Lib\\asyncio\\base_events.py",
      -559
    ],
    [
      "C:\\Users\\david.dashti\\AppData\\Roaming\\Python\\Python313\\site-packages\\pydicom\\fileutil.py",
      448,
      "C:\\Users\\david.dashti\\AppData\\Roaming\\Python\\Python313\\site-packages\\pydicom\\fileutil.py",
      449
    ],
    [
      "C:\\Python313\\Lib\\asyncio\\windows_events.py",
      430,
      "C:\\Python313\\Lib\\asyncio\\windows_events.py",
      431
    ],
    [
      "C:\\Python313\\Lib\\asyncio\\events.py",
      44,
      "C:\\Python313\\Lib\\asyncio\\events.py",
      45
    ],
    [
      "C:\\Python313\\Lib\\asyncio\\futures.py",
      384,
      "C:\\Python313\\Lib\\asyncio\\futures.py",
      385
    ],
    [
      "C:\\Users\\david.dashti\\AppData\\Roaming\\Python\\Python313\\site-packages\\pydicom\\filereader.py",
      147,
      "C:\\Users\\david.dashti\\AppData\\Roaming\\Python\\Python313\\site-packages\\pydicom\\filereader.py",
      180
    ],
    [
      "C:\\Python313\\Lib\\asyncio\\timeouts.py",
      123,
      "C:\\Python313\\Lib\\asyncio\\timeouts.py",
      125
    ],
    [
      "C:\\Python313\\Lib\\asyncio\\timeouts.py",
      61,
      "C:\\Python313\\Lib\\asyncio\\timeouts.py",
      64
    ],
    [
      "C:\\Python313\\Lib\\threading.py",
      352,
      "C:\\Python313\\Lib\\threading.py",
      353
    ],
    [
      "C:\\Python313\\Lib\\asyncio\\base_events.py",
      838,
      "C:\\Python313\\Lib\\asyncio\\base_events.py",
      840
    ],
    [
      "C:\\Python313\\Lib\\threading.py",
      354,
      "C:\\Python313\\Lib\\threading.py",
      355
    ],
    [
      "C:\\Python313\\Lib\\asyncio\\threads.py",
      25,
      "C:\\Python313\\Lib\\asyncio\\threads.py",
      -25
    ],
    [
      "C:\\Users\\david.dashti\\AppData\\Roaming\\Python\\Python313\\site-packages\\pydicom\\filereader.py",
      944,
      "C:\\Users\\david.dashti\\AppData\\Roaming\\Python\\Python313\\site-packages\\pydicom\\filereader.py",
      945
    ],
    [
      "C:\\Python313\\Lib\\threading.py",
      360,
      "C:\\Python313\\Lib\\threading.py",
      366
    ],
    [
      "C:\\Python313\\Lib\\threading.py",
      304,
      "C:\\Python313\\Lib\\threading.py",
      -304
    ],
    [
      "C:\\Python313\\Lib\\concurrent\\futures\\_base.py",
      446,
      "C:\\Python313\\Lib\\concurrent\\futures\\_base.py",
      448
    ],
    [
      "C:\\Python313\\Lib\\threading.py",
      312,
      "C:\\Python313\\Lib\\threading.py",
      313
    ],
    [
      "C:\\Users\\david.dashti\\AppData\\Roaming\\Python\\Python313\\site-packages\\pydicom\\filereader.py",
      645,
      "C:\\Users\\david.dashti\\AppData\\Roaming\\Python\\Python313\\site-packages\\pydicom\\filereader.py",
      666
    ],
    [
      "C:\\Python313\\Lib\\asyncio\\windows_events.py",
      722,
      "C:\\Python313\\Lib\\asyncio\\windows_events.py",
      724
    ],
    [
      "C:\\Users\\david.dashti\\AppData\\Roaming\\Python\\Python313\\site-packages\\pydicom\\dataset.py",
      908,
      "C:\\Users\\david.dashti\\AppData\\Roaming\\Python\\Python313\\site-packages\\pydicom\\dataset.py",
      909
    ],
    [
      "C:\\Python313\\Lib\\asyncio\\base_futures.py",
      20,
      "C:\\Python313\\Lib\\asyncio\\base_futures.py",
      -20
    ],
    [
      "C:\\Users\\david.dashti\\AppData\\Roaming\\Python\\Python313\\site-packages\\pydicom\\filereader.py",
      1068,
      "C:\\Users\\david.dashti\\AppData\\Roaming\\Python\\Python313\\site-packages\\pydicom\\filereader.py",
      1071
    ],
    [
      "C:\\Users\\david.dashti\\AppData\\Roaming\\Python\\Python313\\site-packages\\pydicom\\filereader.py",
      139,
      "C:\\Users\\david.dashti\\AppData\\Roaming\\Python\\Python313\\site-packages\\pydicom\\filereader.py",
      -139
    ],
    [
      "C:\\Python313\\Lib\\asyncio\\base_events.py",
      1998,
      "C:\\Python313\\Lib\\asyncio\\base_events.py",
      1999
    ],
    [
      "C:\\Users\\david.dashti\\AppData\\Roaming\\Python\\Python313\\site-packages\\pydicom\\dataset.py",
      1044,
      "C:\\Users\\david.dashti\\AppData\\Roaming\\Python\\Python313\\site-packages\\pydicom\\dataset.py",
      1051
    ],
    [
      "C:\\Python313\\Lib\\asyncio\\futures.py",
      385,
      "C:\\Python313\\Lib\\asyncio\\futures.py",
      -385
    ],
    [
      "C:\\Users\\david.dashti\\AppData\\Roaming\\Python\\Python313\\site-packages\\pydicom\\filereader.py",
      636,
      "C:\\Users\\david.dashti\\AppData\\Roaming\\Python\\Python313\\site-packages\\pydicom\\filereader.py",
      638
    ],
    [
      "C:\\Python313\\Lib\\_weakrefset.py",
      77,
      "C:\\Python313\\Lib\\_weakrefset.py",
      80
    ],
    [
      "C:\\Python313\\Lib\\asyncio\\base_events.py",
      779,
      "C:\\Python313\\Lib\\asyncio\\base_events.py",
      -779
    ],
    [
      "C:\\Python313\\Lib\\asyncio\\base_events.py",
      857,
      "C:\\Python313\\Lib\\asyncio\\base_events.py",
      -857
    ],
    [
      "C:\\Users\\david.dashti\\AppData\\Roaming\\Python\\Python313\\site-packages\\pydicom\\dataset.py",
      3580,
      "C:\\Users\\david.dashti\\AppData\\Roaming\\Python\\Python313\\site-packages\\pydicom\\dataset.py",
      -3580
    ],
    [
      "C:\\Users\\david.dashti\\AppData\\Roaming\\Python\\Python313\\site-packages\\pydicom\\filereader.py",
      372,
      "C:\\Users\\david.dashti\\AppData\\Roaming\\Python\\Python313\\site-packages\\pydicom\\filereader.py",
      373
    ],
    [
      "C:\\Python313\\Lib\\threading.py",
      509,
      "C:\\Python313\\Lib\\threading.py",
      510
    ],
    [
      "C:\\Python313\\Lib\\asyncio\\futures.py",
      350,
      "C:\\Python313\\Lib\\asyncio\\futures.py",
      351
    ],
    [
      "C:\\Python313\\Lib\\asyncio\\timeouts.py",
      125,
      "C:\\Python313\\Lib\\asyncio\\timeouts.py",
      -125
    ],
    [
      "C:\\Users\\david.dashti\\AppData\\Roaming\\Python\\Python313\\site-packages\\pydicom\\dataset.py",
      3402,
      "C:\\Users\\david.dashti\\AppData\\Roaming\\Python\\Python313\\site-packages\\pydicom\\dataset.py",
      3404
    ],
    [
      "C:\\Users\\david.dashti\\AppData\\Roaming\\Python\\Python313\\site-packages\\pydicom\\tag.py",
      132,
      "C:\\Users\\david.dashti\\AppData\\Roaming\\Python\\Python313\\site-packages\\pydicom\\tag.py",
      138
    ],
    [
      "C:\\Users\\david.dashti\\AppData\\Roaming\\Python\\Python313\\site-packages\\pydicom\\filereader.py",
      930,
      "C:\\Users\\david.dashti\\AppData\\Roaming\\Python\\Python313\\site-packages\\pydicom\\filereader.py",
      924
    ],
    [
      "C:\\Python313\\Lib\\threading.py",
      505,
      "C:\\Python313\\Lib\\threading.py",
      508
    ],
    [
      "C:\\Users\\david.dashti\\AppData\\Roaming\\Python\\Python313\\site-packages\\pydicom\\dataset.py",
      3579,
      "C:\\Users\\david.dashti\\AppData\\Roaming\\Python\\Python313\\site-packages\\pydicom\\dataset.py",
      3580
    ],
    [
      "C:\\Python313\\Lib\\asyncio\\base_events.py",
      821,
      "C:\\Python313\\Lib\\asyncio\\base_events.py",
      -821
    ],
    [
      "C:\\Python313\\Lib\\concurrent\\futures\\thread.py",
      187,
      "C:\\Python313\\Lib\\concurrent\\futures\\thread.py",
      -187
    ],
    [
      "C:\\Users\\david.dashti\\AppData\\Roaming\\Python\\Python313\\site-packages\\pydicom\\filereader.py",
      207,
      "C:\\Users\\david.dashti\\AppData\\Roaming\\Python\\Python313\\site-packages\\pydicom\\filereader.py",
      208
    ],
    [
      "C:\\Python313\\Lib\\asyncio\\windows_events.py",
      775,
      "C:\\Python313\\Lib\\asyncio\\windows_events.py",
      776
    ],
    [
      "C:\\Users\\david.dashti\\AppData\\Roaming\\Python\\Python313\\site-packages\\pydicom\\dataset.py",
      2659,
      "C:\\Users\\david.dashti\\AppData\\Roaming\\Python\\Python313\\site-packages\\pydicom\\dataset.py",
      2677
    ],
    [
      "C:\\Python313\\Lib\\asyncio\\base_events.py",
      819,
      "C:\\Python313\\Lib\\asyncio\\base_events.py",
      820
    ],
    [
      "C:\\Users\\david.dashti\\AppData\\Roaming\\Python\\Python313\\site-packages\\pydicom\\dataset.py",
      925,
      "C:\\Users\\david.dashti\\AppData\\Roaming\\Python\\Python313\\site-packages\\pydicom\\dataset.py",
      -925
    ],
    [
      "C:\\Python313\\Lib\\threading.py",
      294,
      "C:\\Python313\\Lib\\threading.py",
      295
    ],
    [
      "C:\\Python313\\Lib\\threading.py",
      369,
      "C:\\Python313\\Lib\\threading.py",
      370
    ],
    [
      "C:\\Python313\\Lib\\contextlib.py",
      146,
      "C:\\Python313\\Lib\\contextlib.py",
      147
    ],
    [
      "C:\\Users\\david.dashti\\AppData\\Roaming\\Python\\Python313\\site-packages\\pydicom\\filereader.py",
      679,
      "C:\\Users\\david.dashti\\AppData\\Roaming\\Python\\Python313\\site-packages\\pydicom\\filereader.py",
      680
    ],
    [
      "C:\\Python313\\Lib\\asyncio\\base_events.py",
      2034,
      "C:\\Python313\\Lib\\asyncio\\base_events.py",
      2051
    ],
    [
      "C:\\Users\\david.dashti\\AppData\\Roaming\\Python\\Python313\\site-packages\\pydicom\\filereader.py",
      126,
      "C:\\Users\\david.dashti\\AppData\\Roaming\\Python\\Python313\\site-packages\\pydicom\\filereader.py",
      127
    ],
    [
      "C:\\Python313\\Lib\\threading.py",
      508,
      "C:\\Python313\\Lib\\threading.py",
      509
    ],
    [
      "C:\\Python313\\Lib\\asyncio\\timeouts.py",
      103,
      "C:\\Python313\\Lib\\asyncio\\timeouts.py",
      105
    ],
    [
      "C:\\Python313\\Lib\\concurrent\\futures\\thread.py",
      138,
      "C:\\Python313\\Lib\\concurrent\\futures\\thread.py",
      146
    ],
    [
      "C:\\Users\\david.dashti\\OneDrive - Hermes Medical Solutions AB\\Documents\\David - Main\\Personal\\Private\\Code - 2\\dicom-fuzzer\\dicom_fuzzer\\core\\coverage_guided_fuzzer.py",
      406,
      "C:\\Users\\david.dashti\\OneDrive - Hermes Medical Solutions AB\\Documents\\David - Main\\Personal\\Private\\Code - 2\\dicom-fuzzer\\dicom_fuzzer\\core\\coverage_guided_fuzzer.py",
      407
    ],
    [
      "C:\\Python313\\Lib\\threading.py",
      911,
      "C:\\Python313\\Lib\\threading.py",
      916
    ],
    [
      "C:\\Python313\\Lib\\asyncio\\base_events.py",
      887,
      "C:\\Python313\\Lib\\asyncio\\base_events.py",
      888
    ],
    [
      "C:\\Python313\\Lib\\asyncio\\timeouts.py",
      52,
      "C:\\Python313\\Lib\\asyncio\\timeouts.py",
      59
    ],
    [
      "C:\\Python313\\Lib\\concurrent\\futures\\thread.py",
      154,
      "C:\\Python313\\Lib\\concurrent\\futures\\thread.py",
      155
    ],
    [
      "C:\\Python313\\Lib\\asyncio\\base_events.py",
      1965,
      "C:\\Python313\\Lib\\asyncio\\base_events.py",
      1967
    ],
    [
      "C:\\Python313\\Lib\\asyncio\\base_events.py",
      554,
      "C:\\Python313\\Lib\\asyncio\\base_events.py",
      555
    ],
    [
      "C:\\Users\\david.dashti\\AppData\\Roaming\\Python\\Python313\\site-packages\\pydicom\\filereader.py",
      766,
      "C:\\Users\\david.dashti\\AppData\\Roaming\\Python\\Python313\\site-packages\\pydicom\\filereader.py",
      767
    ],
    [
      "C:\\Python313\\Lib\\concurrent\\futures\\_base.py",
      444,
      "C:\\Python313\\Lib\\concurrent\\futures\\_base.py",
      445
    ],
    [
      "C:\\Python313\\Lib\\asyncio\\proactor_events.py",
      817,
      "C:\\Python313\\Lib\\asyncio\\proactor_events.py",
      -817
    ],
    [
      "C:\\Python313\\Lib\\asyncio\\windows_events.py",
      724,
      "C:\\Python313\\Lib\\asyncio\\windows_events.py",
      744
    ],
    [
      "C:\\Users\\david.dashti\\AppData\\Roaming\\Python\\Python313\\site-packages\\pydicom\\dataset.py",
      3540,
      "C:\\Users\\david.dashti\\AppData\\Roaming\\Python\\Python313\\site-packages\\pydicom\\dataset.py",
      3541
    ],
    [
      "C:\\Python313\\Lib\\asyncio\\windows_events.py",
      765,
      "C:\\Python313\\Lib\\asyncio\\windows_events.py",
      770
    ],
    [
      "C:\\Python313\\Lib\\asyncio\\proactor_events.py",
      825,
      "C:\\Python313\\Lib\\asyncio\\proactor_events.py",
      826
    ],
    [
      "C:\\Users\\david.dashti\\AppData\\Roaming\\Python\\Python313\\site-packages\\pydicom\\tag.py",
      242,
      "C:\\Users\\david.dashti\\AppData\\Roaming\\Python\\Python313\\site-packages\\pydicom\\tag.py",
      -242
    ],
    [
      "C:\\Users\\david.dashti\\AppData\\Roaming\\Python\\Python313\\site-packages\\pydicom\\filereader.py",
      868,
      "C:\\Users\\david.dashti\\AppData\\Roaming\\Python\\Python313\\site-packages\\pydicom\\filereader.py",
      871
    ],
    [
      "C:\\Python313\\Lib\\concurrent\\futures\\_base.py",
      482,
      "C:\\Python313\\Lib\\concurrent\\futures\\_base.py",
      484
    ],
    [
      "C:\\Python313\\Lib\\threading.py",
      370,
      "C:\\Python313\\Lib\\threading.py",
      371
    ],
    [
      "C:\\Users\\david.dashti\\AppData\\Roaming\\Python\\Python313\\site-packages\\pydicom\\dataset.py",
      838,
      "C:\\Users\\david.dashti\\AppData\\Roaming\\Python\\Python313\\site-packages\\pydicom\\dataset.py",
      839
    ],
    [
      "C:\\Users\\david.dashti\\AppData\\Roaming\\Python\\Python313\\site-packages\\pydicom\\filereader.py",
      266,
      "C:\\Users\\david.dashti\\AppData\\Roaming\\Python\\Python313\\site-packages\\pydicom\\filereader.py",
      267
    ],
    [
      "C:\\Users\\david.dashti\\AppData\\Roaming\\Python\\Python313\\site-packages\\pydicom\\filereader.py",
      1054,
      "C:\\Users\\david.dashti\\AppData\\Roaming\\Python\\Python313\\site-packages\\pydicom\\filereader.py",
      1068
    ],
    [
      "C:\\Python313\\Lib\\asyncio\\timeouts.py",
      88,
      "C:\\Python313\\Lib\\asyncio\\timeouts.py",
      89
    ],
    [
      "C:\\Python313\\Lib\\asyncio\\futures.py",
      416,
      "C:\\Python313\\Lib\\asyncio\\futures.py",
      -416
    ],
    [
      "C:\\Users\\david.dashti\\AppData\\Roaming\\Python\\Python313\\site-packages\\pydicom\\fileutil.py",
      443,
      "C:\\Users\\david.dashti\\AppData\\Roaming\\Python\\Python313\\site-packages\\pydicom\\fileutil.py",
      444
    ],
    [
      "C:\\Python313\\Lib\\threading.py",
      353,
      "C:\\Python313\\Lib\\threading.py",
      354
    ],
    [
      "C:\\Python313\\Lib\\threading.py",
      506,
      "C:\\Python313\\Lib\\threading.py",
      511
    ],
    [
      "C:\\Python313\\Lib\\asyncio\\timeouts.py",
      122,
      "C:\\Python313\\Lib\\asyncio\\timeouts.py",
      123
    ],
    [
      "C:\\Python313\\Lib\\asyncio\\windows_events.py",
      488,
      "C:\\Python313\\Lib\\asyncio\\windows_events.py",
      494
    ],
    [
      "C:\\Users\\david.dashti\\AppData\\Roaming\\Python\\Python313\\site-packages\\pydicom\\filereader.py",
      666,
      "C:\\Users\\david.dashti\\AppData\\Roaming\\Python\\Python313\\site-packages\\pydicom\\filereader.py",
      668
    ],
    [
      "C:\\Users\\david.dashti\\AppData\\Roaming\\Python\\Python313\\site-packages\\pydicom\\dataset.py",
      1524,
      "C:\\Users\\david.dashti\\AppData\\Roaming\\Python\\Python313\\site-packages\\pydicom\\dataset.py",
      1526
    ],
    [
      "C:\\Python313\\Lib\\asyncio\\timeouts.py",
      33,
      "C:\\Python313\\Lib\\asyncio\\timeouts.py",
      40
    ],
    [
      "C:\\Python313\\Lib\\asyncio\\futures.py",
      370,
      "C:\\Python313\\Lib\\asyncio\\futures.py",
      369
    ],
    [
      "C:\\Python313\\Lib\\concurrent\\futures\\_base.py",
      422,
      "C:\\Python313\\Lib\\concurrent\\futures\\_base.py",
      419
    ],
    [
      "C:\\Python313\\Lib\\threading.py",
      281,
      "C:\\Python313\\Lib\\threading.py",
      282
    ],
    [
      "C:\\Python313\\Lib\\_weakrefset.py",
      88,
      "C:\\Python313\\Lib\\_weakrefset.py",
      -88
    ],
    [
      "C:\\Users\\david.dashti\\AppData\\Roaming\\Python\\Python313\\site-packages\\pydicom\\filereader.py",
      873,
      "C:\\Users\\david.dashti\\AppData\\Roaming\\Python\\Python313\\site-packages\\pydicom\\filereader.py",
      874
    ],
    [
      "C:\\Python313\\Lib\\asyncio\\events.py",
      73,
      "C:\\Python313\\Lib\\asyncio\\events.py",
      74
    ],
    [
      "C:\\Python313\\Lib\\concurrent\\futures\\thread.py",
      197,
      "C:\\Python313\\Lib\\concurrent\\futures\\thread.py",
      196
    ],
    [
      "C:\\Python313\\Lib\\asyncio\\events.py",
      75,
      "C:\\Python313\\Lib\\asyncio\\events.py",
      76
    ],
    [
      "C:\\Python313\\Lib\\threading.py",
      605,
      "C:\\Python313\\Lib\\threading.py",
      607
    ],
    [
      "C:\\Python313\\Lib\\threading.py",
      973,
      "C:\\Python313\\Lib\\threading.py",
      972
    ],
    [
      "C:\\Users\\david.dashti\\AppData\\Roaming\\Python\\Python313\\site-packages\\pydicom\\filereader.py",
      263,
      "C:\\Users\\david.dashti\\AppData\\Roaming\\Python\\Python313\\site-packages\\pydicom\\filereader.py",
      264
    ],
    [
[...]
    "<string>:1",
    "C:\\Python313\\Lib\\asyncio\\base_events.py:2015",
    "C:\\Python313\\Lib\\asyncio\\windows_events.py:708",
    "C:\\Users\\david.dashti\\AppData\\Roaming\\Python\\Python313\\site-packages\\pydicom\\dataset.py:3540",
    "C:\\Python313\\Lib\\asyncio\\windows_events.py:488",
    "C:\\Users\\david.dashti\\AppData\\Roaming\\Python\\Python313\\site-packages\\pydicom\\dataset.py:3549",
    "C:\\Users\\david.dashti\\AppData\\Roaming\\Python\\Python313\\site-packages\\pydicom\\dataset.py:907",
    "C:\\Python313\\Lib\\concurrent\\futures\\thread.py:160",
    "C:\\Python313\\Lib\\asyncio\\timeouts.py:52",
    "C:\\Python313\\Lib\\asyncio\\windows_events.py:744",
    "C:\\Users\\david.dashti\\AppData\\Roaming\\Python\\Python313\\site-packages\\pydicom\\dataset.py:925",
    "C:\\Python313\\Lib\\asyncio\\timeouts.py:61",
    "C:\\Python313\\Lib\\_weakrefset.py:80",
    "C:\\Users\\david.dashti\\AppData\\Roaming\\Python\\Python313\\site-packages\\pydicom\\dataset.py:2731",
    "C:\\Python313\\Lib\\concurrent\\futures\\thread.py:187",
    "C:\\Python313\\Lib\\asyncio\\base_events.py:559",
    "C:\\Python313\\Lib\\asyncio\\futures.py:306",
    "C:\\Python313\\Lib\\asyncio\\timeouts.py:88",
    "C:\\Python313\\Lib\\asyncio\\events.py:89",
    "C:\\Users\\david.dashti\\AppData\\Roaming\\Python\\Python313\\site-packages\\pydicom\\filereader.py:1074",
    "C:\\Users\\david.dashti\\AppData\\Roaming\\Python\\Python313\\site-packages\\pydicom\\filereader.py:180",
    "C:\\Users\\david.dashti\\AppData\\Roaming\\Python\\Python313\\site-packages\\pydicom\\datadict.py:477",
    "C:\\Users\\david.dashti\\AppData\\Roaming\\Python\\Python313\\site-packages\\pydicom\\misc.py:27",
    "C:\\Users\\david.dashti\\AppData\\Roaming\\Python\\Python313\\site-packages\\pydicom\\dataelem.py:94",
    "C:\\Users\\david.dashti\\AppData\\Roaming\\Python\\Python313\\site-packages\\pydicom\\filereader.py:1083",
    "C:\\Users\\david.dashti\\AppData\\Roaming\\Python\\Python313\\site-packages\\pydicom\\dataset.py:1455",
    "C:\\Python313\\Lib\\concurrent\\futures\\thread.py:52",
    "C:\\Users\\david.dashti\\AppData\\Roaming\\Python\\Python313\\site-packages\\pydicom\\dataset.py:390",
    "C:\\Python313\\Lib\\asyncio\\windows_events.py:447",
    "C:\\Python313\\Lib\\threading.py:307",
    "C:\\Python313\\Lib\\threading.py:972",
    "C:\\Python313\\Lib\\asyncio\\base_events.py:2001",
    "C:\\Python313\\Lib\\threading.py:316",
    "C:\\Python313\\Lib\\threading.py:325",
    "C:\\Python313\\Lib\\weakref.py:428",
    "C:\\Users\\david.dashti\\AppData\\Roaming\\Python\\Python313\\site-packages\\pydicom\\dataset.py:3544",
    "C:\\Python313\\Lib\\asyncio\\windows_events.py:56",
    "C:\\Python313\\Lib\\concurrent\\futures\\thread.py:146",
    "C:\\Python313\\Lib\\asyncio\\windows_events.py:721",
    "C:\\Python313\\Lib\\concurrent\\futures\\thread.py:155",
    "C:\\Python313\\Lib\\asyncio\\windows_events.py:730",
    "C:\\Users\\david.dashti\\AppData\\Roaming\\Python\\Python313\\site-packages\\pydicom\\dataset.py:3373",
    "C:\\Python313\\Lib\\logging\\__init__.py:1769",
    "C:\\Users\\david.dashti\\AppData\\Roaming\\Python\\Python313\\site-packages\\pydicom\\dataset.py:2717",
    "C:\\Users\\david.dashti\\AppData\\Roaming\\Python\\Python313\\site-packages\\pydicom\\dataset.py:3382",
    "C:\\Python313\\Lib\\concurrent\\futures\\_base.py:386",
    "C:\\Python313\\Lib\\concurrent\\futures\\_base.py:395",
    "C:\\Users\\david.dashti\\AppData\\Roaming\\Python\\Python313\\site-packages\\pydicom\\dataset.py:2735",
    "C:\\Users\\david.dashti\\AppData\\Roaming\\Python\\Python313\\site-packages\\pydicom\\dataset.py:3400",
    "C:\\Python313\\Lib\\asyncio\\futures.py:301",
    "C:\\Python313\\Lib\\asyncio\\events.py:75",
    "C:\\Python313\\Lib\\asyncio\\base_events.py:810",
    "C:\\Python313\\Lib\\asyncio\\base_events.py:819",
    "C:\\Users\\david.dashti\\AppData\\Roaming\\Python\\Python313\\site-packages\\pydicom\\filereader.py:1078",
    "C:\\Users\\david.dashti\\AppData\\Roaming\\Python\\Python313\\site-packages\\pydicom\\dataelem.py:98",
    "C:\\Users\\david.dashti\\AppData\\Roaming\\Python\\Python313\\site-packages\\pydicom\\filereader.py:193",
    "C:\\Python313\\Lib\\threading.py:284",
    "C:\\Python313\\Lib\\asyncio\\base_events.py:1978",
    "C:\\Python313\\Lib\\threading.py:293",
    "C:\\Users\\david.dashti\\AppData\\Roaming\\Python\\Python313\\site-packages\\pydicom\\dataset.py:394",
    "C:\\Python313\\Lib\\asyncio\\base_events.py:1996",
    "C:\\Python313\\Lib\\threading.py:976",
    "C:\\Users\\david.dashti\\AppData\\Roaming\\Python\\Python313\\site-packages\\pydicom\\filereader.py:943",
    "C:\\Python313\\Lib\\asyncio\\windows_events.py:716",
    "C:\\Python313\\Lib\\concurrent\\futures\\thread.py:150",
    "C:\\Python313\\Lib\\asyncio\\timeouts.py:42",
    "C:\\Python313\\Lib\\concurrent\\futures\\thread.py:159",
    "C:\\Users\\david.dashti\\AppData\\Roaming\\Python\\Python313\\site-packages\\pydicom\\dataset.py:3377",
    "C:\\Python313\\Lib\\logging\\__init__.py:1773",
    "C:\\Users\\david.dashti\\AppData\\Roaming\\Python\\Python313\\site-packages\\pydicom\\dataset.py:2721",
    "C:\\Users\\david.dashti\\AppData\\Roaming\\Python\\Python313\\site-packages\\pydicom\\dataset.py:3386",
    "C:\\Python313\\Lib\\_weakrefset.py:88",
    "C:\\Python313\\Lib\\asyncio\\windows_events.py:810",
    "C:\\Users\\david.dashti\\AppData\\Roaming\\Python\\Python313\\site-packages\\pydicom\\tag.py:176",
    "C:\\Python313\\Lib\\asyncio\\events.py:88",
    "C:\\Users\\david.dashti\\AppData\\Roaming\\Python\\Python313\\site-packages\\pydicom\\filereader.py:1082",
    "C:\\Python313\\Lib\\concurrent\\futures\\_base.py:484",
    "C:\\Users\\david.dashti\\AppData\\Roaming\\Python\\Python313\\site-packages\\pydicom\\filereader.py:673",
    "C:\\Python313\\Lib\\threading.py:297",
    "C:\\Python313\\Lib\\asyncio\\base_events.py:899",
    "C:\\Python313\\Lib\\asyncio\\windows_events.py:446",
    "C:\\Python313\\Lib\\asyncio\\futures.py:408",
    "C:\\Users\\david.dashti\\AppData\\Roaming\\Python\\Python313\\site-packages\\pydicom\\filereader.py:929",
    "C:\\Users\\david.dashti\\AppData\\Roaming\\Python\\Python313\\site-packages\\pydicom\\filereader.py:938",
    "C:\\Users\\david.dashti\\AppData\\Roaming\\Python\\Python313\\site-packages\\pydicom\\filereader.py:947",
    "C:\\Python313\\Lib\\concurrent\\futures\\thread.py:154",
    "C:\\Users\\david.dashti\\AppData\\Roaming\\Python\\Python313\\site-packages\\pydicom\\dataset.py:910",
    "C:\\Users\\david.dashti\\AppData\\Roaming\\Python\\Python313\\site-packages\\pydicom\\dataset.py:3372",
    "C:\\Users\\david.dashti\\AppData\\Roaming\\Python\\Python313\\site-packages\\pydicom\\dataset.py:3381",
    "C:\\Python313\\Lib\\asyncio\\timeouts.py:64",
    "C:\\Users\\david.dashti\\AppData\\Roaming\\Python\\Python313\\site-packages\\pydicom\\filereader.py:138",
    "C:\\Users\\david.dashti\\AppData\\Roaming\\Python\\Python313\\site-packages\\pydicom\\dataset.py:2725",
    "C:\\Users\\david.dashti\\AppData\\Roaming\\Python\\Python313\\site-packages\\pydicom\\filereader.py:147",
    "C:\\Python313\\Lib\\asyncio\\events.py:74",
    "C:\\Users\\david.dashti\\AppData\\Roaming\\Python\\Python313\\site-packages\\pydicom\\filereader.py:1068",
    "C:\\Python313\\Lib\\concurrent\\futures\\_base.py:461",
    "C:\\Python313\\Lib\\threading.py:921",
    "C:\\Users\\david.dashti\\AppData\\Roaming\\Python\\Python313\\site-packages\\pydicom\\filereader.py:1077",
    "C:\\Users\\david.dashti\\AppData\\Roaming\\Python\\Python313\\site-packages\\pydicom\\filereader.py:1086",
    "C:\\Python313\\Lib\\asyncio\\base_events.py:1968",
    "C:\\Python313\\Lib\\threading.py:283",
    "C:\\Users\\david.dashti\\AppData\\Roaming\\Python\\Python313\\site-packages\\pydicom\\filereader.py:668",
    "C:\\Python313\\Lib\\asyncio\\base_events.py:885",
    "C:\\Python313\\Lib\\threading.py:292",
    "C:\\Users\\david.dashti\\AppData\\Roaming\\Python\\Python313\\site-packages\\pydicom\\filereader.py:677",
    "C:\\Python313\\Lib\\asyncio\\base_events.py:894",
    "C:\\Python313\\Lib\\asyncio\\futures.py:403",
    "C:\\Users\\david.dashti\\AppData\\Roaming\\Python\\Python313\\site-packages\\pydicom\\filereader.py:924",
    "C:\\Python313\\Lib\\asyncio\\futures.py:412",
    "C:\\Users\\david.dashti\\AppData\\Roaming\\Python\\Python313\\site-packages\\pydicom\\filereader.py:268",
    "C:\\Users\\david.dashti\\AppData\\Roaming\\Python\\Python313\\site-packages\\pydicom\\filereader.py:942",
    "C:\\Python313\\Lib\\concurrent\\futures\\_base.py:335",
    "C:\\Python313\\Lib\\threading.py:139",
    "C:\\Users\\david.dashti\\AppData\\Roaming\\Python\\Python313\\site-packages\\pydicom\\filereader.py:951",
    "C:\\Users\\david.dashti\\AppData\\Roaming\\Python\\Python313\\site-packages\\pydicom\\filereader.py:780",
    "C:\\Python313\\Lib\\asyncio\\events.py:42",
    "C:\\Users\\david.dashti\\AppData\\Roaming\\Python\\Python313\\site-packages\\pydicom\\filereader.py:124",
    "C:\\Users\\david.dashti\\AppData\\Roaming\\Python\\Python313\\site-packages\\pydicom\\filereader.py:1036",
    "C:\\Python313\\Lib\\threading.py:1316",
    "C:\\Users\\david.dashti\\AppData\\Roaming\\Python\\Python313\\site-packages\\pydicom\\filereader.py:380",
    "C:\\Python313\\Lib\\threading.py:660",
    "C:\\Users\\david.dashti\\AppData\\Roaming\\Python\\Python313\\site-packages\\pydicom\\filereader.py:1045",
    "C:\\Python313\\Lib\\asyncio\\windows_events.py:809",
    "C:\\Users\\david.dashti\\AppData\\Roaming\\Python\\Python313\\site-packages\\pydicom\\filereader.py:1054",
    "C:\\Python313\\Lib\\threading.py:907",
    "C:\\Python313\\Lib\\threading.py:916",
    "C:\\Users\\david.dashti\\OneDrive - Hermes Medical Solutions AB\\Documents\\David - Main\\Personal\\Private\\Code - 2\\dicom-fuzzer\\dicom_fuzzer\\core\\coverage_guided_fuzzer.py:413",
    "C:\\Python313\\Lib\\threading.py:925",
    "C:\\Users\\david.dashti\\AppData\\Roaming\\Python\\Python313\\site-packages\\pydicom\\tag.py:242",
    "C:\\Python313\\Lib\\asyncio\\timeouts.py:162",
    "C:\\Python313\\Lib\\threading.py:287",
    "C:\\Users\\david.dashti\\AppData\\Roaming\\Python\\Python313\\site-packages\\pydicom\\filereader.py:672",
    "C:\\Python313\\Lib\\asyncio\\base_events.py:889",
    "C:\\Python313\\Lib\\asyncio\\futures.py:398",
    "C:\\Users\\david.dashti\\AppData\\Roaming\\Python\\Python313\\site-packages\\pydicom\\filereader.py:263",
    "C:\\Python313\\Lib\\threading.py:1437",
    "C:\\Users\\david.dashti\\AppData\\Roaming\\Python\\Python313\\site-packages\\pydicom\\filereader.py:928",
    "C:\\Python313\\Lib\\asyncio\\futures.py:416",
    "C:\\Python313\\Lib\\concurrent\\futures\\_base.py:330",
    "C:\\Users\\david.dashti\\AppData\\Roaming\\Python\\Python313\\site-packages\\pydicom\\dataset.py:2679",
    "C:\\Users\\david.dashti\\AppData\\Roaming\\Python\\Python313\\site-packages\\pydicom\\filereader.py:766",
    "C:\\Users\\david.dashti\\AppData\\Roaming\\Python\\Python313\\site-packages\\pydicom\\tag.py:125",
    "C:\\Users\\david.dashti\\AppData\\Roaming\\Python\\Python313\\site-packages\\pydicom\\filereader.py:775",
    "C:\\Python313\\Lib\\asyncio\\events.py:37",
    "C:\\Users\\david.dashti\\AppData\\Roaming\\Python\\Python313\\site-packages\\pydicom\\dataset.py:3371",
    "C:\\Users\\david.dashti\\AppData\\Roaming\\Python\\Python313\\site-packages\\pydicom\\filereader.py:128",
    "C:\\Python313\\Lib\\asyncio\\proactor_events.py:817",
    "C:\\Users\\david.dashti\\AppData\\Roaming\\Python\\Python313\\site-packages\\pydicom\\filereader.py:146",
    "C:\\Python313\\Lib\\threading.py:893",
    "C:\\Users\\david.dashti\\AppData\\Roaming\\Python\\Python313\\site-packages\\pydicom\\filereader.py:384",
    "C:\\Python313\\Lib\\asyncio\\proactor_events.py:826",
    "C:\\Python313\\Lib\\asyncio\\windows_events.py:804",
    "C:\\Python313\\Lib\\contextlib.py:147",
    "C:\\Python313\\Lib\\threading.py:911",
    "C:\\Users\\david.dashti\\AppData\\Roaming\\Python\\Python313\\site-packages\\pydicom\\filereader.py:640",
    "C:\\Python313\\Lib\\threading.py:920",
    "C:\\Python313\\Lib\\threading.py:502",
    "C:\\Python313\\Lib\\asyncio\\futures.py:375",
    "C:\\Python313\\Lib\\threading.py:511",
    "C:\\Python313\\Lib\\asyncio\\futures.py:384",
    "C:\\Python313\\Lib\\threading.py:282",
    "C:\\Users\\david.dashti\\AppData\\Roaming\\Python\\Python313\\site-packages\\pydicom\\dataset.py:841",
    "C:\\Python313\\Lib\\asyncio\\events.py:158",
    "C:\\Python313\\Lib\\asyncio\\base_events.py:884",
    "C:\\Users\\david.dashti\\AppData\\Roaming\\Python\\Python313\\site-packages\\pydicom\\dataset.py:850",
    "C:\\Python313\\Lib\\asyncio\\futures.py:402",
    "C:\\Users\\david.dashti\\AppData\\Roaming\\Python\\Python313\\site-packages\\pydicom\\filereader.py:923",
    "C:\\Users\\david.dashti\\AppData\\Roaming\\Python\\Python313\\site-packages\\pydicom\\filereader.py:267",
    "C:\\Python313\\Lib\\concurrent\\futures\\_base.py:334",
    "C:\\Users\\david.dashti\\AppData\\Roaming\\Python\\Python313\\site-packages\\pydicom\\filereader.py:114",
    "C:\\Python313\\Lib\\asyncio\\proactor_events.py:794",
    "C:\\Python313\\Lib\\asyncio\\events.py:41",
    "C:\\Users\\david.dashti\\AppData\\Roaming\\Python\\Python313\\site-packages\\pydicom\\filereader.py:123",
    "C:\\Python313\\Lib\\asyncio\\proactor_events.py:803",
    "C:\\Python313\\Lib\\asyncio\\windows_events.py:781",
    "C:\\Users\\david.dashti\\AppData\\Roaming\\Python\\Python313\\site-packages\\pydicom\\filereader.py:132",
    "C:\\Users\\david.dashti\\AppData\\Roaming\\Python\\Python313\\site-packages\\pydicom\\filereader.py:141",
    "C:\\Python313\\Lib\\threading.py:659",
    "C:\\Users\\david.dashti\\AppData\\Roaming\\Python\\Python313\\site-packages\\pydicom\\filereader.py:1044",
    "C:\\Python313\\Lib\\threading.py:897",
    "C:\\Python313\\Lib\\asyncio\\proactor_events.py:830",
    "C:\\Users\\david.dashti\\AppData\\Roaming\\Python\\Python313\\site-packages\\pydicom\\filereader.py:388",
    "C:\\Python313\\Lib\\asyncio\\timeouts.py:125",
    "C:\\Python313\\Lib\\concurrent\\futures\\_base.py:446",
    "C:\\Users\\david.dashti\\OneDrive - Hermes Medical Solutions AB\\Documents\\David - Main\\Personal\\Private\\Code - 2\\dicom-fuzzer\\dicom_fuzzer\\core\\coverage_guided_fuzzer.py:412",
    "C:\\Users\\david.dashti\\AppData\\Roaming\\Python\\Python313\\site-packages\\pydicom\\datadict.py:514",
    "C:\\Python313\\Lib\\threading.py:924",
    "C:\\Users\\david.dashti\\AppData\\Roaming\\Python\\Python313\\site-packages\\pydicom\\tag.py:241",
    "C:\\Python313\\Lib\\asyncio\\futures.py:370",
    "C:\\Python313\\Lib\\threading.py:506",
    "C:\\Python313\\Lib\\asyncio\\futures.py:379",
    "C:\\Python313\\Lib\\asyncio\\timeouts.py:161",
    "C:\\Python313\\Lib\\threading.py:515",
    "C:\\Python313\\Lib\\asyncio\\base_events.py:879",
    "C:\\Users\\david.dashti\\AppData\\Roaming\\Python\\Python313\\site-packages\\pydicom\\dataset.py:845",
    "C:\\Python313\\Lib\\asyncio\\base_events.py:888",
    "C:\\Python313\\Lib\\asyncio\\base_events.py:897",
    "C:\\Users\\david.dashti\\AppData\\Roaming\\Python\\Python313\\site-packages\\pydicom\\filereader.py:491",
    "C:\\Python313\\Lib\\asyncio\\base_events.py:2038",
    "C:\\Python313\\Lib\\threading.py:362",
    "C:\\Users\\david.dashti\\AppData\\Roaming\\Python\\Python313\\site-packages\\pydicom\\dataset.py:2678",
    "C:\\Python313\\Lib\\threading.py:371",
    "C:\\Python313\\Lib\\threading.py:1274",
    "C:\\Users\\david.dashti\\AppData\\Roaming\\Python\\Python313\\site-packages\\pydicom\\filereader.py:765",
    "C:\\Users\\david.dashti\\AppData\\Roaming\\Python\\Python313\\site-packages\\pydicom\\tag.py:124",
    "C:\\Users\\david.dashti\\AppData\\Roaming\\Python\\Python313\\site-packages\\pydicom\\filereader.py:109",
    "C:\\Users\\david.dashti\\AppData\\Roaming\\Python\\Python313\\site-packages\\pydicom\\dataset.py:2696",
    "C:\\Users\\david.dashti\\AppData\\Roaming\\Python\\Python313\\site-packages\\pydicom\\filereader.py:774",
    "C:\\Python313\\Lib\\concurrent\\futures\\thread.py:201",
    "C:\\Python313\\Lib\\asyncio\\windows_events.py:776",
    "C:\\Python313\\Lib\\asyncio\\events.py:45",
    "C:\\Users\\david.dashti\\AppData\\Roaming\\Python\\Python313\\site-packages\\pydicom\\filereader.py:127",
    "C:\\Python313\\Lib\\concurrent\\futures\\_base.py:423",
    "C:\\Python313\\Lib\\asyncio\\proactor_events.py:816",
    "C:\\Python313\\Lib\\asyncio\\threads.py:25",
    "C:\\Python313\\Lib\\asyncio\\proactor_events.py:825",
    "C:\\Python313\\Lib\\asyncio\\windows_events.py:803",
    "C:\\Python313\\Lib\\contextlib.py:146",
    "C:\\Python313\\Lib\\threading.py:910",
    "C:\\Python313\\Lib\\asyncio\\events.py:130",
    "C:\\Users\\david.dashti\\OneDrive - Hermes Medical Solutions AB\\Documents\\David - Main\\Personal\\Private\\Code - 2\\dicom-fuzzer\\dicom_fuzzer\\core\\coverage_guided_fuzzer.py:407",
    "C:\\Python313\\Lib\\asyncio\\base_events.py:856",
    "C:\\Python313\\Lib\\threading.py:501",
    "C:\\Python313\\Lib\\threading.py:510",
    "C:\\Users\\david.dashti\\AppData\\Roaming\\Python\\Python313\\site-packages\\pydicom\\dataset.py:840",
    "C:\\Users\\david.dashti\\AppData\\Roaming\\Python\\Python313\\site-packages\\pydicom\\filereader.py:239",
    "C:\\Python313\\Lib\\asyncio\\futures.py:392",
    "C:\\Users\\david.dashti\\AppData\\Roaming\\Python\\Python313\\site-packages\\pydicom\\dataset.py:422",
    "C:\\Python313\\Lib\\asyncio\\base_events.py:2033",
    "C:\\Users\\david.dashti\\AppData\\Roaming\\Python\\Python313\\site-packages\\pydicom\\filereader.py:504",
    "C:\\Python313\\Lib\\threading.py:357",
    "C:\\Python313\\Lib\\asyncio\\base_events.py:2051",
    "C:\\Python313\\Lib\\threading.py:366",
    "C:\\Users\\david.dashti\\AppData\\Roaming\\Python\\Python313\\site-packages\\pydicom\\dataset.py:2682",
    "C:\\Users\\david.dashti\\AppData\\Roaming\\Python\\Python313\\site-packages\\pydicom\\fileutil.py:443",
    "C:\\Python313\\Lib\\concurrent\\futures\\thread.py:196",
    "C:\\Python313\\Lib\\asyncio\\proactor_events.py:793",
    "C:\\Python313\\Lib\\asyncio\\windows_events.py:771",
    "C:\\Python313\\Lib\\concurrent\\futures\\thread.py:205",
    "C:\\Python313\\Lib\\asyncio\\windows_events.py:780",
    "C:\\Python313\\Lib\\asyncio\\timeouts.py:106",
    "C:\\Python313\\Lib\\threading.py:896",
    "C:\\Python313\\Lib\\asyncio\\base_events.py:833",
    "C:\\Python313\\Lib\\concurrent\\futures\\_base.py:445",
    "C:\\Python313\\Lib\\asyncio\\futures.py:351",
    "C:\\Users\\david.dashti\\AppData\\Roaming\\Python\\Python313\\site-packages\\pydicom\\filereader.py:207",
    "C:\\Users\\david.dashti\\OneDrive - Hermes Medical Solutions AB\\Documents\\David - Main\\Personal\\Private\\Code - 2\\dicom-fuzzer\\dicom_fuzzer\\core\\coverage_guided_fuzzer.py:411",
    "C:\\Python313\\Lib\\threading.py:496",
    "C:\\Python313\\Lib\\threading.py:1161",
    "C:\\Python313\\Lib\\asyncio\\futures.py:369",
    "C:\\Python313\\Lib\\threading.py:505",
    "C:\\Python313\\Lib\\asyncio\\futures.py:378",
    "C:\\Users\\david.dashti\\AppData\\Roaming\\Python\\Python313\\site-packages\\pydicom\\filereader.py:472",
    "C:\\Users\\david.dashti\\AppData\\Roaming\\Python\\Python313\\site-packages\\pydicom\\tag.py:69",
    "C:\\Python313\\Lib\\asyncio\\base_events.py:2019",
    "C:\\Users\\david.dashti\\AppData\\Roaming\\Python\\Python313\\site-packages\\pydicom\\dataset.py:3553",
    "C:\\Python313\\Lib\\threading.py:352",
    "C:\\Users\\david.dashti\\AppData\\Roaming\\Python\\Python313\\site-packages\\pydicom\\dataset.py:3571",
    "C:\\Users\\david.dashti\\AppData\\Roaming\\Python\\Python313\\site-packages\\pydicom\\dataset.py:2677",
    "C:\\Users\\david.dashti\\AppData\\Roaming\\Python\\Python313\\site-packages\\pydicom\\dataset.py:3580"
  ],
  "history_size": 10
}
